# 
# Steps log generated by v++
# This log file contains a collection of steps that describe the kernel compilation flow
# Note: Some steps are tagged as internal, these steps are for debugging purposes and 
#       are not expected to be able to run independently.
# 

# The following environment variables are set when running v++
Environment variables :
------------------------------------------
SHELL=/bin/bash
COLORTERM=truecolor
TERM_PROGRAM_VERSION=1.90.2
RDI_APPROOT=/home/xilinx/software/Vitis/2022.2
PLATFORM=xilinx_vck5000_gen4x8_qdma_2_202220_1
RDI_JAVA_PLATFORM=
LANGUAGE=en_US:en
MAKE_TERMOUT=/dev/pts/135
XIL_SUPPRESS_OVERRIDE_WARNINGS=1
RDI_BINROOT=/home/xilinx/software/Vitis/2022.2/bin
LC_ADDRESS=hr_HR.UTF-8
XILINX_VIVADO=/home/xilinx/software/Vivado/2022.2
LC_NAME=hr_HR.UTF-8
RDI_OPT_EXT=.o
RDI_INSTALLVER=2022.2
RDI_INSTALLROOT=/home/xilinx/software
RDI_PATCHROOT=
LC_MONETARY=hr_HR.UTF-8
XILINX_XRT=/opt/xilinx/xrt
XIL_NO_OVERRIDE=0
RDI_LIBDIR=/home/xilinx/software/Vitis/2022.2/lib/lnx64.o/Ubuntu/20:/home/xilinx/software/Vitis/2022.2/lib/lnx64.o/Ubuntu:/home/xilinx/software/Vitis/2022.2/lib/lnx64.o
PWD=/home/users/edoardo.dalessio/code/av_omega/VersalAutomationTemplate/data_movers
LOGNAME=edoardo.dalessio
XDG_SESSION_TYPE=tty
_RDI_DONT_SET_XILINX_AS_PATH=True
MAKEOVERRIDES=${-*-command-variables-*-}
VSCODE_GIT_ASKPASS_NODE=/home/users/edoardo.dalessio/.vscode-server/cli/servers/Stable-5437499feb04f7a586f677b155b039bc2b3669eb/server/node
RDI_PREPEND_PATH=/home/xilinx/software/Vitis/2022.2/bin
XILINX_DSP=
MOTD_SHOWN=pam
HOME=/home/users/edoardo.dalessio
SYNTH_COMMON=/home/xilinx/software/Vitis/2022.2/scripts/rt/data
LC_PAPER=hr_HR.UTF-8
LANG=en_US.UTF-8
PLATFORM_REPO_PATHS=/opt/xilinx/platforms/
SSL_CERT_DIR=/usr/lib/ssl/certs
XILINX_HLS=/home/xilinx/software/Vitis_HLS/2022.2
GIT_ASKPASS=/home/users/edoardo.dalessio/.vscode-server/cli/servers/Stable-5437499feb04f7a586f677b155b039bc2b3669eb/server/extensions/git/dist/askpass.sh
HDI_PROCESSOR=x86_64
RDI_BUILD=yes
XILINXD_LICENSE_FILE=/home/xilinx/license/
RDI_PROG=/home/xilinx/software/Vitis/2022.2/bin/unwrapped/lnx64.o/v++
SSH_CONNECTION=10.79.250.16 58562 10.79.6.83 22
RT_TCL_PATH=/home/xilinx/software/Vitis/2022.2/scripts/rt/base_tcl/tcl
MFLAGS=-w
XILINX_SDK=/home/xilinx/software/Vitis/2022.2
VSCODE_GIT_ASKPASS_EXTRA_ARGS=
XDG_SESSION_CLASS=user
MAKEFLAGS=w -- PLATFORM=xilinx_vck5000_gen4x8_qdma_2_202220_1 TARGET=hw
PYTHONPATH=/opt/xilinx/xrt/python:/opt/xilinx/xrt/python
LC_IDENTIFICATION=hr_HR.UTF-8
TERM=xterm-256color
USER=edoardo.dalessio
MAKE_TERMERR=/dev/pts/135
XILINX_PLANAHEAD=/home/xilinx/software/Vitis/2022.2
VSCODE_GIT_IPC_HANDLE=/run/user/1155/vscode-git-98cefe3c51.sock
RDI_BASEROOT=/home/xilinx/software/Vitis
RDI_TPS_ROOT=/home/xilinx/software/Vivado/2022.2/tps/lnx64
RDI_JAVA_VERSION=11.0.11_9
RDI_DATADIR=/home/xilinx/software/Vitis/2022.2/data
SHLVL=3
MAKELEVEL=2
LC_TELEPHONE=hr_HR.UTF-8
LC_MEASUREMENT=hr_HR.UTF-8
XILINX_VIVADO_HLS=/home/xilinx/software/Vivado/2022.2
XIL_CHECK_TCL_DEBUG=False
XDG_SESSION_ID=1203
LD_LIBRARY_PATH=/home/xilinx/software/Vitis/2022.2/tps/lnx64/java-cef-95.0.4638.69/bin/lib/linux64:/home/xilinx/software/Vitis/2022.2/lib/lnx64.o/Ubuntu/20:/home/xilinx/software/Vitis/2022.2/lib/lnx64.o/Ubuntu:/home/xilinx/software/Vitis/2022.2/lib/lnx64.o:/home/xilinx/software/Vitis/2022.2/tps/lnx64/jre11.0.11_9/lib/:/home/xilinx/software/Vitis/2022.2/tps/lnx64/jre11.0.11_9/lib//server:/home/xilinx/software/Vitis/2022.2/lib/lnx64.o/Ubuntu/20:/home/xilinx/software/Vitis/2022.2/lib/lnx64.o/Ubuntu:/home/xilinx/software/Vitis/2022.2/lib/lnx64.o:/opt/xilinx/xrt/lib:/opt/xilinx/xrt/lib:/home/xilinx/software/Vitis/2022.2/bin/../lnx64/tools/dot/lib
HDIPRELDPATH=/home/xilinx/software/Vitis/2022.2/lib/lnx64.o/Ubuntu/20:/home/xilinx/software/Vitis/2022.2/lib/lnx64.o/Ubuntu:/home/xilinx/software/Vitis/2022.2/lib/lnx64.o:/opt/xilinx/xrt/lib:/opt/xilinx/xrt/lib:/home/xilinx/software/Vitis/2022.2/bin/../lnx64/tools/dot/lib
XDG_RUNTIME_DIR=/run/user/1155
SSL_CERT_FILE=/usr/lib/ssl/certs/ca-certificates.crt
SSH_CLIENT=10.79.250.16 58562 22
LC_TIME=hr_HR.UTF-8
TCL_LIBRARY=/home/xilinx/software/Vitis/2022.2/tps/tcl/tcl8.5
LC_ALL=en_US.UTF-8
VSCODE_GIT_ASKPASS_MAIN=/home/users/edoardo.dalessio/.vscode-server/cli/servers/Stable-5437499feb04f7a586f677b155b039bc2b3669eb/server/extensions/git/dist/askpass-main.js
XDG_DATA_DIRS=/usr/local/share:/usr/share:/var/lib/snapd/desktop
BROWSER=/home/users/edoardo.dalessio/.vscode-server/cli/servers/Stable-5437499feb04f7a586f677b155b039bc2b3669eb/server/bin/helpers/browser.sh
PATH=/home/xilinx/software/Vivado/2022.2/tps/lnx64/binutils-2.26/bin:/home/xilinx/software/Vitis/2022.2/bin/../gnu/aarch64/lin/aarch64-linux/bin:/home/xilinx/software/Vitis/2022.2/bin/../gnu/ppc64le/4.9.3/lnx64/bin:/home/xilinx/software/Vitis/2022.2/bin/../gnu/aarch32/lin/gcc-arm-linux-gnueabi/bin:/home/xilinx/software/Vivado/2022.2/tps/lnx64/gcc-8.3.0/bin:/home/xilinx/software/Vivado/2022.2/gnu/microblaze/lin/bin:/home/xilinx/software/Vitis/2022.2/bin:/home/xilinx/software/Vitis/2022.2/tps/lnx64/jre11.0.11_9/bin:/home/xilinx/software/Vivado/2022.2/bin:/opt/xilinx/xrt/bin:/home/xilinx/software/Vitis_HLS/2022.2/bin:/home/xilinx/software/Vitis/2022.2/gnu/microblaze/lin/bin:/home/xilinx/software/Vitis/2022.2/gnu/arm/lin/bin:/home/xilinx/software/Vitis/2022.2/gnu/microblaze/linux_toolchain/lin64_le/bin:/home/xilinx/software/Vitis/2022.2/gnu/aarch32/lin/gcc-arm-linux-gnueabi/bin:/home/xilinx/software/Vitis/2022.2/gnu/aarch32/lin/gcc-arm-none-eabi/bin:/home/xilinx/software/Vitis/2022.2/gnu/aarch64/lin/aarch64-linux/bin:/home/xilinx/software/Vitis/2022.2/gnu/aarch64/lin/aarch64-none/bin:/home/xilinx/software/Vitis/2022.2/gnu/armr5/lin/gcc-arm-none-eabi/bin:/home/xilinx/software/Vitis/2022.2/tps/lnx64/cmake-3.3.2/bin:/home/xilinx/software/Vitis/2022.2/aietools/bin:/home/xilinx/software/DocNav:/home/users/edoardo.dalessio/.vscode-server/cli/servers/Stable-5437499feb04f7a586f677b155b039bc2b3669eb/server/bin/remote-cli:/usr/local/sbin:/usr/local/bin:/usr/sbin:/usr/bin:/sbin:/bin:/usr/games:/usr/local/games:/snap/bin
RT_LIBPATH=/home/xilinx/software/Vitis/2022.2/scripts/rt/data
HDI_APPROOT=/home/xilinx/software/Vitis/2022.2
DBUS_SESSION_BUS_ADDRESS=unix:path=/run/user/1155/bus
RDI_PLATFORM=lnx64
MYVIVADO=
ISL_IOSTREAMS_RSA=/home/xilinx/software/Vitis/2022.2/tps/isl
LC_NUMERIC=hr_HR.UTF-8
XILINX_VITIS=/home/xilinx/software/Vitis/2022.2
OLDPWD=/home/xilinx/software/Vitis/2022.2/bin
TARGET=hw
TERM_PROGRAM=vscode
VSCODE_IPC_HOOK_CLI=/run/user/1155/vscode-ipc-80a8a2bf-1d11-41d7-a03e-3a2415799b00.sock
_=/home/xilinx/software/Vitis/2022.2/bin/unwrapped/lnx64.o/v++
XILINX_CD_CONNECT_ID=37331
XILINX_CD_SESSION=089d8c68-9be3-4361-9c8e-eaac64c42e35


V++ command line:
------------------------------------------
/home/xilinx/software/Vitis/2022.2/bin/unwrapped/lnx64.o/v++ --platform xilinx_vck5000_gen4x8_qdma_2_202220_1 -t hw -s -g --kernel setup_aie -c -o setup_aie_hw.xo setup_aie.cpp 

FINAL PROGRAM OPTIONS
--compile
--debug
--input_files setup_aie.cpp
--kernel setup_aie
--optimize 0
--output setup_aie_hw.xo
--platform xilinx_vck5000_gen4x8_qdma_2_202220_1
--report_level 0
--save-temps
--target hw

PARSED COMMAND LINE OPTIONS
--platform xilinx_vck5000_gen4x8_qdma_2_202220_1 
-t hw 
-s 
-g 
--kernel setup_aie 
-c 
-o setup_aie_hw.xo 
setup_aie.cpp 

EXPANDED PARAMETERS
From application of optMap.xml: 
 --vivado.prop "run.__KERNEL__.{STEPS.SYNTH_DESIGN.ARGS.MORE OPTIONS}={-directive sdx_optimization_effort_high}" --advanced.misc "report=type report_timing_summary name impl_report_timing_summary_route_design_summary steps {route_design} runs {impl_1} options {-max_paths 10}" --advanced.misc "report=type report_timing_summary name impl_report_timing_summary_post_route_phys_opt_design_summary steps {post_route_phys_opt_design} runs {impl_1} options {-max_paths 10}"


FINAL PLATFORM PATH
/opt/xilinx/platforms/xilinx_vck5000_gen4x8_qdma_2_202220_1/xilinx_vck5000_gen4x8_qdma_2_202220_1.xpfm

==========================================
new:  steps log generated by v++ for new launch 
timestamp: 30 Jun 2024 17:13:39
------------------------------------------
step: performing high-level synthesis for kernel:setup_aie
timestamp: 30 Jun 2024 17:17:02
launch dir: /home/users/edoardo.dalessio/code/av_omega/VersalAutomationTemplate/data_movers/_x/setup_aie_hw/setup_aie
cmd: vitis_hls -f /home/users/edoardo.dalessio/code/av_omega/VersalAutomationTemplate/data_movers/_x/setup_aie_hw/setup_aie/setup_aie.tcl -messageDb vitis_hls.pb
V++ internal step status: success
------------------------------------------
V++ internal step: generating system estimate report file
timestamp: 30 Jun 2024 17:17:02
output: /home/users/edoardo.dalessio/code/av_omega/VersalAutomationTemplate/data_movers/_x/reports/setup_aie_hw/system_estimate_setup_aie_hw.xtxt
V++ internal step status: success
------------------------------------------
system estimate report task completed
timestamp: 30 Jun 2024 17:17:02
