

================================================================
== Vitis HLS Report for 'setup_aie'
================================================================
* Date:           Sun Jun 30 17:16:09 2024

* Version:        2022.2.2 (Build 3779808 on Feb 17 2023)
* Project:        setup_aie
* Solution:       solution (Vitis Kernel Flow Target)
* Product family: versal
* Target device:  xcvc1902-vsvd1760-2MP-e-S


================================================================
== Performance Estimates
================================================================
+ Timing: 
    * Summary: 
    +--------+---------+----------+------------+
    |  Clock |  Target | Estimated| Uncertainty|
    +--------+---------+----------+------------+
    |ap_clk  |  3.33 ns|  2.433 ns|     0.90 ns|
    +--------+---------+----------+------------+

+ Latency: 
    * Summary: 
    +---------+---------+----------+----------+-----+-----+---------+
    |  Latency (cycles) |  Latency (absolute) |  Interval | Pipeline|
    |   min   |   max   |    min   |    max   | min | max |   Type  |
    +---------+---------+----------+----------+-----+-----+---------+
    |       81|       99|  0.270 us|  0.330 us|   82|  100|       no|
    +---------+---------+----------+----------+-----+-----+---------+

    + Detail: 
        * Instance: 
        +-----------------------------------------------+------------------------------------+---------+---------+-----------+-----------+-----+-----+---------+
        |                                               |                                    |  Latency (cycles) |   Latency (absolute)  |  Interval | Pipeline|
        |                    Instance                   |               Module               |   min   |   max   |    min    |    max    | min | max |   Type  |
        +-----------------------------------------------+------------------------------------+---------+---------+-----------+-----------+-----+-----+---------+
        |grp_setup_aie_Pipeline_VITIS_LOOP_48_1_fu_111  |setup_aie_Pipeline_VITIS_LOOP_48_1  |        6|       24|  19.998 ns|  79.992 ns|    6|   24|       no|
        +-----------------------------------------------+------------------------------------+---------+---------+-----------+-----------+-----+-----+---------+

        * Loop: 
        N/A



================================================================
== Utilization Estimates
================================================================
* Summary: 
+-----------------+---------+------+---------+--------+-----+
|       Name      | BRAM_18K|  DSP |    FF   |   LUT  | URAM|
+-----------------+---------+------+---------+--------+-----+
|DSP              |        -|     -|        -|       -|    -|
|Expression       |        -|     -|        0|      26|    -|
|FIFO             |        -|     -|        -|       -|    -|
|Instance         |        0|     -|     8893|   15836|    0|
|Memory           |        -|     -|        -|       -|    -|
|Multiplexer      |        -|     -|        -|     224|    -|
|Register         |        -|     -|      274|       -|    -|
+-----------------+---------+------+---------+--------+-----+
|Total            |        0|     0|     9167|   16086|    0|
+-----------------+---------+------+---------+--------+-----+
|Available        |     1934|  1968|  1799680|  899840|  463|
+-----------------+---------+------+---------+--------+-----+
|Utilization (%)  |        0|     0|       ~0|       1|    0|
+-----------------+---------+------+---------+--------+-----+

+ Detail: 
    * Instance: 
    +-----------------------------------------------+------------------------------------+---------+----+------+-------+-----+
    |                    Instance                   |               Module               | BRAM_18K| DSP|  FF  |  LUT  | URAM|
    +-----------------------------------------------+------------------------------------+---------+----+------+-------+-----+
    |control_s_axi_U                                |control_s_axi                       |        0|   0|   144|    232|    0|
    |gmem0_m_axi_U                                  |gmem0_m_axi                         |        0|   0|  8741|  15569|    0|
    |grp_setup_aie_Pipeline_VITIS_LOOP_48_1_fu_111  |setup_aie_Pipeline_VITIS_LOOP_48_1  |        0|   0|     8|     35|    0|
    +-----------------------------------------------+------------------------------------+---------+----+------+-------+-----+
    |Total                                          |                                    |        0|   0|  8893|  15836|    0|
    +-----------------------------------------------+------------------------------------+---------+----+------+-------+-----+

    * DSP: 
    N/A

    * Memory: 
    N/A

    * FIFO: 
    N/A

    * Expression: 
    +--------------------------------------------------------+----------+----+---+----+------------+------------+
    |                      Variable Name                     | Operation| DSP| FF| LUT| Bitwidth P0| Bitwidth P1|
    +--------------------------------------------------------+----------+----+---+----+------------+------------+
    |add_ln48_fu_167_p2                                      |         +|   0|  0|   5|           4|           3|
    |ap_ext_blocking_cur_n                                   |       and|   0|  0|   2|           1|           1|
    |ap_ext_blocking_n                                       |       and|   0|  0|   2|           1|           1|
    |ap_int_blocking_n                                       |       and|   0|  0|   2|           1|           2|
    |ap_str_blocking_cur_n                                   |       and|   0|  0|   2|           1|           0|
    |ap_str_blocking_n                                       |       and|   0|  0|   2|           1|           1|
    |grp_setup_aie_Pipeline_VITIS_LOOP_48_1_fu_111_s_TREADY  |       and|   0|  0|   2|           1|           1|
    |ap_block_state1                                         |        or|   0|  0|   2|           1|           1|
    |ap_block_state72                                        |        or|   0|  0|   2|           1|           1|
    |select_ln48_fu_185_p3                                   |    select|   0|  0|   5|           1|           5|
    +--------------------------------------------------------+----------+----+---+----+------------+------------+
    |Total                                                   |          |   0|  0|  26|          13|          16|
    +--------------------------------------------------------+----------+----+---+----+------------+------------+

    * Multiplexer: 
    +-----------------------+-----+-----------+-----+-----------+
    |          Name         | LUT | Input Size| Bits| Total Bits|
    +-----------------------+-----+-----------+-----+-----------+
    |ap_NS_fsm              |   86|         77|    1|         77|
    |ap_done                |    2|          2|    1|          2|
    |gmem0_blk_n_AR         |    2|          2|    1|          2|
    |gmem0_blk_n_R          |    2|          2|    1|          2|
    |s_TDATA_blk_n          |    2|          2|    1|          2|
    |s_TDATA_int_regslice   |  128|          3|  128|        384|
    |s_TVALID_int_regslice  |    2|          3|    1|          3|
    +-----------------------+-----+-----------+-----+-----------+
    |Total                  |  224|         91|  134|        472|
    +-----------------------+-----+-----------+-----+-----------+

    * Register: 
    +------------------------------------------------------------+-----+----+-----+-----------+
    |                            Name                            |  FF | LUT| Bits| Const Bits|
    +------------------------------------------------------------+-----+----+-----+-----------+
    |ap_CS_fsm                                                   |   76|   0|   76|          0|
    |ap_done_reg                                                 |    1|   0|    1|          0|
    |ap_ext_blocking_n_reg                                       |    1|   0|    1|          0|
    |ap_int_blocking_n_reg                                       |    1|   0|    1|          0|
    |ap_rst_n_inv                                                |    1|   0|    1|          0|
    |ap_rst_reg_1                                                |    1|   0|    1|          0|
    |ap_rst_reg_2                                                |    1|   0|    1|          0|
    |ap_str_blocking_n_reg                                       |    1|   0|    1|          0|
    |grp_setup_aie_Pipeline_VITIS_LOOP_48_1_fu_111_ap_start_reg  |    1|   0|    1|          0|
    |select_ln48_reg_220                                         |    3|   0|    5|          2|
    |tmp_V_reg_204                                               |  128|   0|  128|          0|
    |tmp_reg_210                                                 |    1|   0|    1|          0|
    |trunc_ln48_reg_215                                          |    1|   0|    1|          0|
    |trunc_ln_reg_193                                            |   57|   0|   57|          0|
    +------------------------------------------------------------+-----+----+-----+-----------+
    |Total                                                       |  274|   0|  276|          2|
    +------------------------------------------------------------+-----+----+-----+-----------+



================================================================
== Interface
================================================================
* Summary: 
+-----------------------+-----+------+---------------+--------------+--------------+
|       RTL Ports       | Dir | Bits |    Protocol   | Source Object|    C Type    |
+-----------------------+-----+------+---------------+--------------+--------------+
|s_axi_control_AWVALID  |   in|     1|          s_axi|       control|        scalar|
|s_axi_control_AWREADY  |  out|     1|          s_axi|       control|        scalar|
|s_axi_control_AWADDR   |   in|     6|          s_axi|       control|        scalar|
|s_axi_control_WVALID   |   in|     1|          s_axi|       control|        scalar|
|s_axi_control_WREADY   |  out|     1|          s_axi|       control|        scalar|
|s_axi_control_WDATA    |   in|    32|          s_axi|       control|        scalar|
|s_axi_control_WSTRB    |   in|     4|          s_axi|       control|        scalar|
|s_axi_control_ARVALID  |   in|     1|          s_axi|       control|        scalar|
|s_axi_control_ARREADY  |  out|     1|          s_axi|       control|        scalar|
|s_axi_control_ARADDR   |   in|     6|          s_axi|       control|        scalar|
|s_axi_control_RVALID   |  out|     1|          s_axi|       control|        scalar|
|s_axi_control_RREADY   |   in|     1|          s_axi|       control|        scalar|
|s_axi_control_RDATA    |  out|    32|          s_axi|       control|        scalar|
|s_axi_control_RRESP    |  out|     2|          s_axi|       control|        scalar|
|s_axi_control_BVALID   |  out|     1|          s_axi|       control|        scalar|
|s_axi_control_BREADY   |   in|     1|          s_axi|       control|        scalar|
|s_axi_control_BRESP    |  out|     2|          s_axi|       control|        scalar|
|ap_clk                 |   in|     1|  ap_ctrl_chain|     setup_aie|  return value|
|ap_rst_n               |   in|     1|  ap_ctrl_chain|     setup_aie|  return value|
|event_done             |  out|     1|  ap_ctrl_chain|     setup_aie|  return value|
|interrupt              |  out|     1|  ap_ctrl_chain|     setup_aie|  return value|
|event_start            |  out|     1|  ap_ctrl_chain|     setup_aie|  return value|
|stall_start_ext        |  out|     1|  ap_ctrl_chain|     setup_aie|  return value|
|stall_done_ext         |  out|     1|  ap_ctrl_chain|     setup_aie|  return value|
|stall_start_str        |  out|     1|  ap_ctrl_chain|     setup_aie|  return value|
|stall_done_str         |  out|     1|  ap_ctrl_chain|     setup_aie|  return value|
|stall_start_int        |  out|     1|  ap_ctrl_chain|     setup_aie|  return value|
|stall_done_int         |  out|     1|  ap_ctrl_chain|     setup_aie|  return value|
|m_axi_gmem0_AWVALID    |  out|     1|          m_axi|         gmem0|       pointer|
|m_axi_gmem0_AWREADY    |   in|     1|          m_axi|         gmem0|       pointer|
|m_axi_gmem0_AWADDR     |  out|    64|          m_axi|         gmem0|       pointer|
|m_axi_gmem0_AWID       |  out|     1|          m_axi|         gmem0|       pointer|
|m_axi_gmem0_AWLEN      |  out|     8|          m_axi|         gmem0|       pointer|
|m_axi_gmem0_AWSIZE     |  out|     3|          m_axi|         gmem0|       pointer|
|m_axi_gmem0_AWBURST    |  out|     2|          m_axi|         gmem0|       pointer|
|m_axi_gmem0_AWLOCK     |  out|     2|          m_axi|         gmem0|       pointer|
|m_axi_gmem0_AWCACHE    |  out|     4|          m_axi|         gmem0|       pointer|
|m_axi_gmem0_AWPROT     |  out|     3|          m_axi|         gmem0|       pointer|
|m_axi_gmem0_AWQOS      |  out|     4|          m_axi|         gmem0|       pointer|
|m_axi_gmem0_AWREGION   |  out|     4|          m_axi|         gmem0|       pointer|
|m_axi_gmem0_AWUSER     |  out|     1|          m_axi|         gmem0|       pointer|
|m_axi_gmem0_WVALID     |  out|     1|          m_axi|         gmem0|       pointer|
|m_axi_gmem0_WREADY     |   in|     1|          m_axi|         gmem0|       pointer|
|m_axi_gmem0_WDATA      |  out|  1024|          m_axi|         gmem0|       pointer|
|m_axi_gmem0_WSTRB      |  out|   128|          m_axi|         gmem0|       pointer|
|m_axi_gmem0_WLAST      |  out|     1|          m_axi|         gmem0|       pointer|
|m_axi_gmem0_WID        |  out|     1|          m_axi|         gmem0|       pointer|
|m_axi_gmem0_WUSER      |  out|     1|          m_axi|         gmem0|       pointer|
|m_axi_gmem0_ARVALID    |  out|     1|          m_axi|         gmem0|       pointer|
|m_axi_gmem0_ARREADY    |   in|     1|          m_axi|         gmem0|       pointer|
|m_axi_gmem0_ARADDR     |  out|    64|          m_axi|         gmem0|       pointer|
|m_axi_gmem0_ARID       |  out|     1|          m_axi|         gmem0|       pointer|
|m_axi_gmem0_ARLEN      |  out|     8|          m_axi|         gmem0|       pointer|
|m_axi_gmem0_ARSIZE     |  out|     3|          m_axi|         gmem0|       pointer|
|m_axi_gmem0_ARBURST    |  out|     2|          m_axi|         gmem0|       pointer|
|m_axi_gmem0_ARLOCK     |  out|     2|          m_axi|         gmem0|       pointer|
|m_axi_gmem0_ARCACHE    |  out|     4|          m_axi|         gmem0|       pointer|
|m_axi_gmem0_ARPROT     |  out|     3|          m_axi|         gmem0|       pointer|
|m_axi_gmem0_ARQOS      |  out|     4|          m_axi|         gmem0|       pointer|
|m_axi_gmem0_ARREGION   |  out|     4|          m_axi|         gmem0|       pointer|
|m_axi_gmem0_ARUSER     |  out|     1|          m_axi|         gmem0|       pointer|
|m_axi_gmem0_RVALID     |   in|     1|          m_axi|         gmem0|       pointer|
|m_axi_gmem0_RREADY     |  out|     1|          m_axi|         gmem0|       pointer|
|m_axi_gmem0_RDATA      |   in|  1024|          m_axi|         gmem0|       pointer|
|m_axi_gmem0_RLAST      |   in|     1|          m_axi|         gmem0|       pointer|
|m_axi_gmem0_RID        |   in|     1|          m_axi|         gmem0|       pointer|
|m_axi_gmem0_RUSER      |   in|     1|          m_axi|         gmem0|       pointer|
|m_axi_gmem0_RRESP      |   in|     2|          m_axi|         gmem0|       pointer|
|m_axi_gmem0_BVALID     |   in|     1|          m_axi|         gmem0|       pointer|
|m_axi_gmem0_BREADY     |  out|     1|          m_axi|         gmem0|       pointer|
|m_axi_gmem0_BRESP      |   in|     2|          m_axi|         gmem0|       pointer|
|m_axi_gmem0_BID        |   in|     1|          m_axi|         gmem0|       pointer|
|m_axi_gmem0_BUSER      |   in|     1|          m_axi|         gmem0|       pointer|
|s_TDATA                |  out|   128|           axis|             s|       pointer|
|s_TVALID               |  out|     1|           axis|             s|       pointer|
|s_TREADY               |   in|     1|           axis|             s|       pointer|
+-----------------------+-----+------+---------------+--------------+--------------+

============================================================
+ Verbose Summary: Synthesis Manager
============================================================
InlineROM: 1
ExposeGlobal: 0
============================================================
+ Verbose Summary: CDFG Model
============================================================
IsTopModel: 1
ResetActiveHigh: 1
IsCombinational: 2
IsDatapathOnly: 2
HasWiredReturn: 1
HasMFsm: 0
HasVarLatency: 1
IsPipeline: 0
IsRtlPipelined: 0
IsInstanceOverlapped: 0
IsDontTouch: 0
HasImplIP: 0
IsGatedGlobalClock: 0


============================================================
+ Verbose Summary: Schedule
============================================================
* Number of FSM states : 76
* Pipeline : 0
* Dataflow Pipeline: 0

* FSM state transitions: 
1 --> 2 
2 --> 3 
3 --> 4 
4 --> 5 
5 --> 6 
6 --> 7 
7 --> 8 
8 --> 9 
9 --> 10 
10 --> 11 
11 --> 12 
12 --> 13 
13 --> 14 
14 --> 15 
15 --> 16 
16 --> 17 
17 --> 18 
18 --> 19 
19 --> 20 
20 --> 21 
21 --> 22 
22 --> 23 
23 --> 24 
24 --> 25 
25 --> 26 
26 --> 27 
27 --> 28 
28 --> 29 
29 --> 30 
30 --> 31 
31 --> 32 
32 --> 33 
33 --> 34 
34 --> 35 
35 --> 36 
36 --> 37 
37 --> 38 
38 --> 39 
39 --> 40 
40 --> 41 
41 --> 42 
42 --> 43 
43 --> 44 
44 --> 45 
45 --> 46 
46 --> 47 
47 --> 48 
48 --> 49 
49 --> 50 
50 --> 51 
51 --> 52 
52 --> 53 
53 --> 54 
54 --> 55 
55 --> 56 
56 --> 57 
57 --> 58 
58 --> 59 
59 --> 60 
60 --> 61 
61 --> 62 
62 --> 63 
63 --> 64 
64 --> 65 
65 --> 66 
66 --> 67 
67 --> 68 
68 --> 69 
69 --> 70 
70 --> 71 
71 --> 72 
72 --> 73 
73 --> 74 
74 --> 75 
75 --> 76 
76 --> 

* FSM state operations: 

State 1 <SV = 0> <Delay = 1.00>
ST_1 : Operation 77 [1/1] (1.00ns)   --->   "%input_r_read = read i64 @_ssdm_op_Read.s_axilite.i64, i64 %input_r"   --->   Operation 77 'read' 'input_r_read' <Predicate = true> <Delay = 1.00> <CoreInst = "s_axilite">   --->   Core 126 's_axilite' <Latency = 0> <II = 1> <Delay = 1.00> <Adapter> <Opcode : 'read' 'write'>
ST_1 : Operation 78 [1/1] (0.00ns)   --->   "%trunc_ln = partselect i57 @_ssdm_op_PartSelect.i57.i64.i32.i32, i64 %input_r_read, i32 7, i32 63"   --->   Operation 78 'partselect' 'trunc_ln' <Predicate = true> <Delay = 0.00>

State 2 <SV = 1> <Delay = 2.43>
ST_2 : Operation 79 [1/1] (0.00ns)   --->   "%sext_ln416 = sext i57 %trunc_ln"   --->   Operation 79 'sext' 'sext_ln416' <Predicate = true> <Delay = 0.00>
ST_2 : Operation 80 [1/1] (0.00ns)   --->   "%gmem0_addr = getelementptr i1024 %gmem0, i64 %sext_ln416"   --->   Operation 80 'getelementptr' 'gmem0_addr' <Predicate = true> <Delay = 0.00>
ST_2 : Operation 81 [70/70] (2.43ns)   --->   "%ret_req = readreq i1 @_ssdm_op_ReadReq.m_axi.i1024P1A, i64 %gmem0_addr, i32 1"   --->   Operation 81 'readreq' 'ret_req' <Predicate = true> <Delay = 2.43> <CoreInst = "m_axi">   --->   Core 125 'm_axi' <Latency = 0> <II = 1> <Delay = 1.00> <Adapter> <Opcode : 'read' 'write' 'readreq' 'writereq' 'writeresp'>

State 3 <SV = 2> <Delay = 2.43>
ST_3 : Operation 82 [69/70] (2.43ns)   --->   "%ret_req = readreq i1 @_ssdm_op_ReadReq.m_axi.i1024P1A, i64 %gmem0_addr, i32 1"   --->   Operation 82 'readreq' 'ret_req' <Predicate = true> <Delay = 2.43> <CoreInst = "m_axi">   --->   Core 125 'm_axi' <Latency = 0> <II = 1> <Delay = 1.00> <Adapter> <Opcode : 'read' 'write' 'readreq' 'writereq' 'writeresp'>

State 4 <SV = 3> <Delay = 2.43>
ST_4 : Operation 83 [68/70] (2.43ns)   --->   "%ret_req = readreq i1 @_ssdm_op_ReadReq.m_axi.i1024P1A, i64 %gmem0_addr, i32 1"   --->   Operation 83 'readreq' 'ret_req' <Predicate = true> <Delay = 2.43> <CoreInst = "m_axi">   --->   Core 125 'm_axi' <Latency = 0> <II = 1> <Delay = 1.00> <Adapter> <Opcode : 'read' 'write' 'readreq' 'writereq' 'writeresp'>

State 5 <SV = 4> <Delay = 2.43>
ST_5 : Operation 84 [67/70] (2.43ns)   --->   "%ret_req = readreq i1 @_ssdm_op_ReadReq.m_axi.i1024P1A, i64 %gmem0_addr, i32 1"   --->   Operation 84 'readreq' 'ret_req' <Predicate = true> <Delay = 2.43> <CoreInst = "m_axi">   --->   Core 125 'm_axi' <Latency = 0> <II = 1> <Delay = 1.00> <Adapter> <Opcode : 'read' 'write' 'readreq' 'writereq' 'writeresp'>

State 6 <SV = 5> <Delay = 2.43>
ST_6 : Operation 85 [66/70] (2.43ns)   --->   "%ret_req = readreq i1 @_ssdm_op_ReadReq.m_axi.i1024P1A, i64 %gmem0_addr, i32 1"   --->   Operation 85 'readreq' 'ret_req' <Predicate = true> <Delay = 2.43> <CoreInst = "m_axi">   --->   Core 125 'm_axi' <Latency = 0> <II = 1> <Delay = 1.00> <Adapter> <Opcode : 'read' 'write' 'readreq' 'writereq' 'writeresp'>

State 7 <SV = 6> <Delay = 2.43>
ST_7 : Operation 86 [65/70] (2.43ns)   --->   "%ret_req = readreq i1 @_ssdm_op_ReadReq.m_axi.i1024P1A, i64 %gmem0_addr, i32 1"   --->   Operation 86 'readreq' 'ret_req' <Predicate = true> <Delay = 2.43> <CoreInst = "m_axi">   --->   Core 125 'm_axi' <Latency = 0> <II = 1> <Delay = 1.00> <Adapter> <Opcode : 'read' 'write' 'readreq' 'writereq' 'writeresp'>

State 8 <SV = 7> <Delay = 2.43>
ST_8 : Operation 87 [64/70] (2.43ns)   --->   "%ret_req = readreq i1 @_ssdm_op_ReadReq.m_axi.i1024P1A, i64 %gmem0_addr, i32 1"   --->   Operation 87 'readreq' 'ret_req' <Predicate = true> <Delay = 2.43> <CoreInst = "m_axi">   --->   Core 125 'm_axi' <Latency = 0> <II = 1> <Delay = 1.00> <Adapter> <Opcode : 'read' 'write' 'readreq' 'writereq' 'writeresp'>

State 9 <SV = 8> <Delay = 2.43>
ST_9 : Operation 88 [63/70] (2.43ns)   --->   "%ret_req = readreq i1 @_ssdm_op_ReadReq.m_axi.i1024P1A, i64 %gmem0_addr, i32 1"   --->   Operation 88 'readreq' 'ret_req' <Predicate = true> <Delay = 2.43> <CoreInst = "m_axi">   --->   Core 125 'm_axi' <Latency = 0> <II = 1> <Delay = 1.00> <Adapter> <Opcode : 'read' 'write' 'readreq' 'writereq' 'writeresp'>

State 10 <SV = 9> <Delay = 2.43>
ST_10 : Operation 89 [62/70] (2.43ns)   --->   "%ret_req = readreq i1 @_ssdm_op_ReadReq.m_axi.i1024P1A, i64 %gmem0_addr, i32 1"   --->   Operation 89 'readreq' 'ret_req' <Predicate = true> <Delay = 2.43> <CoreInst = "m_axi">   --->   Core 125 'm_axi' <Latency = 0> <II = 1> <Delay = 1.00> <Adapter> <Opcode : 'read' 'write' 'readreq' 'writereq' 'writeresp'>

State 11 <SV = 10> <Delay = 2.43>
ST_11 : Operation 90 [61/70] (2.43ns)   --->   "%ret_req = readreq i1 @_ssdm_op_ReadReq.m_axi.i1024P1A, i64 %gmem0_addr, i32 1"   --->   Operation 90 'readreq' 'ret_req' <Predicate = true> <Delay = 2.43> <CoreInst = "m_axi">   --->   Core 125 'm_axi' <Latency = 0> <II = 1> <Delay = 1.00> <Adapter> <Opcode : 'read' 'write' 'readreq' 'writereq' 'writeresp'>

State 12 <SV = 11> <Delay = 2.43>
ST_12 : Operation 91 [60/70] (2.43ns)   --->   "%ret_req = readreq i1 @_ssdm_op_ReadReq.m_axi.i1024P1A, i64 %gmem0_addr, i32 1"   --->   Operation 91 'readreq' 'ret_req' <Predicate = true> <Delay = 2.43> <CoreInst = "m_axi">   --->   Core 125 'm_axi' <Latency = 0> <II = 1> <Delay = 1.00> <Adapter> <Opcode : 'read' 'write' 'readreq' 'writereq' 'writeresp'>

State 13 <SV = 12> <Delay = 2.43>
ST_13 : Operation 92 [59/70] (2.43ns)   --->   "%ret_req = readreq i1 @_ssdm_op_ReadReq.m_axi.i1024P1A, i64 %gmem0_addr, i32 1"   --->   Operation 92 'readreq' 'ret_req' <Predicate = true> <Delay = 2.43> <CoreInst = "m_axi">   --->   Core 125 'm_axi' <Latency = 0> <II = 1> <Delay = 1.00> <Adapter> <Opcode : 'read' 'write' 'readreq' 'writereq' 'writeresp'>

State 14 <SV = 13> <Delay = 2.43>
ST_14 : Operation 93 [58/70] (2.43ns)   --->   "%ret_req = readreq i1 @_ssdm_op_ReadReq.m_axi.i1024P1A, i64 %gmem0_addr, i32 1"   --->   Operation 93 'readreq' 'ret_req' <Predicate = true> <Delay = 2.43> <CoreInst = "m_axi">   --->   Core 125 'm_axi' <Latency = 0> <II = 1> <Delay = 1.00> <Adapter> <Opcode : 'read' 'write' 'readreq' 'writereq' 'writeresp'>

State 15 <SV = 14> <Delay = 2.43>
ST_15 : Operation 94 [57/70] (2.43ns)   --->   "%ret_req = readreq i1 @_ssdm_op_ReadReq.m_axi.i1024P1A, i64 %gmem0_addr, i32 1"   --->   Operation 94 'readreq' 'ret_req' <Predicate = true> <Delay = 2.43> <CoreInst = "m_axi">   --->   Core 125 'm_axi' <Latency = 0> <II = 1> <Delay = 1.00> <Adapter> <Opcode : 'read' 'write' 'readreq' 'writereq' 'writeresp'>

State 16 <SV = 15> <Delay = 2.43>
ST_16 : Operation 95 [56/70] (2.43ns)   --->   "%ret_req = readreq i1 @_ssdm_op_ReadReq.m_axi.i1024P1A, i64 %gmem0_addr, i32 1"   --->   Operation 95 'readreq' 'ret_req' <Predicate = true> <Delay = 2.43> <CoreInst = "m_axi">   --->   Core 125 'm_axi' <Latency = 0> <II = 1> <Delay = 1.00> <Adapter> <Opcode : 'read' 'write' 'readreq' 'writereq' 'writeresp'>

State 17 <SV = 16> <Delay = 2.43>
ST_17 : Operation 96 [55/70] (2.43ns)   --->   "%ret_req = readreq i1 @_ssdm_op_ReadReq.m_axi.i1024P1A, i64 %gmem0_addr, i32 1"   --->   Operation 96 'readreq' 'ret_req' <Predicate = true> <Delay = 2.43> <CoreInst = "m_axi">   --->   Core 125 'm_axi' <Latency = 0> <II = 1> <Delay = 1.00> <Adapter> <Opcode : 'read' 'write' 'readreq' 'writereq' 'writeresp'>

State 18 <SV = 17> <Delay = 2.43>
ST_18 : Operation 97 [54/70] (2.43ns)   --->   "%ret_req = readreq i1 @_ssdm_op_ReadReq.m_axi.i1024P1A, i64 %gmem0_addr, i32 1"   --->   Operation 97 'readreq' 'ret_req' <Predicate = true> <Delay = 2.43> <CoreInst = "m_axi">   --->   Core 125 'm_axi' <Latency = 0> <II = 1> <Delay = 1.00> <Adapter> <Opcode : 'read' 'write' 'readreq' 'writereq' 'writeresp'>

State 19 <SV = 18> <Delay = 2.43>
ST_19 : Operation 98 [53/70] (2.43ns)   --->   "%ret_req = readreq i1 @_ssdm_op_ReadReq.m_axi.i1024P1A, i64 %gmem0_addr, i32 1"   --->   Operation 98 'readreq' 'ret_req' <Predicate = true> <Delay = 2.43> <CoreInst = "m_axi">   --->   Core 125 'm_axi' <Latency = 0> <II = 1> <Delay = 1.00> <Adapter> <Opcode : 'read' 'write' 'readreq' 'writereq' 'writeresp'>

State 20 <SV = 19> <Delay = 2.43>
ST_20 : Operation 99 [52/70] (2.43ns)   --->   "%ret_req = readreq i1 @_ssdm_op_ReadReq.m_axi.i1024P1A, i64 %gmem0_addr, i32 1"   --->   Operation 99 'readreq' 'ret_req' <Predicate = true> <Delay = 2.43> <CoreInst = "m_axi">   --->   Core 125 'm_axi' <Latency = 0> <II = 1> <Delay = 1.00> <Adapter> <Opcode : 'read' 'write' 'readreq' 'writereq' 'writeresp'>

State 21 <SV = 20> <Delay = 2.43>
ST_21 : Operation 100 [51/70] (2.43ns)   --->   "%ret_req = readreq i1 @_ssdm_op_ReadReq.m_axi.i1024P1A, i64 %gmem0_addr, i32 1"   --->   Operation 100 'readreq' 'ret_req' <Predicate = true> <Delay = 2.43> <CoreInst = "m_axi">   --->   Core 125 'm_axi' <Latency = 0> <II = 1> <Delay = 1.00> <Adapter> <Opcode : 'read' 'write' 'readreq' 'writereq' 'writeresp'>

State 22 <SV = 21> <Delay = 2.43>
ST_22 : Operation 101 [50/70] (2.43ns)   --->   "%ret_req = readreq i1 @_ssdm_op_ReadReq.m_axi.i1024P1A, i64 %gmem0_addr, i32 1"   --->   Operation 101 'readreq' 'ret_req' <Predicate = true> <Delay = 2.43> <CoreInst = "m_axi">   --->   Core 125 'm_axi' <Latency = 0> <II = 1> <Delay = 1.00> <Adapter> <Opcode : 'read' 'write' 'readreq' 'writereq' 'writeresp'>

State 23 <SV = 22> <Delay = 2.43>
ST_23 : Operation 102 [49/70] (2.43ns)   --->   "%ret_req = readreq i1 @_ssdm_op_ReadReq.m_axi.i1024P1A, i64 %gmem0_addr, i32 1"   --->   Operation 102 'readreq' 'ret_req' <Predicate = true> <Delay = 2.43> <CoreInst = "m_axi">   --->   Core 125 'm_axi' <Latency = 0> <II = 1> <Delay = 1.00> <Adapter> <Opcode : 'read' 'write' 'readreq' 'writereq' 'writeresp'>

State 24 <SV = 23> <Delay = 2.43>
ST_24 : Operation 103 [48/70] (2.43ns)   --->   "%ret_req = readreq i1 @_ssdm_op_ReadReq.m_axi.i1024P1A, i64 %gmem0_addr, i32 1"   --->   Operation 103 'readreq' 'ret_req' <Predicate = true> <Delay = 2.43> <CoreInst = "m_axi">   --->   Core 125 'm_axi' <Latency = 0> <II = 1> <Delay = 1.00> <Adapter> <Opcode : 'read' 'write' 'readreq' 'writereq' 'writeresp'>

State 25 <SV = 24> <Delay = 2.43>
ST_25 : Operation 104 [47/70] (2.43ns)   --->   "%ret_req = readreq i1 @_ssdm_op_ReadReq.m_axi.i1024P1A, i64 %gmem0_addr, i32 1"   --->   Operation 104 'readreq' 'ret_req' <Predicate = true> <Delay = 2.43> <CoreInst = "m_axi">   --->   Core 125 'm_axi' <Latency = 0> <II = 1> <Delay = 1.00> <Adapter> <Opcode : 'read' 'write' 'readreq' 'writereq' 'writeresp'>

State 26 <SV = 25> <Delay = 2.43>
ST_26 : Operation 105 [46/70] (2.43ns)   --->   "%ret_req = readreq i1 @_ssdm_op_ReadReq.m_axi.i1024P1A, i64 %gmem0_addr, i32 1"   --->   Operation 105 'readreq' 'ret_req' <Predicate = true> <Delay = 2.43> <CoreInst = "m_axi">   --->   Core 125 'm_axi' <Latency = 0> <II = 1> <Delay = 1.00> <Adapter> <Opcode : 'read' 'write' 'readreq' 'writereq' 'writeresp'>

State 27 <SV = 26> <Delay = 2.43>
ST_27 : Operation 106 [45/70] (2.43ns)   --->   "%ret_req = readreq i1 @_ssdm_op_ReadReq.m_axi.i1024P1A, i64 %gmem0_addr, i32 1"   --->   Operation 106 'readreq' 'ret_req' <Predicate = true> <Delay = 2.43> <CoreInst = "m_axi">   --->   Core 125 'm_axi' <Latency = 0> <II = 1> <Delay = 1.00> <Adapter> <Opcode : 'read' 'write' 'readreq' 'writereq' 'writeresp'>

State 28 <SV = 27> <Delay = 2.43>
ST_28 : Operation 107 [44/70] (2.43ns)   --->   "%ret_req = readreq i1 @_ssdm_op_ReadReq.m_axi.i1024P1A, i64 %gmem0_addr, i32 1"   --->   Operation 107 'readreq' 'ret_req' <Predicate = true> <Delay = 2.43> <CoreInst = "m_axi">   --->   Core 125 'm_axi' <Latency = 0> <II = 1> <Delay = 1.00> <Adapter> <Opcode : 'read' 'write' 'readreq' 'writereq' 'writeresp'>

State 29 <SV = 28> <Delay = 2.43>
ST_29 : Operation 108 [43/70] (2.43ns)   --->   "%ret_req = readreq i1 @_ssdm_op_ReadReq.m_axi.i1024P1A, i64 %gmem0_addr, i32 1"   --->   Operation 108 'readreq' 'ret_req' <Predicate = true> <Delay = 2.43> <CoreInst = "m_axi">   --->   Core 125 'm_axi' <Latency = 0> <II = 1> <Delay = 1.00> <Adapter> <Opcode : 'read' 'write' 'readreq' 'writereq' 'writeresp'>

State 30 <SV = 29> <Delay = 2.43>
ST_30 : Operation 109 [42/70] (2.43ns)   --->   "%ret_req = readreq i1 @_ssdm_op_ReadReq.m_axi.i1024P1A, i64 %gmem0_addr, i32 1"   --->   Operation 109 'readreq' 'ret_req' <Predicate = true> <Delay = 2.43> <CoreInst = "m_axi">   --->   Core 125 'm_axi' <Latency = 0> <II = 1> <Delay = 1.00> <Adapter> <Opcode : 'read' 'write' 'readreq' 'writereq' 'writeresp'>

State 31 <SV = 30> <Delay = 2.43>
ST_31 : Operation 110 [41/70] (2.43ns)   --->   "%ret_req = readreq i1 @_ssdm_op_ReadReq.m_axi.i1024P1A, i64 %gmem0_addr, i32 1"   --->   Operation 110 'readreq' 'ret_req' <Predicate = true> <Delay = 2.43> <CoreInst = "m_axi">   --->   Core 125 'm_axi' <Latency = 0> <II = 1> <Delay = 1.00> <Adapter> <Opcode : 'read' 'write' 'readreq' 'writereq' 'writeresp'>

State 32 <SV = 31> <Delay = 2.43>
ST_32 : Operation 111 [40/70] (2.43ns)   --->   "%ret_req = readreq i1 @_ssdm_op_ReadReq.m_axi.i1024P1A, i64 %gmem0_addr, i32 1"   --->   Operation 111 'readreq' 'ret_req' <Predicate = true> <Delay = 2.43> <CoreInst = "m_axi">   --->   Core 125 'm_axi' <Latency = 0> <II = 1> <Delay = 1.00> <Adapter> <Opcode : 'read' 'write' 'readreq' 'writereq' 'writeresp'>

State 33 <SV = 32> <Delay = 2.43>
ST_33 : Operation 112 [39/70] (2.43ns)   --->   "%ret_req = readreq i1 @_ssdm_op_ReadReq.m_axi.i1024P1A, i64 %gmem0_addr, i32 1"   --->   Operation 112 'readreq' 'ret_req' <Predicate = true> <Delay = 2.43> <CoreInst = "m_axi">   --->   Core 125 'm_axi' <Latency = 0> <II = 1> <Delay = 1.00> <Adapter> <Opcode : 'read' 'write' 'readreq' 'writereq' 'writeresp'>

State 34 <SV = 33> <Delay = 2.43>
ST_34 : Operation 113 [38/70] (2.43ns)   --->   "%ret_req = readreq i1 @_ssdm_op_ReadReq.m_axi.i1024P1A, i64 %gmem0_addr, i32 1"   --->   Operation 113 'readreq' 'ret_req' <Predicate = true> <Delay = 2.43> <CoreInst = "m_axi">   --->   Core 125 'm_axi' <Latency = 0> <II = 1> <Delay = 1.00> <Adapter> <Opcode : 'read' 'write' 'readreq' 'writereq' 'writeresp'>

State 35 <SV = 34> <Delay = 2.43>
ST_35 : Operation 114 [37/70] (2.43ns)   --->   "%ret_req = readreq i1 @_ssdm_op_ReadReq.m_axi.i1024P1A, i64 %gmem0_addr, i32 1"   --->   Operation 114 'readreq' 'ret_req' <Predicate = true> <Delay = 2.43> <CoreInst = "m_axi">   --->   Core 125 'm_axi' <Latency = 0> <II = 1> <Delay = 1.00> <Adapter> <Opcode : 'read' 'write' 'readreq' 'writereq' 'writeresp'>

State 36 <SV = 35> <Delay = 2.43>
ST_36 : Operation 115 [36/70] (2.43ns)   --->   "%ret_req = readreq i1 @_ssdm_op_ReadReq.m_axi.i1024P1A, i64 %gmem0_addr, i32 1"   --->   Operation 115 'readreq' 'ret_req' <Predicate = true> <Delay = 2.43> <CoreInst = "m_axi">   --->   Core 125 'm_axi' <Latency = 0> <II = 1> <Delay = 1.00> <Adapter> <Opcode : 'read' 'write' 'readreq' 'writereq' 'writeresp'>

State 37 <SV = 36> <Delay = 2.43>
ST_37 : Operation 116 [35/70] (2.43ns)   --->   "%ret_req = readreq i1 @_ssdm_op_ReadReq.m_axi.i1024P1A, i64 %gmem0_addr, i32 1"   --->   Operation 116 'readreq' 'ret_req' <Predicate = true> <Delay = 2.43> <CoreInst = "m_axi">   --->   Core 125 'm_axi' <Latency = 0> <II = 1> <Delay = 1.00> <Adapter> <Opcode : 'read' 'write' 'readreq' 'writereq' 'writeresp'>

State 38 <SV = 37> <Delay = 2.43>
ST_38 : Operation 117 [34/70] (2.43ns)   --->   "%ret_req = readreq i1 @_ssdm_op_ReadReq.m_axi.i1024P1A, i64 %gmem0_addr, i32 1"   --->   Operation 117 'readreq' 'ret_req' <Predicate = true> <Delay = 2.43> <CoreInst = "m_axi">   --->   Core 125 'm_axi' <Latency = 0> <II = 1> <Delay = 1.00> <Adapter> <Opcode : 'read' 'write' 'readreq' 'writereq' 'writeresp'>

State 39 <SV = 38> <Delay = 2.43>
ST_39 : Operation 118 [33/70] (2.43ns)   --->   "%ret_req = readreq i1 @_ssdm_op_ReadReq.m_axi.i1024P1A, i64 %gmem0_addr, i32 1"   --->   Operation 118 'readreq' 'ret_req' <Predicate = true> <Delay = 2.43> <CoreInst = "m_axi">   --->   Core 125 'm_axi' <Latency = 0> <II = 1> <Delay = 1.00> <Adapter> <Opcode : 'read' 'write' 'readreq' 'writereq' 'writeresp'>

State 40 <SV = 39> <Delay = 2.43>
ST_40 : Operation 119 [32/70] (2.43ns)   --->   "%ret_req = readreq i1 @_ssdm_op_ReadReq.m_axi.i1024P1A, i64 %gmem0_addr, i32 1"   --->   Operation 119 'readreq' 'ret_req' <Predicate = true> <Delay = 2.43> <CoreInst = "m_axi">   --->   Core 125 'm_axi' <Latency = 0> <II = 1> <Delay = 1.00> <Adapter> <Opcode : 'read' 'write' 'readreq' 'writereq' 'writeresp'>

State 41 <SV = 40> <Delay = 2.43>
ST_41 : Operation 120 [31/70] (2.43ns)   --->   "%ret_req = readreq i1 @_ssdm_op_ReadReq.m_axi.i1024P1A, i64 %gmem0_addr, i32 1"   --->   Operation 120 'readreq' 'ret_req' <Predicate = true> <Delay = 2.43> <CoreInst = "m_axi">   --->   Core 125 'm_axi' <Latency = 0> <II = 1> <Delay = 1.00> <Adapter> <Opcode : 'read' 'write' 'readreq' 'writereq' 'writeresp'>

State 42 <SV = 41> <Delay = 2.43>
ST_42 : Operation 121 [30/70] (2.43ns)   --->   "%ret_req = readreq i1 @_ssdm_op_ReadReq.m_axi.i1024P1A, i64 %gmem0_addr, i32 1"   --->   Operation 121 'readreq' 'ret_req' <Predicate = true> <Delay = 2.43> <CoreInst = "m_axi">   --->   Core 125 'm_axi' <Latency = 0> <II = 1> <Delay = 1.00> <Adapter> <Opcode : 'read' 'write' 'readreq' 'writereq' 'writeresp'>

State 43 <SV = 42> <Delay = 2.43>
ST_43 : Operation 122 [29/70] (2.43ns)   --->   "%ret_req = readreq i1 @_ssdm_op_ReadReq.m_axi.i1024P1A, i64 %gmem0_addr, i32 1"   --->   Operation 122 'readreq' 'ret_req' <Predicate = true> <Delay = 2.43> <CoreInst = "m_axi">   --->   Core 125 'm_axi' <Latency = 0> <II = 1> <Delay = 1.00> <Adapter> <Opcode : 'read' 'write' 'readreq' 'writereq' 'writeresp'>

State 44 <SV = 43> <Delay = 2.43>
ST_44 : Operation 123 [28/70] (2.43ns)   --->   "%ret_req = readreq i1 @_ssdm_op_ReadReq.m_axi.i1024P1A, i64 %gmem0_addr, i32 1"   --->   Operation 123 'readreq' 'ret_req' <Predicate = true> <Delay = 2.43> <CoreInst = "m_axi">   --->   Core 125 'm_axi' <Latency = 0> <II = 1> <Delay = 1.00> <Adapter> <Opcode : 'read' 'write' 'readreq' 'writereq' 'writeresp'>

State 45 <SV = 44> <Delay = 2.43>
ST_45 : Operation 124 [27/70] (2.43ns)   --->   "%ret_req = readreq i1 @_ssdm_op_ReadReq.m_axi.i1024P1A, i64 %gmem0_addr, i32 1"   --->   Operation 124 'readreq' 'ret_req' <Predicate = true> <Delay = 2.43> <CoreInst = "m_axi">   --->   Core 125 'm_axi' <Latency = 0> <II = 1> <Delay = 1.00> <Adapter> <Opcode : 'read' 'write' 'readreq' 'writereq' 'writeresp'>

State 46 <SV = 45> <Delay = 2.43>
ST_46 : Operation 125 [26/70] (2.43ns)   --->   "%ret_req = readreq i1 @_ssdm_op_ReadReq.m_axi.i1024P1A, i64 %gmem0_addr, i32 1"   --->   Operation 125 'readreq' 'ret_req' <Predicate = true> <Delay = 2.43> <CoreInst = "m_axi">   --->   Core 125 'm_axi' <Latency = 0> <II = 1> <Delay = 1.00> <Adapter> <Opcode : 'read' 'write' 'readreq' 'writereq' 'writeresp'>

State 47 <SV = 46> <Delay = 2.43>
ST_47 : Operation 126 [25/70] (2.43ns)   --->   "%ret_req = readreq i1 @_ssdm_op_ReadReq.m_axi.i1024P1A, i64 %gmem0_addr, i32 1"   --->   Operation 126 'readreq' 'ret_req' <Predicate = true> <Delay = 2.43> <CoreInst = "m_axi">   --->   Core 125 'm_axi' <Latency = 0> <II = 1> <Delay = 1.00> <Adapter> <Opcode : 'read' 'write' 'readreq' 'writereq' 'writeresp'>

State 48 <SV = 47> <Delay = 2.43>
ST_48 : Operation 127 [24/70] (2.43ns)   --->   "%ret_req = readreq i1 @_ssdm_op_ReadReq.m_axi.i1024P1A, i64 %gmem0_addr, i32 1"   --->   Operation 127 'readreq' 'ret_req' <Predicate = true> <Delay = 2.43> <CoreInst = "m_axi">   --->   Core 125 'm_axi' <Latency = 0> <II = 1> <Delay = 1.00> <Adapter> <Opcode : 'read' 'write' 'readreq' 'writereq' 'writeresp'>

State 49 <SV = 48> <Delay = 2.43>
ST_49 : Operation 128 [23/70] (2.43ns)   --->   "%ret_req = readreq i1 @_ssdm_op_ReadReq.m_axi.i1024P1A, i64 %gmem0_addr, i32 1"   --->   Operation 128 'readreq' 'ret_req' <Predicate = true> <Delay = 2.43> <CoreInst = "m_axi">   --->   Core 125 'm_axi' <Latency = 0> <II = 1> <Delay = 1.00> <Adapter> <Opcode : 'read' 'write' 'readreq' 'writereq' 'writeresp'>

State 50 <SV = 49> <Delay = 2.43>
ST_50 : Operation 129 [22/70] (2.43ns)   --->   "%ret_req = readreq i1 @_ssdm_op_ReadReq.m_axi.i1024P1A, i64 %gmem0_addr, i32 1"   --->   Operation 129 'readreq' 'ret_req' <Predicate = true> <Delay = 2.43> <CoreInst = "m_axi">   --->   Core 125 'm_axi' <Latency = 0> <II = 1> <Delay = 1.00> <Adapter> <Opcode : 'read' 'write' 'readreq' 'writereq' 'writeresp'>

State 51 <SV = 50> <Delay = 2.43>
ST_51 : Operation 130 [21/70] (2.43ns)   --->   "%ret_req = readreq i1 @_ssdm_op_ReadReq.m_axi.i1024P1A, i64 %gmem0_addr, i32 1"   --->   Operation 130 'readreq' 'ret_req' <Predicate = true> <Delay = 2.43> <CoreInst = "m_axi">   --->   Core 125 'm_axi' <Latency = 0> <II = 1> <Delay = 1.00> <Adapter> <Opcode : 'read' 'write' 'readreq' 'writereq' 'writeresp'>

State 52 <SV = 51> <Delay = 2.43>
ST_52 : Operation 131 [20/70] (2.43ns)   --->   "%ret_req = readreq i1 @_ssdm_op_ReadReq.m_axi.i1024P1A, i64 %gmem0_addr, i32 1"   --->   Operation 131 'readreq' 'ret_req' <Predicate = true> <Delay = 2.43> <CoreInst = "m_axi">   --->   Core 125 'm_axi' <Latency = 0> <II = 1> <Delay = 1.00> <Adapter> <Opcode : 'read' 'write' 'readreq' 'writereq' 'writeresp'>

State 53 <SV = 52> <Delay = 2.43>
ST_53 : Operation 132 [19/70] (2.43ns)   --->   "%ret_req = readreq i1 @_ssdm_op_ReadReq.m_axi.i1024P1A, i64 %gmem0_addr, i32 1"   --->   Operation 132 'readreq' 'ret_req' <Predicate = true> <Delay = 2.43> <CoreInst = "m_axi">   --->   Core 125 'm_axi' <Latency = 0> <II = 1> <Delay = 1.00> <Adapter> <Opcode : 'read' 'write' 'readreq' 'writereq' 'writeresp'>

State 54 <SV = 53> <Delay = 2.43>
ST_54 : Operation 133 [18/70] (2.43ns)   --->   "%ret_req = readreq i1 @_ssdm_op_ReadReq.m_axi.i1024P1A, i64 %gmem0_addr, i32 1"   --->   Operation 133 'readreq' 'ret_req' <Predicate = true> <Delay = 2.43> <CoreInst = "m_axi">   --->   Core 125 'm_axi' <Latency = 0> <II = 1> <Delay = 1.00> <Adapter> <Opcode : 'read' 'write' 'readreq' 'writereq' 'writeresp'>

State 55 <SV = 54> <Delay = 2.43>
ST_55 : Operation 134 [17/70] (2.43ns)   --->   "%ret_req = readreq i1 @_ssdm_op_ReadReq.m_axi.i1024P1A, i64 %gmem0_addr, i32 1"   --->   Operation 134 'readreq' 'ret_req' <Predicate = true> <Delay = 2.43> <CoreInst = "m_axi">   --->   Core 125 'm_axi' <Latency = 0> <II = 1> <Delay = 1.00> <Adapter> <Opcode : 'read' 'write' 'readreq' 'writereq' 'writeresp'>

State 56 <SV = 55> <Delay = 2.43>
ST_56 : Operation 135 [16/70] (2.43ns)   --->   "%ret_req = readreq i1 @_ssdm_op_ReadReq.m_axi.i1024P1A, i64 %gmem0_addr, i32 1"   --->   Operation 135 'readreq' 'ret_req' <Predicate = true> <Delay = 2.43> <CoreInst = "m_axi">   --->   Core 125 'm_axi' <Latency = 0> <II = 1> <Delay = 1.00> <Adapter> <Opcode : 'read' 'write' 'readreq' 'writereq' 'writeresp'>

State 57 <SV = 56> <Delay = 2.43>
ST_57 : Operation 136 [15/70] (2.43ns)   --->   "%ret_req = readreq i1 @_ssdm_op_ReadReq.m_axi.i1024P1A, i64 %gmem0_addr, i32 1"   --->   Operation 136 'readreq' 'ret_req' <Predicate = true> <Delay = 2.43> <CoreInst = "m_axi">   --->   Core 125 'm_axi' <Latency = 0> <II = 1> <Delay = 1.00> <Adapter> <Opcode : 'read' 'write' 'readreq' 'writereq' 'writeresp'>

State 58 <SV = 57> <Delay = 2.43>
ST_58 : Operation 137 [14/70] (2.43ns)   --->   "%ret_req = readreq i1 @_ssdm_op_ReadReq.m_axi.i1024P1A, i64 %gmem0_addr, i32 1"   --->   Operation 137 'readreq' 'ret_req' <Predicate = true> <Delay = 2.43> <CoreInst = "m_axi">   --->   Core 125 'm_axi' <Latency = 0> <II = 1> <Delay = 1.00> <Adapter> <Opcode : 'read' 'write' 'readreq' 'writereq' 'writeresp'>

State 59 <SV = 58> <Delay = 2.43>
ST_59 : Operation 138 [13/70] (2.43ns)   --->   "%ret_req = readreq i1 @_ssdm_op_ReadReq.m_axi.i1024P1A, i64 %gmem0_addr, i32 1"   --->   Operation 138 'readreq' 'ret_req' <Predicate = true> <Delay = 2.43> <CoreInst = "m_axi">   --->   Core 125 'm_axi' <Latency = 0> <II = 1> <Delay = 1.00> <Adapter> <Opcode : 'read' 'write' 'readreq' 'writereq' 'writeresp'>

State 60 <SV = 59> <Delay = 2.43>
ST_60 : Operation 139 [12/70] (2.43ns)   --->   "%ret_req = readreq i1 @_ssdm_op_ReadReq.m_axi.i1024P1A, i64 %gmem0_addr, i32 1"   --->   Operation 139 'readreq' 'ret_req' <Predicate = true> <Delay = 2.43> <CoreInst = "m_axi">   --->   Core 125 'm_axi' <Latency = 0> <II = 1> <Delay = 1.00> <Adapter> <Opcode : 'read' 'write' 'readreq' 'writereq' 'writeresp'>

State 61 <SV = 60> <Delay = 2.43>
ST_61 : Operation 140 [11/70] (2.43ns)   --->   "%ret_req = readreq i1 @_ssdm_op_ReadReq.m_axi.i1024P1A, i64 %gmem0_addr, i32 1"   --->   Operation 140 'readreq' 'ret_req' <Predicate = true> <Delay = 2.43> <CoreInst = "m_axi">   --->   Core 125 'm_axi' <Latency = 0> <II = 1> <Delay = 1.00> <Adapter> <Opcode : 'read' 'write' 'readreq' 'writereq' 'writeresp'>

State 62 <SV = 61> <Delay = 2.43>
ST_62 : Operation 141 [10/70] (2.43ns)   --->   "%ret_req = readreq i1 @_ssdm_op_ReadReq.m_axi.i1024P1A, i64 %gmem0_addr, i32 1"   --->   Operation 141 'readreq' 'ret_req' <Predicate = true> <Delay = 2.43> <CoreInst = "m_axi">   --->   Core 125 'm_axi' <Latency = 0> <II = 1> <Delay = 1.00> <Adapter> <Opcode : 'read' 'write' 'readreq' 'writereq' 'writeresp'>

State 63 <SV = 62> <Delay = 2.43>
ST_63 : Operation 142 [9/70] (2.43ns)   --->   "%ret_req = readreq i1 @_ssdm_op_ReadReq.m_axi.i1024P1A, i64 %gmem0_addr, i32 1"   --->   Operation 142 'readreq' 'ret_req' <Predicate = true> <Delay = 2.43> <CoreInst = "m_axi">   --->   Core 125 'm_axi' <Latency = 0> <II = 1> <Delay = 1.00> <Adapter> <Opcode : 'read' 'write' 'readreq' 'writereq' 'writeresp'>

State 64 <SV = 63> <Delay = 2.43>
ST_64 : Operation 143 [8/70] (2.43ns)   --->   "%ret_req = readreq i1 @_ssdm_op_ReadReq.m_axi.i1024P1A, i64 %gmem0_addr, i32 1"   --->   Operation 143 'readreq' 'ret_req' <Predicate = true> <Delay = 2.43> <CoreInst = "m_axi">   --->   Core 125 'm_axi' <Latency = 0> <II = 1> <Delay = 1.00> <Adapter> <Opcode : 'read' 'write' 'readreq' 'writereq' 'writeresp'>

State 65 <SV = 64> <Delay = 2.43>
ST_65 : Operation 144 [7/70] (2.43ns)   --->   "%ret_req = readreq i1 @_ssdm_op_ReadReq.m_axi.i1024P1A, i64 %gmem0_addr, i32 1"   --->   Operation 144 'readreq' 'ret_req' <Predicate = true> <Delay = 2.43> <CoreInst = "m_axi">   --->   Core 125 'm_axi' <Latency = 0> <II = 1> <Delay = 1.00> <Adapter> <Opcode : 'read' 'write' 'readreq' 'writereq' 'writeresp'>

State 66 <SV = 65> <Delay = 2.43>
ST_66 : Operation 145 [6/70] (2.43ns)   --->   "%ret_req = readreq i1 @_ssdm_op_ReadReq.m_axi.i1024P1A, i64 %gmem0_addr, i32 1"   --->   Operation 145 'readreq' 'ret_req' <Predicate = true> <Delay = 2.43> <CoreInst = "m_axi">   --->   Core 125 'm_axi' <Latency = 0> <II = 1> <Delay = 1.00> <Adapter> <Opcode : 'read' 'write' 'readreq' 'writereq' 'writeresp'>

State 67 <SV = 66> <Delay = 2.43>
ST_67 : Operation 146 [5/70] (2.43ns)   --->   "%ret_req = readreq i1 @_ssdm_op_ReadReq.m_axi.i1024P1A, i64 %gmem0_addr, i32 1"   --->   Operation 146 'readreq' 'ret_req' <Predicate = true> <Delay = 2.43> <CoreInst = "m_axi">   --->   Core 125 'm_axi' <Latency = 0> <II = 1> <Delay = 1.00> <Adapter> <Opcode : 'read' 'write' 'readreq' 'writereq' 'writeresp'>

State 68 <SV = 67> <Delay = 2.43>
ST_68 : Operation 147 [4/70] (2.43ns)   --->   "%ret_req = readreq i1 @_ssdm_op_ReadReq.m_axi.i1024P1A, i64 %gmem0_addr, i32 1"   --->   Operation 147 'readreq' 'ret_req' <Predicate = true> <Delay = 2.43> <CoreInst = "m_axi">   --->   Core 125 'm_axi' <Latency = 0> <II = 1> <Delay = 1.00> <Adapter> <Opcode : 'read' 'write' 'readreq' 'writereq' 'writeresp'>

State 69 <SV = 68> <Delay = 2.43>
ST_69 : Operation 148 [3/70] (2.43ns)   --->   "%ret_req = readreq i1 @_ssdm_op_ReadReq.m_axi.i1024P1A, i64 %gmem0_addr, i32 1"   --->   Operation 148 'readreq' 'ret_req' <Predicate = true> <Delay = 2.43> <CoreInst = "m_axi">   --->   Core 125 'm_axi' <Latency = 0> <II = 1> <Delay = 1.00> <Adapter> <Opcode : 'read' 'write' 'readreq' 'writereq' 'writeresp'>

State 70 <SV = 69> <Delay = 2.43>
ST_70 : Operation 149 [2/70] (2.43ns)   --->   "%ret_req = readreq i1 @_ssdm_op_ReadReq.m_axi.i1024P1A, i64 %gmem0_addr, i32 1"   --->   Operation 149 'readreq' 'ret_req' <Predicate = true> <Delay = 2.43> <CoreInst = "m_axi">   --->   Core 125 'm_axi' <Latency = 0> <II = 1> <Delay = 1.00> <Adapter> <Opcode : 'read' 'write' 'readreq' 'writereq' 'writeresp'>

State 71 <SV = 70> <Delay = 2.43>
ST_71 : Operation 150 [1/70] (2.43ns)   --->   "%ret_req = readreq i1 @_ssdm_op_ReadReq.m_axi.i1024P1A, i64 %gmem0_addr, i32 1"   --->   Operation 150 'readreq' 'ret_req' <Predicate = true> <Delay = 2.43> <CoreInst = "m_axi">   --->   Core 125 'm_axi' <Latency = 0> <II = 1> <Delay = 1.00> <Adapter> <Opcode : 'read' 'write' 'readreq' 'writereq' 'writeresp'>

State 72 <SV = 71> <Delay = 2.43>
ST_72 : Operation 151 [1/1] (2.43ns)   --->   "%ret = read i1024 @_ssdm_op_Read.m_axi.i1024P1A, i64 %gmem0_addr"   --->   Operation 151 'read' 'ret' <Predicate = true> <Delay = 2.43> <CoreInst = "m_axi">   --->   Core 125 'm_axi' <Latency = 0> <II = 1> <Delay = 1.00> <Adapter> <Opcode : 'read' 'write' 'readreq' 'writereq' 'writeresp'>
ST_72 : Operation 152 [1/1] (0.00ns)   --->   "%tmp_V = trunc i1024 %ret"   --->   Operation 152 'trunc' 'tmp_V' <Predicate = true> <Delay = 0.00>
ST_72 : Operation 153 [1/1] (0.00ns)   --->   "%tmp = bitselect i1 @_ssdm_op_BitSelect.i1.i1024.i32, i1024 %ret, i32 1" [/home/users/edoardo.dalessio/code/av_omega/VersalAutomationTemplate/data_movers/setup_aie.cpp:46]   --->   Operation 153 'bitselect' 'tmp' <Predicate = true> <Delay = 0.00>
ST_72 : Operation 154 [2/2] (0.00ns)   --->   "%write_ln47 = write void @_ssdm_op_Write.axis.volatile.i128P128A, i128 %s, i128 %tmp_V" [/home/users/edoardo.dalessio/code/av_omega/VersalAutomationTemplate/data_movers/setup_aie.cpp:47]   --->   Operation 154 'write' 'write_ln47' <Predicate = true> <Delay = 0.00> <CoreInst = "axis">   --->   Core 127 'axis' <Latency = 0> <II = 1> <Delay = 1.00> <Adapter> <Opcode : >
ST_72 : Operation 155 [1/1] (0.00ns)   --->   "%trunc_ln48 = trunc i1024 %ret" [/home/users/edoardo.dalessio/code/av_omega/VersalAutomationTemplate/data_movers/setup_aie.cpp:48]   --->   Operation 155 'trunc' 'trunc_ln48' <Predicate = true> <Delay = 0.00>

State 73 <SV = 72> <Delay = 0.00>
ST_73 : Operation 156 [1/2] (0.00ns)   --->   "%write_ln47 = write void @_ssdm_op_Write.axis.volatile.i128P128A, i128 %s, i128 %tmp_V" [/home/users/edoardo.dalessio/code/av_omega/VersalAutomationTemplate/data_movers/setup_aie.cpp:47]   --->   Operation 156 'write' 'write_ln47' <Predicate = true> <Delay = 0.00> <CoreInst = "axis">   --->   Core 127 'axis' <Latency = 0> <II = 1> <Delay = 1.00> <Adapter> <Opcode : >
ST_73 : Operation 157 [1/1] (0.00ns)   --->   "%empty = wait i32 @_ssdm_op_Wait"   --->   Operation 157 'wait' 'empty' <Predicate = true> <Delay = 0.00>

State 74 <SV = 73> <Delay = 1.81>
ST_74 : Operation 158 [1/1] (0.00ns)   --->   "%shl_ln = bitconcatenate i3 @_ssdm_op_BitConcatenate.i3.i1.i2, i1 %trunc_ln48, i2 0" [/home/users/edoardo.dalessio/code/av_omega/VersalAutomationTemplate/data_movers/setup_aie.cpp:48]   --->   Operation 158 'bitconcatenate' 'shl_ln' <Predicate = true> <Delay = 0.00>
ST_74 : Operation 159 [1/1] (0.00ns)   --->   "%zext_ln48 = zext i3 %shl_ln" [/home/users/edoardo.dalessio/code/av_omega/VersalAutomationTemplate/data_movers/setup_aie.cpp:48]   --->   Operation 159 'zext' 'zext_ln48' <Predicate = true> <Delay = 0.00>
ST_74 : Operation 160 [1/1] (0.53ns)   --->   "%add_ln48 = add i4 %zext_ln48, i4 4" [/home/users/edoardo.dalessio/code/av_omega/VersalAutomationTemplate/data_movers/setup_aie.cpp:48]   --->   Operation 160 'add' 'add_ln48' <Predicate = true> <Delay = 0.53> <CoreInst = "Adder">   --->   Core 1 'Adder' <Latency = 0> <II = 1> <Delay = 0.53> <FuncUnit> <Opcode : 'add' 'sub'> <InPorts = 2> <OutPorts = 1>
ST_74 : Operation 161 [1/1] (0.00ns)   --->   "%zext_ln48_1 = zext i4 %add_ln48" [/home/users/edoardo.dalessio/code/av_omega/VersalAutomationTemplate/data_movers/setup_aie.cpp:48]   --->   Operation 161 'zext' 'zext_ln48_1' <Predicate = (!tmp)> <Delay = 0.00>
ST_74 : Operation 162 [1/1] (0.00ns)   --->   "%tmp_1 = bitconcatenate i5 @_ssdm_op_BitConcatenate.i5.i4.i1, i4 %add_ln48, i1 0" [/home/users/edoardo.dalessio/code/av_omega/VersalAutomationTemplate/data_movers/setup_aie.cpp:48]   --->   Operation 162 'bitconcatenate' 'tmp_1' <Predicate = (tmp)> <Delay = 0.00>
ST_74 : Operation 163 [1/1] (0.41ns)   --->   "%select_ln48 = select i1 %tmp, i5 %tmp_1, i5 %zext_ln48_1" [/home/users/edoardo.dalessio/code/av_omega/VersalAutomationTemplate/data_movers/setup_aie.cpp:48]   --->   Operation 163 'select' 'select_ln48' <Predicate = true> <Delay = 0.41> <CoreInst = "Sel">   --->   Core 77 'Sel' <Latency = 0> <II = 1> <Delay = 0.41> <FuncUnit> <Opcode : 'select'> <InPorts = 3> <OutPorts = 1>
ST_74 : Operation 164 [2/2] (0.87ns)   --->   "%call_ln48 = call void @setup_aie_Pipeline_VITIS_LOOP_48_1, i5 %select_ln48, i128 %tmp_V, i128 %s" [/home/users/edoardo.dalessio/code/av_omega/VersalAutomationTemplate/data_movers/setup_aie.cpp:48]   --->   Operation 164 'call' 'call_ln48' <Predicate = true> <Delay = 0.87> <CoreType = "Generic">   --->   Core 0 '' <Latency = 0> <II = 1> <Delay = 1.00> <Generic> <Opcode : >

State 75 <SV = 74> <Delay = 0.00>
ST_75 : Operation 165 [1/2] (0.00ns)   --->   "%call_ln48 = call void @setup_aie_Pipeline_VITIS_LOOP_48_1, i5 %select_ln48, i128 %tmp_V, i128 %s" [/home/users/edoardo.dalessio/code/av_omega/VersalAutomationTemplate/data_movers/setup_aie.cpp:48]   --->   Operation 165 'call' 'call_ln48' <Predicate = true> <Delay = 0.00> <CoreType = "Generic">   --->   Core 0 '' <Latency = 0> <II = 1> <Delay = 1.00> <Generic> <Opcode : >

State 76 <SV = 75> <Delay = 0.00>
ST_76 : Operation 166 [1/1] (0.00ns)   --->   "%spectopmodule_ln33 = spectopmodule void @_ssdm_op_SpecTopModule, void @empty_11" [/home/users/edoardo.dalessio/code/av_omega/VersalAutomationTemplate/data_movers/setup_aie.cpp:33]   --->   Operation 166 'spectopmodule' 'spectopmodule_ln33' <Predicate = true> <Delay = 0.00>
ST_76 : Operation 167 [1/1] (0.00ns)   --->   "%specinterface_ln33 = specinterface void @_ssdm_op_SpecInterface, i32 0, void @empty_12, i32 0, i32 0, void @empty_14, i32 0, i32 0, void @empty_14, void @empty_14, void @empty_14, i32 0, i32 0, i32 0, i32 0, void @empty_14, void @empty_14, i32 4294967295, i32 0" [/home/users/edoardo.dalessio/code/av_omega/VersalAutomationTemplate/data_movers/setup_aie.cpp:33]   --->   Operation 167 'specinterface' 'specinterface_ln33' <Predicate = true> <Delay = 0.00>
ST_76 : Operation 168 [1/1] (0.00ns)   --->   "%specinterface_ln0 = specinterface void @_ssdm_op_SpecInterface, i1024 %gmem0, void @empty_7, i32 0, i32 0, void @empty_14, i32 64, i32 100, void @empty, void @empty_0, void @empty_14, i32 16, i32 16, i32 16, i32 16, void @empty_14, void @empty_14, i32 4294967295, i32 0"   --->   Operation 168 'specinterface' 'specinterface_ln0' <Predicate = true> <Delay = 0.00>
ST_76 : Operation 169 [1/1] (0.00ns)   --->   "%specbitsmap_ln0 = specbitsmap void @_ssdm_op_SpecBitsMap, i1024 %gmem0"   --->   Operation 169 'specbitsmap' 'specbitsmap_ln0' <Predicate = true> <Delay = 0.00>
ST_76 : Operation 170 [1/1] (0.00ns)   --->   "%specbitsmap_ln0 = specbitsmap void @_ssdm_op_SpecBitsMap, i32 %size"   --->   Operation 170 'specbitsmap' 'specbitsmap_ln0' <Predicate = true> <Delay = 0.00>
ST_76 : Operation 171 [1/1] (0.00ns)   --->   "%specinterface_ln0 = specinterface void @_ssdm_op_SpecInterface, i32 %size, void @empty_1, i32 0, i32 0, void @empty_14, i32 0, i32 0, void @empty_2, void @empty_3, void @empty_14, i32 0, i32 0, i32 0, i32 0, void @empty_14, void @empty_14, i32 4294967295, i32 0"   --->   Operation 171 'specinterface' 'specinterface_ln0' <Predicate = true> <Delay = 0.00>
ST_76 : Operation 172 [1/1] (0.00ns)   --->   "%specinterface_ln0 = specinterface void @_ssdm_op_SpecInterface, i32 %size, void @empty_4, i32 0, i32 0, void @empty_14, i32 0, i32 0, void @empty_14, void @empty_14, void @empty_14, i32 0, i32 0, i32 0, i32 0, void @empty_14, void @empty_14, i32 4294967295, i32 0"   --->   Operation 172 'specinterface' 'specinterface_ln0' <Predicate = true> <Delay = 0.00>
ST_76 : Operation 173 [1/1] (0.00ns)   --->   "%specinterface_ln0 = specinterface void @_ssdm_op_SpecInterface, i64 %input_r, void @empty_1, i32 0, i32 0, void @empty_14, i32 0, i32 0, void @empty_2, void @empty_6, void @empty_14, i32 0, i32 0, i32 0, i32 0, void @empty_14, void @empty_8, i32 4294967295, i32 0"   --->   Operation 173 'specinterface' 'specinterface_ln0' <Predicate = true> <Delay = 0.00>
ST_76 : Operation 174 [1/1] (0.00ns)   --->   "%specinterface_ln0 = specinterface void @_ssdm_op_SpecInterface, i64 %input_r, void @empty_5, i32 0, i32 0, void @empty_14, i32 0, i32 0, void @empty_14, void @empty_14, void @empty_14, i32 0, i32 0, i32 0, i32 0, void @empty_14, void @empty_8, i32 4294967295, i32 0"   --->   Operation 174 'specinterface' 'specinterface_ln0' <Predicate = true> <Delay = 0.00>
ST_76 : Operation 175 [1/1] (0.00ns)   --->   "%specinterface_ln0 = specinterface void @_ssdm_op_SpecInterface, i128 %s, void @empty_9, i32 1, i32 1, void @empty_10, i32 0, i32 0, void @empty_14, void @empty_14, void @empty_14, i32 0, i32 0, i32 0, i32 0, void @empty_14, void @empty_14, i32 4294967295, i32 0"   --->   Operation 175 'specinterface' 'specinterface_ln0' <Predicate = true> <Delay = 0.00>
ST_76 : Operation 176 [1/1] (0.00ns)   --->   "%specbitsmap_ln0 = specbitsmap void @_ssdm_op_SpecBitsMap, i128 %s"   --->   Operation 176 'specbitsmap' 'specbitsmap_ln0' <Predicate = true> <Delay = 0.00>
ST_76 : Operation 177 [1/1] (0.00ns)   --->   "%specinterface_ln0 = specinterface void @_ssdm_op_SpecInterface, i32 0, void @empty_1, i32 0, i32 0, void @empty_14, i32 0, i32 0, void @empty_2, void @empty_14, void @empty_14, i32 0, i32 0, i32 0, i32 0, void @empty_14, void @empty_14, i32 4294967295, i32 0"   --->   Operation 177 'specinterface' 'specinterface_ln0' <Predicate = true> <Delay = 0.00>
ST_76 : Operation 178 [1/1] (0.00ns)   --->   "%ret_ln52 = ret" [/home/users/edoardo.dalessio/code/av_omega/VersalAutomationTemplate/data_movers/setup_aie.cpp:52]   --->   Operation 178 'ret' 'ret_ln52' <Predicate = true> <Delay = 0.00>


============================================================
+ Verbose Summary: Binding
============================================================
STG Binding: 
---------------- STG Properties BEGIN ----------------
- Is combinational: 0
- Is one-state seq: 0
- Is datapath-only: 0
- Is pipelined: 0
- Is top level: 1
Port [ Return ] is wired: 1; IO mode=ap_ctrl_chain:ce=0
Port [ gmem0]:  wired=1; compound=1; hidden=0; nouse=0; global=0; static=0; extern=0; dir=0; type=4; pingpong=0; private_global=0; IO mode=m_axi:ce=0
Port [ size]:  wired=1; compound=0; hidden=0; nouse=1; global=0; static=0; extern=0; dir=0; type=0; pingpong=0; private_global=0; IO mode=ap_none:ce=0
Port [ input_r]:  wired=1; compound=0; hidden=0; nouse=0; global=0; static=0; extern=0; dir=0; type=0; pingpong=0; private_global=0; IO mode=ap_none:ce=0
Port [ s]:  wired=1; compound=1; hidden=0; nouse=0; global=0; static=0; extern=0; dir=1; type=0; pingpong=0; private_global=0; IO mode=axis:ce=0
---------------- STG Properties END ------------------

---------------- Datapath Model BEGIN ----------------

<LifeTime>
<method=bitvector/>
input_r_read       (read          ) [ 00000000000000000000000000000000000000000000000000000000000000000000000000000]
trunc_ln           (partselect    ) [ 00100000000000000000000000000000000000000000000000000000000000000000000000000]
sext_ln416         (sext          ) [ 00000000000000000000000000000000000000000000000000000000000000000000000000000]
gmem0_addr         (getelementptr ) [ 00011111111111111111111111111111111111111111111111111111111111111111111110000]
ret_req            (readreq       ) [ 00000000000000000000000000000000000000000000000000000000000000000000000000000]
ret                (read          ) [ 00000000000000000000000000000000000000000000000000000000000000000000000000000]
tmp_V              (trunc         ) [ 00000000000000000000000000000000000000000000000000000000000000000000000001110]
tmp                (bitselect     ) [ 00000000000000000000000000000000000000000000000000000000000000000000000001100]
trunc_ln48         (trunc         ) [ 00000000000000000000000000000000000000000000000000000000000000000000000001100]
write_ln47         (write         ) [ 00000000000000000000000000000000000000000000000000000000000000000000000000000]
empty              (wait          ) [ 00000000000000000000000000000000000000000000000000000000000000000000000000000]
shl_ln             (bitconcatenate) [ 00000000000000000000000000000000000000000000000000000000000000000000000000000]
zext_ln48          (zext          ) [ 00000000000000000000000000000000000000000000000000000000000000000000000000000]
add_ln48           (add           ) [ 00000000000000000000000000000000000000000000000000000000000000000000000000000]
zext_ln48_1        (zext          ) [ 00000000000000000000000000000000000000000000000000000000000000000000000000000]
tmp_1              (bitconcatenate) [ 00000000000000000000000000000000000000000000000000000000000000000000000000000]
select_ln48        (select        ) [ 00000000000000000000000000000000000000000000000000000000000000000000000000010]
call_ln48          (call          ) [ 00000000000000000000000000000000000000000000000000000000000000000000000000000]
spectopmodule_ln33 (spectopmodule ) [ 00000000000000000000000000000000000000000000000000000000000000000000000000000]
specinterface_ln33 (specinterface ) [ 00000000000000000000000000000000000000000000000000000000000000000000000000000]
specinterface_ln0  (specinterface ) [ 00000000000000000000000000000000000000000000000000000000000000000000000000000]
specbitsmap_ln0    (specbitsmap   ) [ 00000000000000000000000000000000000000000000000000000000000000000000000000000]
specbitsmap_ln0    (specbitsmap   ) [ 00000000000000000000000000000000000000000000000000000000000000000000000000000]
specinterface_ln0  (specinterface ) [ 00000000000000000000000000000000000000000000000000000000000000000000000000000]
specinterface_ln0  (specinterface ) [ 00000000000000000000000000000000000000000000000000000000000000000000000000000]
specinterface_ln0  (specinterface ) [ 00000000000000000000000000000000000000000000000000000000000000000000000000000]
specinterface_ln0  (specinterface ) [ 00000000000000000000000000000000000000000000000000000000000000000000000000000]
specinterface_ln0  (specinterface ) [ 00000000000000000000000000000000000000000000000000000000000000000000000000000]
specbitsmap_ln0    (specbitsmap   ) [ 00000000000000000000000000000000000000000000000000000000000000000000000000000]
specinterface_ln0  (specinterface ) [ 00000000000000000000000000000000000000000000000000000000000000000000000000000]
ret_ln52           (ret           ) [ 00000000000000000000000000000000000000000000000000000000000000000000000000000]
</LifeTime>

<model>

<comp_list>
<comp id="0" class="1000" name="gmem0">
<pin_list>
<pin id="1" dir="1" index="0" bw="1" slack="0"/>
</pin_list>
<bind>
<StgValue><ssdm name="gmem0"/></StgValue>
</bind>
</comp>

<comp id="2" class="1000" name="size">
<pin_list>
<pin id="3" dir="1" index="0" bw="1" slack="2147483647"/>
</pin_list>
<bind>
<StgValue><ssdm name="size"/></StgValue>
</bind>
</comp>

<comp id="4" class="1000" name="input_r">
<pin_list>
<pin id="5" dir="1" index="0" bw="1" slack="0"/>
</pin_list>
<bind>
<StgValue><ssdm name="input_r"/></StgValue>
</bind>
</comp>

<comp id="6" class="1000" name="s">
<pin_list>
<pin id="7" dir="1" index="0" bw="1" slack="0"/>
</pin_list>
<bind>
<StgValue><ssdm name="s"/></StgValue>
</bind>
</comp>

<comp id="8" class="1001" name="const_8">
<pin_list>
<pin id="9" dir="1" index="0" bw="1" slack="0"/>
</pin_list>
<bind>
<StgValue><ssdm name="_ssdm_op_Read.s_axilite.i64"/></StgValue>
</bind>
</comp>

<comp id="10" class="1001" name="const_10">
<pin_list>
<pin id="11" dir="1" index="0" bw="1" slack="0"/>
</pin_list>
<bind>
<StgValue><ssdm name="_ssdm_op_PartSelect.i57.i64.i32.i32"/></StgValue>
</bind>
</comp>

<comp id="12" class="1001" name="const_12">
<pin_list>
<pin id="13" dir="1" index="0" bw="1" slack="0"/>
</pin_list>
<bind>
<StgValue><ssdm name=""/></StgValue>
</bind>
</comp>

<comp id="14" class="1001" name="const_14">
<pin_list>
<pin id="15" dir="1" index="0" bw="1" slack="0"/>
</pin_list>
<bind>
<StgValue><ssdm name=""/></StgValue>
</bind>
</comp>

<comp id="16" class="1001" name="const_16">
<pin_list>
<pin id="17" dir="1" index="0" bw="1" slack="0"/>
</pin_list>
<bind>
<StgValue><ssdm name="_ssdm_op_ReadReq.m_axi.i1024P1A"/></StgValue>
</bind>
</comp>

<comp id="18" class="1001" name="const_18">
<pin_list>
<pin id="19" dir="1" index="0" bw="1" slack="0"/>
</pin_list>
<bind>
<StgValue><ssdm name=""/></StgValue>
</bind>
</comp>

<comp id="20" class="1001" name="const_20">
<pin_list>
<pin id="21" dir="1" index="0" bw="1" slack="0"/>
</pin_list>
<bind>
<StgValue><ssdm name="_ssdm_op_Read.m_axi.i1024P1A"/></StgValue>
</bind>
</comp>

<comp id="22" class="1001" name="const_22">
<pin_list>
<pin id="23" dir="1" index="0" bw="1" slack="0"/>
</pin_list>
<bind>
<StgValue><ssdm name="_ssdm_op_BitSelect.i1.i1024.i32"/></StgValue>
</bind>
</comp>

<comp id="24" class="1001" name="const_24">
<pin_list>
<pin id="25" dir="1" index="0" bw="1" slack="0"/>
</pin_list>
<bind>
<StgValue><ssdm name="_ssdm_op_Write.axis.volatile.i128P128A"/></StgValue>
</bind>
</comp>

<comp id="26" class="1001" name="const_26">
<pin_list>
<pin id="27" dir="1" index="0" bw="1" slack="2147483647"/>
</pin_list>
<bind>
<StgValue><ssdm name="_ssdm_op_Wait"/></StgValue>
</bind>
</comp>

<comp id="28" class="1001" name="const_28">
<pin_list>
<pin id="29" dir="1" index="0" bw="1" slack="0"/>
</pin_list>
<bind>
<StgValue><ssdm name="_ssdm_op_BitConcatenate.i3.i1.i2"/></StgValue>
</bind>
</comp>

<comp id="30" class="1001" name="const_30">
<pin_list>
<pin id="31" dir="1" index="0" bw="1" slack="0"/>
</pin_list>
<bind>
<StgValue><ssdm name=""/></StgValue>
</bind>
</comp>

<comp id="32" class="1001" name="const_32">
<pin_list>
<pin id="33" dir="1" index="0" bw="1" slack="0"/>
</pin_list>
<bind>
<StgValue><ssdm name=""/></StgValue>
</bind>
</comp>

<comp id="34" class="1001" name="const_34">
<pin_list>
<pin id="35" dir="1" index="0" bw="1" slack="0"/>
</pin_list>
<bind>
<StgValue><ssdm name="_ssdm_op_BitConcatenate.i5.i4.i1"/></StgValue>
</bind>
</comp>

<comp id="36" class="1001" name="const_36">
<pin_list>
<pin id="37" dir="1" index="0" bw="1" slack="0"/>
</pin_list>
<bind>
<StgValue><ssdm name=""/></StgValue>
</bind>
</comp>

<comp id="38" class="1001" name="const_38">
<pin_list>
<pin id="39" dir="1" index="0" bw="1" slack="0"/>
</pin_list>
<bind>
<StgValue><ssdm name="setup_aie_Pipeline_VITIS_LOOP_48_1"/></StgValue>
</bind>
</comp>

<comp id="40" class="1001" name="const_40">
<pin_list>
<pin id="41" dir="1" index="0" bw="1" slack="2147483647"/>
</pin_list>
<bind>
<StgValue><ssdm name="_ssdm_op_SpecTopModule"/></StgValue>
</bind>
</comp>

<comp id="42" class="1001" name="const_42">
<pin_list>
<pin id="43" dir="1" index="0" bw="1" slack="2147483647"/>
</pin_list>
<bind>
<StgValue><ssdm name="empty_11"/></StgValue>
</bind>
</comp>

<comp id="44" class="1001" name="const_44">
<pin_list>
<pin id="45" dir="1" index="0" bw="1" slack="2147483647"/>
</pin_list>
<bind>
<StgValue><ssdm name="_ssdm_op_SpecInterface"/></StgValue>
</bind>
</comp>

<comp id="46" class="1001" name="const_46">
<pin_list>
<pin id="47" dir="1" index="0" bw="1" slack="2147483647"/>
</pin_list>
<bind>
<StgValue><ssdm name=""/></StgValue>
</bind>
</comp>

<comp id="48" class="1001" name="const_48">
<pin_list>
<pin id="49" dir="1" index="0" bw="1" slack="2147483647"/>
</pin_list>
<bind>
<StgValue><ssdm name="empty_12"/></StgValue>
</bind>
</comp>

<comp id="50" class="1001" name="const_50">
<pin_list>
<pin id="51" dir="1" index="0" bw="1" slack="2147483647"/>
</pin_list>
<bind>
<StgValue><ssdm name="empty_14"/></StgValue>
</bind>
</comp>

<comp id="52" class="1001" name="const_52">
<pin_list>
<pin id="53" dir="1" index="0" bw="1" slack="2147483647"/>
</pin_list>
<bind>
<StgValue><ssdm name=""/></StgValue>
</bind>
</comp>

<comp id="54" class="1001" name="const_54">
<pin_list>
<pin id="55" dir="1" index="0" bw="1" slack="2147483647"/>
</pin_list>
<bind>
<StgValue><ssdm name="empty_7"/></StgValue>
</bind>
</comp>

<comp id="56" class="1001" name="const_56">
<pin_list>
<pin id="57" dir="1" index="0" bw="1" slack="2147483647"/>
</pin_list>
<bind>
<StgValue><ssdm name=""/></StgValue>
</bind>
</comp>

<comp id="58" class="1001" name="const_58">
<pin_list>
<pin id="59" dir="1" index="0" bw="1" slack="2147483647"/>
</pin_list>
<bind>
<StgValue><ssdm name=""/></StgValue>
</bind>
</comp>

<comp id="60" class="1001" name="const_60">
<pin_list>
<pin id="61" dir="1" index="0" bw="1" slack="2147483647"/>
</pin_list>
<bind>
<StgValue><ssdm name="empty"/></StgValue>
</bind>
</comp>

<comp id="62" class="1001" name="const_62">
<pin_list>
<pin id="63" dir="1" index="0" bw="1" slack="2147483647"/>
</pin_list>
<bind>
<StgValue><ssdm name="empty_0"/></StgValue>
</bind>
</comp>

<comp id="64" class="1001" name="const_64">
<pin_list>
<pin id="65" dir="1" index="0" bw="1" slack="2147483647"/>
</pin_list>
<bind>
<StgValue><ssdm name=""/></StgValue>
</bind>
</comp>

<comp id="66" class="1001" name="const_66">
<pin_list>
<pin id="67" dir="1" index="0" bw="1" slack="2147483647"/>
</pin_list>
<bind>
<StgValue><ssdm name="_ssdm_op_SpecBitsMap"/></StgValue>
</bind>
</comp>

<comp id="68" class="1001" name="const_68">
<pin_list>
<pin id="69" dir="1" index="0" bw="1" slack="2147483647"/>
</pin_list>
<bind>
<StgValue><ssdm name="empty_1"/></StgValue>
</bind>
</comp>

<comp id="70" class="1001" name="const_70">
<pin_list>
<pin id="71" dir="1" index="0" bw="1" slack="2147483647"/>
</pin_list>
<bind>
<StgValue><ssdm name="empty_2"/></StgValue>
</bind>
</comp>

<comp id="72" class="1001" name="const_72">
<pin_list>
<pin id="73" dir="1" index="0" bw="1" slack="2147483647"/>
</pin_list>
<bind>
<StgValue><ssdm name="empty_3"/></StgValue>
</bind>
</comp>

<comp id="74" class="1001" name="const_74">
<pin_list>
<pin id="75" dir="1" index="0" bw="1" slack="2147483647"/>
</pin_list>
<bind>
<StgValue><ssdm name="empty_4"/></StgValue>
</bind>
</comp>

<comp id="76" class="1001" name="const_76">
<pin_list>
<pin id="77" dir="1" index="0" bw="1" slack="2147483647"/>
</pin_list>
<bind>
<StgValue><ssdm name="empty_6"/></StgValue>
</bind>
</comp>

<comp id="78" class="1001" name="const_78">
<pin_list>
<pin id="79" dir="1" index="0" bw="1" slack="2147483647"/>
</pin_list>
<bind>
<StgValue><ssdm name="empty_8"/></StgValue>
</bind>
</comp>

<comp id="80" class="1001" name="const_80">
<pin_list>
<pin id="81" dir="1" index="0" bw="1" slack="2147483647"/>
</pin_list>
<bind>
<StgValue><ssdm name="empty_5"/></StgValue>
</bind>
</comp>

<comp id="82" class="1001" name="const_82">
<pin_list>
<pin id="83" dir="1" index="0" bw="1" slack="2147483647"/>
</pin_list>
<bind>
<StgValue><ssdm name="empty_9"/></StgValue>
</bind>
</comp>

<comp id="84" class="1001" name="const_84">
<pin_list>
<pin id="85" dir="1" index="0" bw="1" slack="2147483647"/>
</pin_list>
<bind>
<StgValue><ssdm name="empty_10"/></StgValue>
</bind>
</comp>

<comp id="86" class="1004" name="input_r_read_read_fu_86">
<pin_list>
<pin id="87" dir="0" index="0" bw="64" slack="0"/>
<pin id="88" dir="0" index="1" bw="64" slack="0"/>
<pin id="89" dir="1" index="2" bw="64" slack="0"/>
</pin_list>
<bind>
<opcode="read(1150) " fcode="read"/>
<opset="input_r_read/1 "/>
</bind>
</comp>

<comp id="92" class="1004" name="grp_readreq_fu_92">
<pin_list>
<pin id="93" dir="0" index="0" bw="1" slack="0"/>
<pin id="94" dir="0" index="1" bw="1024" slack="0"/>
<pin id="95" dir="0" index="2" bw="1" slack="0"/>
<pin id="96" dir="1" index="3" bw="1" slack="2147483647"/>
</pin_list>
<bind>
<opcode="readreq(1154) " fcode="readreq"/>
<opset="ret_req/2 "/>
</bind>
</comp>

<comp id="99" class="1004" name="ret_read_fu_99">
<pin_list>
<pin id="100" dir="0" index="0" bw="1024" slack="0"/>
<pin id="101" dir="0" index="1" bw="1024" slack="70"/>
<pin id="102" dir="1" index="2" bw="1024" slack="0"/>
</pin_list>
<bind>
<opcode="read(1150) " fcode="read"/>
<opset="ret/72 "/>
</bind>
</comp>

<comp id="104" class="1004" name="grp_write_fu_104">
<pin_list>
<pin id="105" dir="0" index="0" bw="0" slack="0"/>
<pin id="106" dir="0" index="1" bw="128" slack="0"/>
<pin id="107" dir="0" index="2" bw="128" slack="0"/>
<pin id="108" dir="1" index="3" bw="0" slack="2147483647"/>
</pin_list>
<bind>
<opcode="write(1151) " fcode="write"/>
<opset="write_ln47/72 "/>
</bind>
</comp>

<comp id="111" class="1004" name="grp_setup_aie_Pipeline_VITIS_LOOP_48_1_fu_111">
<pin_list>
<pin id="112" dir="0" index="0" bw="0" slack="0"/>
<pin id="113" dir="0" index="1" bw="5" slack="0"/>
<pin id="114" dir="0" index="2" bw="128" slack="2"/>
<pin id="115" dir="0" index="3" bw="128" slack="0"/>
<pin id="116" dir="1" index="4" bw="0" slack="2147483647"/>
</pin_list>
<bind>
<opcode="call(48) " fcode="call"/>
<opset="call_ln48/74 "/>
</bind>
</comp>

<comp id="119" class="1004" name="trunc_ln_fu_119">
<pin_list>
<pin id="120" dir="0" index="0" bw="57" slack="0"/>
<pin id="121" dir="0" index="1" bw="64" slack="0"/>
<pin id="122" dir="0" index="2" bw="4" slack="0"/>
<pin id="123" dir="0" index="3" bw="7" slack="0"/>
<pin id="124" dir="1" index="4" bw="57" slack="1"/>
</pin_list>
<bind>
<opcode="partselect(1002) " fcode="partselect"/>
<opset="trunc_ln/1 "/>
</bind>
</comp>

<comp id="129" class="1004" name="sext_ln416_fu_129">
<pin_list>
<pin id="130" dir="0" index="0" bw="57" slack="1"/>
<pin id="131" dir="1" index="1" bw="64" slack="0"/>
</pin_list>
<bind>
<opcode="sext(35) " fcode="sext"/>
<opset="sext_ln416/2 "/>
</bind>
</comp>

<comp id="132" class="1004" name="gmem0_addr_fu_132">
<pin_list>
<pin id="133" dir="0" index="0" bw="64" slack="0"/>
<pin id="134" dir="0" index="1" bw="64" slack="0"/>
<pin id="135" dir="1" index="2" bw="64" slack="0"/>
</pin_list>
<bind>
<opcode="getelementptr(29) " fcode="getelementptr"/>
<opset="gmem0_addr/2 "/>
</bind>
</comp>

<comp id="139" class="1004" name="tmp_V_fu_139">
<pin_list>
<pin id="140" dir="0" index="0" bw="1024" slack="0"/>
<pin id="141" dir="1" index="1" bw="128" slack="0"/>
</pin_list>
<bind>
<opcode="trunc(33) " fcode="trunc"/>
<opset="tmp_V/72 "/>
</bind>
</comp>

<comp id="144" class="1004" name="tmp_fu_144">
<pin_list>
<pin id="145" dir="0" index="0" bw="1" slack="0"/>
<pin id="146" dir="0" index="1" bw="1024" slack="0"/>
<pin id="147" dir="0" index="2" bw="1" slack="0"/>
<pin id="148" dir="1" index="3" bw="1" slack="2"/>
</pin_list>
<bind>
<opcode="bitselect(1000) " fcode="bitselect"/>
<opset="tmp/72 "/>
</bind>
</comp>

<comp id="152" class="1004" name="trunc_ln48_fu_152">
<pin_list>
<pin id="153" dir="0" index="0" bw="1024" slack="0"/>
<pin id="154" dir="1" index="1" bw="1" slack="2"/>
</pin_list>
<bind>
<opcode="trunc(33) " fcode="trunc"/>
<opset="trunc_ln48/72 "/>
</bind>
</comp>

<comp id="156" class="1004" name="shl_ln_fu_156">
<pin_list>
<pin id="157" dir="0" index="0" bw="3" slack="0"/>
<pin id="158" dir="0" index="1" bw="1" slack="2"/>
<pin id="159" dir="0" index="2" bw="1" slack="0"/>
<pin id="160" dir="1" index="3" bw="3" slack="0"/>
</pin_list>
<bind>
<opcode="bitconcatenate(1004) " fcode="bitconcatenate"/>
<opset="shl_ln/74 "/>
</bind>
</comp>

<comp id="163" class="1004" name="zext_ln48_fu_163">
<pin_list>
<pin id="164" dir="0" index="0" bw="3" slack="0"/>
<pin id="165" dir="1" index="1" bw="4" slack="0"/>
</pin_list>
<bind>
<opcode="zext(34) " fcode="zext"/>
<opset="zext_ln48/74 "/>
</bind>
</comp>

<comp id="167" class="1004" name="add_ln48_fu_167">
<pin_list>
<pin id="168" dir="0" index="0" bw="3" slack="0"/>
<pin id="169" dir="0" index="1" bw="4" slack="0"/>
<pin id="170" dir="1" index="2" bw="4" slack="0"/>
</pin_list>
<bind>
<opcode="add(8) " fcode="add"/>
<opset="add_ln48/74 "/>
</bind>
</comp>

<comp id="173" class="1004" name="zext_ln48_1_fu_173">
<pin_list>
<pin id="174" dir="0" index="0" bw="4" slack="0"/>
<pin id="175" dir="1" index="1" bw="5" slack="0"/>
</pin_list>
<bind>
<opcode="zext(34) " fcode="zext"/>
<opset="zext_ln48_1/74 "/>
</bind>
</comp>

<comp id="177" class="1004" name="tmp_1_fu_177">
<pin_list>
<pin id="178" dir="0" index="0" bw="5" slack="0"/>
<pin id="179" dir="0" index="1" bw="4" slack="0"/>
<pin id="180" dir="0" index="2" bw="1" slack="0"/>
<pin id="181" dir="1" index="3" bw="5" slack="0"/>
</pin_list>
<bind>
<opcode="bitconcatenate(1004) " fcode="bitconcatenate"/>
<opset="tmp_1/74 "/>
</bind>
</comp>

<comp id="185" class="1004" name="select_ln48_fu_185">
<pin_list>
<pin id="186" dir="0" index="0" bw="1" slack="2"/>
<pin id="187" dir="0" index="1" bw="5" slack="0"/>
<pin id="188" dir="0" index="2" bw="5" slack="0"/>
<pin id="189" dir="1" index="3" bw="5" slack="0"/>
</pin_list>
<bind>
<opcode="select(49) " fcode="select"/>
<opset="select_ln48/74 "/>
</bind>
</comp>

<comp id="193" class="1005" name="trunc_ln_reg_193">
<pin_list>
<pin id="194" dir="0" index="0" bw="57" slack="1"/>
<pin id="195" dir="1" index="1" bw="57" slack="1"/>
</pin_list>
<bind>
<opset="trunc_ln "/>
</bind>
</comp>

<comp id="198" class="1005" name="gmem0_addr_reg_198">
<pin_list>
<pin id="199" dir="0" index="0" bw="1024" slack="1"/>
<pin id="200" dir="1" index="1" bw="1024" slack="1"/>
</pin_list>
<bind>
<opset="gmem0_addr "/>
</bind>
</comp>

<comp id="204" class="1005" name="tmp_V_reg_204">
<pin_list>
<pin id="205" dir="0" index="0" bw="128" slack="1"/>
<pin id="206" dir="1" index="1" bw="128" slack="1"/>
</pin_list>
<bind>
<opset="tmp_V "/>
</bind>
</comp>

<comp id="210" class="1005" name="tmp_reg_210">
<pin_list>
<pin id="211" dir="0" index="0" bw="1" slack="2"/>
<pin id="212" dir="1" index="1" bw="1" slack="2"/>
</pin_list>
<bind>
<opset="tmp "/>
</bind>
</comp>

<comp id="215" class="1005" name="trunc_ln48_reg_215">
<pin_list>
<pin id="216" dir="0" index="0" bw="1" slack="2"/>
<pin id="217" dir="1" index="1" bw="1" slack="2"/>
</pin_list>
<bind>
<opset="trunc_ln48 "/>
</bind>
</comp>

<comp id="220" class="1005" name="select_ln48_reg_220">
<pin_list>
<pin id="221" dir="0" index="0" bw="5" slack="1"/>
<pin id="222" dir="1" index="1" bw="5" slack="1"/>
</pin_list>
<bind>
<opset="select_ln48 "/>
</bind>
</comp>

</comp_list>

<net_list>
<net id="90"><net_src comp="8" pin="0"/><net_sink comp="86" pin=0"/></net>

<net id="91"><net_src comp="4" pin="0"/><net_sink comp="86" pin=1"/></net>

<net id="97"><net_src comp="16" pin="0"/><net_sink comp="92" pin=0"/></net>

<net id="98"><net_src comp="18" pin="0"/><net_sink comp="92" pin=2"/></net>

<net id="103"><net_src comp="20" pin="0"/><net_sink comp="99" pin=0"/></net>

<net id="109"><net_src comp="24" pin="0"/><net_sink comp="104" pin=0"/></net>

<net id="110"><net_src comp="6" pin="0"/><net_sink comp="104" pin=1"/></net>

<net id="117"><net_src comp="38" pin="0"/><net_sink comp="111" pin=0"/></net>

<net id="118"><net_src comp="6" pin="0"/><net_sink comp="111" pin=3"/></net>

<net id="125"><net_src comp="10" pin="0"/><net_sink comp="119" pin=0"/></net>

<net id="126"><net_src comp="86" pin="2"/><net_sink comp="119" pin=1"/></net>

<net id="127"><net_src comp="12" pin="0"/><net_sink comp="119" pin=2"/></net>

<net id="128"><net_src comp="14" pin="0"/><net_sink comp="119" pin=3"/></net>

<net id="136"><net_src comp="0" pin="0"/><net_sink comp="132" pin=0"/></net>

<net id="137"><net_src comp="129" pin="1"/><net_sink comp="132" pin=1"/></net>

<net id="138"><net_src comp="132" pin="2"/><net_sink comp="92" pin=1"/></net>

<net id="142"><net_src comp="99" pin="2"/><net_sink comp="139" pin=0"/></net>

<net id="143"><net_src comp="139" pin="1"/><net_sink comp="104" pin=2"/></net>

<net id="149"><net_src comp="22" pin="0"/><net_sink comp="144" pin=0"/></net>

<net id="150"><net_src comp="99" pin="2"/><net_sink comp="144" pin=1"/></net>

<net id="151"><net_src comp="18" pin="0"/><net_sink comp="144" pin=2"/></net>

<net id="155"><net_src comp="99" pin="2"/><net_sink comp="152" pin=0"/></net>

<net id="161"><net_src comp="28" pin="0"/><net_sink comp="156" pin=0"/></net>

<net id="162"><net_src comp="30" pin="0"/><net_sink comp="156" pin=2"/></net>

<net id="166"><net_src comp="156" pin="3"/><net_sink comp="163" pin=0"/></net>

<net id="171"><net_src comp="163" pin="1"/><net_sink comp="167" pin=0"/></net>

<net id="172"><net_src comp="32" pin="0"/><net_sink comp="167" pin=1"/></net>

<net id="176"><net_src comp="167" pin="2"/><net_sink comp="173" pin=0"/></net>

<net id="182"><net_src comp="34" pin="0"/><net_sink comp="177" pin=0"/></net>

<net id="183"><net_src comp="167" pin="2"/><net_sink comp="177" pin=1"/></net>

<net id="184"><net_src comp="36" pin="0"/><net_sink comp="177" pin=2"/></net>

<net id="190"><net_src comp="177" pin="3"/><net_sink comp="185" pin=1"/></net>

<net id="191"><net_src comp="173" pin="1"/><net_sink comp="185" pin=2"/></net>

<net id="192"><net_src comp="185" pin="3"/><net_sink comp="111" pin=1"/></net>

<net id="196"><net_src comp="119" pin="4"/><net_sink comp="193" pin=0"/></net>

<net id="197"><net_src comp="193" pin="1"/><net_sink comp="129" pin=0"/></net>

<net id="201"><net_src comp="132" pin="2"/><net_sink comp="198" pin=0"/></net>

<net id="202"><net_src comp="198" pin="1"/><net_sink comp="92" pin=1"/></net>

<net id="203"><net_src comp="198" pin="1"/><net_sink comp="99" pin=1"/></net>

<net id="207"><net_src comp="139" pin="1"/><net_sink comp="204" pin=0"/></net>

<net id="208"><net_src comp="204" pin="1"/><net_sink comp="104" pin=2"/></net>

<net id="209"><net_src comp="204" pin="1"/><net_sink comp="111" pin=2"/></net>

<net id="213"><net_src comp="144" pin="3"/><net_sink comp="210" pin=0"/></net>

<net id="214"><net_src comp="210" pin="1"/><net_sink comp="185" pin=0"/></net>

<net id="218"><net_src comp="152" pin="1"/><net_sink comp="215" pin=0"/></net>

<net id="219"><net_src comp="215" pin="1"/><net_sink comp="156" pin=1"/></net>

<net id="223"><net_src comp="185" pin="3"/><net_sink comp="220" pin=0"/></net>

<net id="224"><net_src comp="220" pin="1"/><net_sink comp="111" pin=1"/></net>

</net_list>

</model> 
---------------- Datapath Model END ------------------

* FSMD analyzer results:
  - Output states:
	Port: s | {73 74 75 }
 - Input state : 
	Port: setup_aie : gmem0 | {2 3 4 5 6 7 8 9 10 11 12 13 14 15 16 17 18 19 20 21 22 23 24 25 26 27 28 29 30 31 32 33 34 35 36 37 38 39 40 41 42 43 44 45 46 47 48 49 50 51 52 53 54 55 56 57 58 59 60 61 62 63 64 65 66 67 68 69 70 71 72 }
	Port: setup_aie : input_r | {1 }
  - Chain level:
	State 1
	State 2
		gmem0_addr : 1
		ret_req : 2
	State 3
	State 4
	State 5
	State 6
	State 7
	State 8
	State 9
	State 10
	State 11
	State 12
	State 13
	State 14
	State 15
	State 16
	State 17
	State 18
	State 19
	State 20
	State 21
	State 22
	State 23
	State 24
	State 25
	State 26
	State 27
	State 28
	State 29
	State 30
	State 31
	State 32
	State 33
	State 34
	State 35
	State 36
	State 37
	State 38
	State 39
	State 40
	State 41
	State 42
	State 43
	State 44
	State 45
	State 46
	State 47
	State 48
	State 49
	State 50
	State 51
	State 52
	State 53
	State 54
	State 55
	State 56
	State 57
	State 58
	State 59
	State 60
	State 61
	State 62
	State 63
	State 64
	State 65
	State 66
	State 67
	State 68
	State 69
	State 70
	State 71
	State 72
		write_ln47 : 1
	State 73
	State 74
		zext_ln48 : 1
		add_ln48 : 2
		zext_ln48_1 : 3
		tmp_1 : 3
		select_ln48 : 4
		call_ln48 : 5
	State 75
	State 76


============================================================
+ Verbose Summary: Datapath Resource usage 
============================================================

* Functional unit list:
|----------|-----------------------------------------------|---------|---------|
| Operation|                Functional Unit                |    FF   |   LUT   |
|----------|-----------------------------------------------|---------|---------|
|   call   | grp_setup_aie_Pipeline_VITIS_LOOP_48_1_fu_111 |   133   |    7    |
|----------|-----------------------------------------------|---------|---------|
|    add   |                add_ln48_fu_167                |    0    |    5    |
|----------|-----------------------------------------------|---------|---------|
|  select  |               select_ln48_fu_185              |    0    |    5    |
|----------|-----------------------------------------------|---------|---------|
|   read   |            input_r_read_read_fu_86            |    0    |    0    |
|          |                 ret_read_fu_99                |    0    |    0    |
|----------|-----------------------------------------------|---------|---------|
|  readreq |               grp_readreq_fu_92               |    0    |    0    |
|----------|-----------------------------------------------|---------|---------|
|   write  |                grp_write_fu_104               |    0    |    0    |
|----------|-----------------------------------------------|---------|---------|
|partselect|                trunc_ln_fu_119                |    0    |    0    |
|----------|-----------------------------------------------|---------|---------|
|   sext   |               sext_ln416_fu_129               |    0    |    0    |
|----------|-----------------------------------------------|---------|---------|
|   trunc  |                  tmp_V_fu_139                 |    0    |    0    |
|          |               trunc_ln48_fu_152               |    0    |    0    |
|----------|-----------------------------------------------|---------|---------|
| bitselect|                   tmp_fu_144                  |    0    |    0    |
|----------|-----------------------------------------------|---------|---------|
|bitconcatenate|                 shl_ln_fu_156                 |    0    |    0    |
|          |                  tmp_1_fu_177                 |    0    |    0    |
|----------|-----------------------------------------------|---------|---------|
|   zext   |                zext_ln48_fu_163               |    0    |    0    |
|          |               zext_ln48_1_fu_173              |    0    |    0    |
|----------|-----------------------------------------------|---------|---------|
|   Total  |                                               |   133   |    17   |
|----------|-----------------------------------------------|---------|---------|

Memories:
N/A

* Register list:
+-------------------+--------+
|                   |   FF   |
+-------------------+--------+
| gmem0_addr_reg_198|  1024  |
|select_ln48_reg_220|    5   |
|   tmp_V_reg_204   |   128  |
|    tmp_reg_210    |    1   |
| trunc_ln48_reg_215|    1   |
|  trunc_ln_reg_193 |   57   |
+-------------------+--------+
|       Total       |  1216  |
+-------------------+--------+

* Multiplexer (MUX) list: 
|-----------------------------------------------|------|------|------|--------||---------||---------|
|                      Comp                     |  Pin | Size |  BW  | S x BW ||  Delay  ||   LUT   |
|-----------------------------------------------|------|------|------|--------||---------||---------|
|               grp_readreq_fu_92               |  p1  |   2  | 1024 |  2048  ||   121   |
|                grp_write_fu_104               |  p2  |   2  |  128 |   256  ||   121   |
| grp_setup_aie_Pipeline_VITIS_LOOP_48_1_fu_111 |  p1  |   2  |   5  |   10   ||    5    |
|-----------------------------------------------|------|------|------|--------||---------||---------|
|                     Total                     |      |      |      |  2314  ||  1.462  ||   247   |
|-----------------------------------------------|------|------|------|--------||---------||---------|



* Summary:
+-----------+--------+--------+--------+
|           |  Delay |   FF   |   LUT  |
+-----------+--------+--------+--------+
|  Function |    -   |   133  |   17   |
|   Memory  |    -   |    -   |    -   |
|Multiplexer|    1   |    -   |   247  |
|  Register |    -   |  1216  |    -   |
+-----------+--------+--------+--------+
|   Total   |    1   |  1349  |   264  |
+-----------+--------+--------+--------+
