
*** Running vivado
    with args -log ulp_inst_0_setup_aie_0_0.vds -m64 -product Vivado -mode batch -messageDb vivado.pb -notrace -source ulp_inst_0_setup_aie_0_0.tcl


****** Vivado v2022.2.2 (64-bit)
  **** SW Build 3788238 on Tue Feb 21 19:59:23 MST 2023
  **** IP Build 3783773 on Tue Feb 21 23:41:56 MST 2023
    ** Copyright 1986-2023 Xilinx, Inc. All Rights Reserved.

source ulp_inst_0_setup_aie_0_0.tcl -notrace
INFO: Dispatch client connection id - 36651
create_project: Time (s): cpu = 00:00:12 ; elapsed = 00:01:10 . Memory (MB): peak = 1835.215 ; gain = 88.992 ; free physical = 22249 ; free virtual = 106524
INFO: [IP_Flow 19-234] Refreshing IP repositories
INFO: [IP_Flow 19-1700] Loaded user IP repository '/home/users/edoardo.dalessio/code/av_omega/VersalAutomationTemplate/hw/_x/link/int/xo/ip_repo/xilinx_com_hls_sink_from_aie_1_0'.
INFO: [IP_Flow 19-1700] Loaded user IP repository '/home/users/edoardo.dalessio/code/av_omega/VersalAutomationTemplate/hw/_x/link/int/xo/ip_repo/xilinx_com_hls_setup_aie_1_0'.
INFO: [IP_Flow 19-1700] Loaded user IP repository '/home/users/edoardo.dalessio/code/av_omega/VersalAutomationTemplate/hw/_x/link/vivado/vpl/.local/hw_platform/iprepo'.
INFO: [IP_Flow 19-1700] Loaded user IP repository '/home/users/edoardo.dalessio/code/av_omega/VersalAutomationTemplate/hw/_x/link/vivado/vpl/.local/hw_platform/ipcache'.
INFO: [IP_Flow 19-1700] Loaded user IP repository '/home/xilinx/software/Vitis/2022.2/data/ip'.
INFO: [IP_Flow 19-2313] Loaded Vivado IP repository '/home/xilinx/software/Vivado/2022.2/data/ip'.
WARNING: [IP_Flow 19-1663] Duplicate IP found for 'xilinx.com:hls:Data_Mover_XIP:1.0'. The one found in IP location '/home/users/edoardo.dalessio/code/av_omega/VersalAutomationTemplate/hw/_x/link/vivado/vpl/.local/hw_platform/iprepo/xilinx/data_mover' will take precedence over the same IP in location /home/xilinx/software/Vitis/2022.2/data/ip/xilinx/data_mover
WARNING: [IP_Flow 19-1663] Duplicate IP found for 'xilinx.com:ip:adapter_v3_0:1.0'. The one found in IP location '/home/users/edoardo.dalessio/code/av_omega/VersalAutomationTemplate/hw/_x/link/vivado/vpl/.local/hw_platform/iprepo/xilinx/adapter_v3_0' will take precedence over the same IP in location /home/xilinx/software/Vitis/2022.2/data/ip/xilinx/adapter_v3_0
WARNING: [IP_Flow 19-1663] Duplicate IP found for 'xilinx.com:ip:axis_ic2sgdma:1.0'. The one found in IP location '/home/users/edoardo.dalessio/code/av_omega/VersalAutomationTemplate/hw/_x/link/vivado/vpl/.local/hw_platform/iprepo/xilinx/axis_ic2sgdma_v1_0' will take precedence over the same IP in location /home/xilinx/software/Vitis/2022.2/data/ip/xilinx/axis_ic2sgdma_v1_0
WARNING: [IP_Flow 19-1663] Duplicate IP found for 'xilinx.com:ip:Event_Pulse:1.0'. The one found in IP location '/home/users/edoardo.dalessio/code/av_omega/VersalAutomationTemplate/hw/_x/link/vivado/vpl/.local/hw_platform/iprepo/xilinx/event_pulse_v1_0' will take precedence over the same IP in location /home/xilinx/software/Vitis/2022.2/data/ip/xilinx/event_pulse_v1_0
WARNING: [IP_Flow 19-1663] Duplicate IP found for 'xilinx.com:ip:sds_lib:1.0'. The one found in IP location '/home/users/edoardo.dalessio/code/av_omega/VersalAutomationTemplate/hw/_x/link/vivado/vpl/.local/hw_platform/iprepo/xilinx/sds_lib' will take precedence over the same IP in location /home/xilinx/software/Vitis/2022.2/data/ip/xilinx/sds_lib
WARNING: [IP_Flow 19-1663] Duplicate IP found for 'xilinx.com:sds:sds_mem_sink:1.0'. The one found in IP location '/home/users/edoardo.dalessio/code/av_omega/VersalAutomationTemplate/hw/_x/link/vivado/vpl/.local/hw_platform/iprepo/xilinx/sds_mem_sink' will take precedence over the same IP in location /home/xilinx/software/Vitis/2022.2/data/ip/xilinx/sds_mem_sink
WARNING: [IP_Flow 19-1663] Duplicate IP found for 'xilinx.com:ip:xrt_queue:1.1'. The one found in IP location '/home/users/edoardo.dalessio/code/av_omega/VersalAutomationTemplate/hw/_x/link/vivado/vpl/.local/hw_platform/iprepo/xilinx/xrt_queue_v1_1' will take precedence over the same IP in location /home/xilinx/software/Vitis/2022.2/data/ip/xilinx/xrt_queue_v1_1
WARNING: [IP_Flow 19-1663] Duplicate IP found for 'xilinx.com:ip:aximm_tieoff_v1_0:1.0'. The one found in IP location '/home/users/edoardo.dalessio/code/av_omega/VersalAutomationTemplate/hw/_x/link/vivado/vpl/.local/hw_platform/iprepo/xilinx/aximm_tieoff_v1_0' will take precedence over the same IP in location /home/xilinx/software/Vitis/2022.2/data/ip/xilinx/aximm_tieoff_v1_0
WARNING: [IP_Flow 19-1663] Duplicate IP found for 'xilinx.com:ip:maxis_tieoff_v1_0:1.0'. The one found in IP location '/home/users/edoardo.dalessio/code/av_omega/VersalAutomationTemplate/hw/_x/link/vivado/vpl/.local/hw_platform/iprepo/xilinx/maxis_tieoff_v1_0' will take precedence over the same IP in location /home/xilinx/software/Vitis/2022.2/data/ip/xilinx/maxis_tieoff_v1_0
WARNING: [IP_Flow 19-1663] Duplicate IP found for 'xilinx.com:ip:saxis_tieoff_v1_0:1.0'. The one found in IP location '/home/users/edoardo.dalessio/code/av_omega/VersalAutomationTemplate/hw/_x/link/vivado/vpl/.local/hw_platform/iprepo/xilinx/saxis_tieoff_v1_0' will take precedence over the same IP in location /home/xilinx/software/Vitis/2022.2/data/ip/xilinx/saxis_tieoff_v1_0
WARNING: [IP_Flow 19-1663] Duplicate IP found for 'xilinx.com:ip:ovld_reg:1.0'. The one found in IP location '/home/users/edoardo.dalessio/code/av_omega/VersalAutomationTemplate/hw/_x/link/vivado/vpl/.local/hw_platform/iprepo/xilinx/ovld_reg_v1_0' will take precedence over the same IP in location /home/xilinx/software/Vitis/2022.2/data/ip/xilinx/ovld_reg_v1_0
WARNING: [IP_Flow 19-1663] Duplicate IP found for 'xilinx.com:ip:xrt_queue:1.0'. The one found in IP location '/home/users/edoardo.dalessio/code/av_omega/VersalAutomationTemplate/hw/_x/link/vivado/vpl/.local/hw_platform/iprepo/xilinx/xrt_queue_v1_0' will take precedence over the same IP in location /home/xilinx/software/Vitis/2022.2/data/ip/xilinx/xrt_queue_v1_0
WARNING: [IP_Flow 19-1663] Duplicate IP found for 'xilinx.com:ip:axi_fifo_register:3.0'. The one found in IP location '/home/users/edoardo.dalessio/code/av_omega/VersalAutomationTemplate/hw/_x/link/vivado/vpl/.local/hw_platform/iprepo/xilinx/axi_fifo_register_v3_0' will take precedence over the same IP in location /home/xilinx/software/Vitis/2022.2/data/ip/xilinx/axi_fifo_register_v3_0
WARNING: [IP_Flow 19-1663] Duplicate IP found for 'xilinx.com:ip:stream_gate:1.0'. The one found in IP location '/home/users/edoardo.dalessio/code/av_omega/VersalAutomationTemplate/hw/_x/link/vivado/vpl/.local/hw_platform/iprepo/xilinx/stream_gate_v1_0' will take precedence over the same IP in location /home/xilinx/software/Vitis/2022.2/data/ip/xilinx/stream_gate_v1_0
WARNING: [IP_Flow 19-1663] Duplicate IP found for 'xilinx.com:ip:sgdma2axis_ic:1.0'. The one found in IP location '/home/users/edoardo.dalessio/code/av_omega/VersalAutomationTemplate/hw/_x/link/vivado/vpl/.local/hw_platform/iprepo/xilinx/sgdma2axis_ic_v1_0' will take precedence over the same IP in location /home/xilinx/software/Vitis/2022.2/data/ip/xilinx/sgdma2axis_ic_v1_0
WARNING: [IP_Flow 19-1663] Duplicate IP found for 'xilinx.com:sds:sds_mem_source:1.0'. The one found in IP location '/home/users/edoardo.dalessio/code/av_omega/VersalAutomationTemplate/hw/_x/link/vivado/vpl/.local/hw_platform/iprepo/xilinx/sds_mem_source' will take precedence over the same IP in location /home/xilinx/software/Vitis/2022.2/data/ip/xilinx/sds_mem_source
update_ip_catalog: Time (s): cpu = 00:00:06 ; elapsed = 00:00:32 . Memory (MB): peak = 2030.957 ; gain = 191.742 ; free physical = 21777 ; free virtual = 106042
INFO: [IP_Flow 19-6924] IPCACHE: Running cache check for IP inst: ulp_inst_0_setup_aie_0_0
INFO: [IP_Flow 19-6922] IPCACHE: Exporting cached entry 5365e2425fab2484 to dir: /home/users/edoardo.dalessio/code/av_omega/VersalAutomationTemplate/hw/_x/link/vivado/vpl/prj/prj.runs/ulp_inst_0_setup_aie_0_0_synth_1
INFO: [IP_Flow 19-6928] IPCACHE: copied cached file /home/users/edoardo.dalessio/code/av_omega/VersalAutomationTemplate/hw/.ipcache/5/3/5365e2425fab2484/ulp_inst_0_setup_aie_1_0_sim_netlist.v to /home/users/edoardo.dalessio/code/av_omega/VersalAutomationTemplate/hw/_x/link/vivado/vpl/prj/prj.runs/ulp_inst_0_setup_aie_0_0_synth_1/ulp_inst_0_setup_aie_0_0_sim_netlist.v.
INFO: [IP_Flow 19-6928] IPCACHE: copied cached file /home/users/edoardo.dalessio/code/av_omega/VersalAutomationTemplate/hw/.ipcache/5/3/5365e2425fab2484/ulp_inst_0_setup_aie_1_0.dcp to /home/users/edoardo.dalessio/code/av_omega/VersalAutomationTemplate/hw/_x/link/vivado/vpl/prj/prj.runs/ulp_inst_0_setup_aie_0_0_synth_1/ulp_inst_0_setup_aie_0_0.dcp.
INFO: [IP_Flow 19-6928] IPCACHE: copied cached file /home/users/edoardo.dalessio/code/av_omega/VersalAutomationTemplate/hw/.ipcache/5/3/5365e2425fab2484/ulp_inst_0_setup_aie_1_0_stub.vhdl to /home/users/edoardo.dalessio/code/av_omega/VersalAutomationTemplate/hw/_x/link/vivado/vpl/prj/prj.runs/ulp_inst_0_setup_aie_0_0_synth_1/ulp_inst_0_setup_aie_0_0_stub.vhdl.
INFO: [IP_Flow 19-6928] IPCACHE: copied cached file /home/users/edoardo.dalessio/code/av_omega/VersalAutomationTemplate/hw/.ipcache/5/3/5365e2425fab2484/ulp_inst_0_setup_aie_1_0_sim_netlist.vhdl to /home/users/edoardo.dalessio/code/av_omega/VersalAutomationTemplate/hw/_x/link/vivado/vpl/prj/prj.runs/ulp_inst_0_setup_aie_0_0_synth_1/ulp_inst_0_setup_aie_0_0_sim_netlist.vhdl.
INFO: [IP_Flow 19-6928] IPCACHE: copied cached file /home/users/edoardo.dalessio/code/av_omega/VersalAutomationTemplate/hw/.ipcache/5/3/5365e2425fab2484/ulp_inst_0_setup_aie_1_0_stub.v to /home/users/edoardo.dalessio/code/av_omega/VersalAutomationTemplate/hw/_x/link/vivado/vpl/prj/prj.runs/ulp_inst_0_setup_aie_0_0_synth_1/ulp_inst_0_setup_aie_0_0_stub.v.
INFO: [IP_Flow 19-4838] Using cached IP synthesis design for IP ulp_inst_0_setup_aie_0_0, cache-ID = 5365e2425fab2484.
INFO: [Common 17-206] Exiting Vivado at Sun Jun 30 19:06:28 2024...
