
*** Running vivado
    with args -log ulp_inst_0_pipereg_kernel1_0.vds -m64 -product Vivado -mode batch -messageDb vivado.pb -notrace -source ulp_inst_0_pipereg_kernel1_0.tcl


****** Vivado v2022.2.2 (64-bit)
  **** SW Build 3788238 on Tue Feb 21 19:59:23 MST 2023
  **** IP Build 3783773 on Tue Feb 21 23:41:56 MST 2023
    ** Copyright 1986-2023 Xilinx, Inc. All Rights Reserved.

source ulp_inst_0_pipereg_kernel1_0.tcl -notrace
INFO: Dispatch client connection id - 36651
create_project: Time (s): cpu = 00:00:13 ; elapsed = 00:01:45 . Memory (MB): peak = 1835.031 ; gain = 89.961 ; free physical = 45969 ; free virtual = 110580
INFO: [IP_Flow 19-234] Refreshing IP repositories
INFO: [IP_Flow 19-1700] Loaded user IP repository '/home/users/edoardo.dalessio/code/av_omega/VersalAutomationTemplate/hw/_x/link/int/xo/ip_repo/xilinx_com_hls_sink_from_aie_1_0'.
INFO: [IP_Flow 19-1700] Loaded user IP repository '/home/users/edoardo.dalessio/code/av_omega/VersalAutomationTemplate/hw/_x/link/int/xo/ip_repo/xilinx_com_hls_setup_aie_1_0'.
INFO: [IP_Flow 19-1700] Loaded user IP repository '/home/users/edoardo.dalessio/code/av_omega/VersalAutomationTemplate/hw/_x/link/vivado/vpl/.local/hw_platform/iprepo'.
INFO: [IP_Flow 19-1700] Loaded user IP repository '/home/users/edoardo.dalessio/code/av_omega/VersalAutomationTemplate/hw/_x/link/vivado/vpl/.local/hw_platform/ipcache'.
INFO: [IP_Flow 19-1700] Loaded user IP repository '/home/xilinx/software/Vitis/2022.2/data/ip'.
INFO: [IP_Flow 19-2313] Loaded Vivado IP repository '/home/xilinx/software/Vivado/2022.2/data/ip'.
WARNING: [IP_Flow 19-1663] Duplicate IP found for 'xilinx.com:hls:Data_Mover_XIP:1.0'. The one found in IP location '/home/users/edoardo.dalessio/code/av_omega/VersalAutomationTemplate/hw/_x/link/vivado/vpl/.local/hw_platform/iprepo/xilinx/data_mover' will take precedence over the same IP in location /home/xilinx/software/Vitis/2022.2/data/ip/xilinx/data_mover
WARNING: [IP_Flow 19-1663] Duplicate IP found for 'xilinx.com:ip:adapter_v3_0:1.0'. The one found in IP location '/home/users/edoardo.dalessio/code/av_omega/VersalAutomationTemplate/hw/_x/link/vivado/vpl/.local/hw_platform/iprepo/xilinx/adapter_v3_0' will take precedence over the same IP in location /home/xilinx/software/Vitis/2022.2/data/ip/xilinx/adapter_v3_0
WARNING: [IP_Flow 19-1663] Duplicate IP found for 'xilinx.com:ip:axis_ic2sgdma:1.0'. The one found in IP location '/home/users/edoardo.dalessio/code/av_omega/VersalAutomationTemplate/hw/_x/link/vivado/vpl/.local/hw_platform/iprepo/xilinx/axis_ic2sgdma_v1_0' will take precedence over the same IP in location /home/xilinx/software/Vitis/2022.2/data/ip/xilinx/axis_ic2sgdma_v1_0
WARNING: [IP_Flow 19-1663] Duplicate IP found for 'xilinx.com:ip:Event_Pulse:1.0'. The one found in IP location '/home/users/edoardo.dalessio/code/av_omega/VersalAutomationTemplate/hw/_x/link/vivado/vpl/.local/hw_platform/iprepo/xilinx/event_pulse_v1_0' will take precedence over the same IP in location /home/xilinx/software/Vitis/2022.2/data/ip/xilinx/event_pulse_v1_0
WARNING: [IP_Flow 19-1663] Duplicate IP found for 'xilinx.com:ip:sds_lib:1.0'. The one found in IP location '/home/users/edoardo.dalessio/code/av_omega/VersalAutomationTemplate/hw/_x/link/vivado/vpl/.local/hw_platform/iprepo/xilinx/sds_lib' will take precedence over the same IP in location /home/xilinx/software/Vitis/2022.2/data/ip/xilinx/sds_lib
WARNING: [IP_Flow 19-1663] Duplicate IP found for 'xilinx.com:sds:sds_mem_sink:1.0'. The one found in IP location '/home/users/edoardo.dalessio/code/av_omega/VersalAutomationTemplate/hw/_x/link/vivado/vpl/.local/hw_platform/iprepo/xilinx/sds_mem_sink' will take precedence over the same IP in location /home/xilinx/software/Vitis/2022.2/data/ip/xilinx/sds_mem_sink
WARNING: [IP_Flow 19-1663] Duplicate IP found for 'xilinx.com:ip:xrt_queue:1.1'. The one found in IP location '/home/users/edoardo.dalessio/code/av_omega/VersalAutomationTemplate/hw/_x/link/vivado/vpl/.local/hw_platform/iprepo/xilinx/xrt_queue_v1_1' will take precedence over the same IP in location /home/xilinx/software/Vitis/2022.2/data/ip/xilinx/xrt_queue_v1_1
WARNING: [IP_Flow 19-1663] Duplicate IP found for 'xilinx.com:ip:aximm_tieoff_v1_0:1.0'. The one found in IP location '/home/users/edoardo.dalessio/code/av_omega/VersalAutomationTemplate/hw/_x/link/vivado/vpl/.local/hw_platform/iprepo/xilinx/aximm_tieoff_v1_0' will take precedence over the same IP in location /home/xilinx/software/Vitis/2022.2/data/ip/xilinx/aximm_tieoff_v1_0
WARNING: [IP_Flow 19-1663] Duplicate IP found for 'xilinx.com:ip:maxis_tieoff_v1_0:1.0'. The one found in IP location '/home/users/edoardo.dalessio/code/av_omega/VersalAutomationTemplate/hw/_x/link/vivado/vpl/.local/hw_platform/iprepo/xilinx/maxis_tieoff_v1_0' will take precedence over the same IP in location /home/xilinx/software/Vitis/2022.2/data/ip/xilinx/maxis_tieoff_v1_0
WARNING: [IP_Flow 19-1663] Duplicate IP found for 'xilinx.com:ip:saxis_tieoff_v1_0:1.0'. The one found in IP location '/home/users/edoardo.dalessio/code/av_omega/VersalAutomationTemplate/hw/_x/link/vivado/vpl/.local/hw_platform/iprepo/xilinx/saxis_tieoff_v1_0' will take precedence over the same IP in location /home/xilinx/software/Vitis/2022.2/data/ip/xilinx/saxis_tieoff_v1_0
WARNING: [IP_Flow 19-1663] Duplicate IP found for 'xilinx.com:ip:ovld_reg:1.0'. The one found in IP location '/home/users/edoardo.dalessio/code/av_omega/VersalAutomationTemplate/hw/_x/link/vivado/vpl/.local/hw_platform/iprepo/xilinx/ovld_reg_v1_0' will take precedence over the same IP in location /home/xilinx/software/Vitis/2022.2/data/ip/xilinx/ovld_reg_v1_0
WARNING: [IP_Flow 19-1663] Duplicate IP found for 'xilinx.com:ip:xrt_queue:1.0'. The one found in IP location '/home/users/edoardo.dalessio/code/av_omega/VersalAutomationTemplate/hw/_x/link/vivado/vpl/.local/hw_platform/iprepo/xilinx/xrt_queue_v1_0' will take precedence over the same IP in location /home/xilinx/software/Vitis/2022.2/data/ip/xilinx/xrt_queue_v1_0
WARNING: [IP_Flow 19-1663] Duplicate IP found for 'xilinx.com:ip:axi_fifo_register:3.0'. The one found in IP location '/home/users/edoardo.dalessio/code/av_omega/VersalAutomationTemplate/hw/_x/link/vivado/vpl/.local/hw_platform/iprepo/xilinx/axi_fifo_register_v3_0' will take precedence over the same IP in location /home/xilinx/software/Vitis/2022.2/data/ip/xilinx/axi_fifo_register_v3_0
WARNING: [IP_Flow 19-1663] Duplicate IP found for 'xilinx.com:ip:stream_gate:1.0'. The one found in IP location '/home/users/edoardo.dalessio/code/av_omega/VersalAutomationTemplate/hw/_x/link/vivado/vpl/.local/hw_platform/iprepo/xilinx/stream_gate_v1_0' will take precedence over the same IP in location /home/xilinx/software/Vitis/2022.2/data/ip/xilinx/stream_gate_v1_0
WARNING: [IP_Flow 19-1663] Duplicate IP found for 'xilinx.com:ip:sgdma2axis_ic:1.0'. The one found in IP location '/home/users/edoardo.dalessio/code/av_omega/VersalAutomationTemplate/hw/_x/link/vivado/vpl/.local/hw_platform/iprepo/xilinx/sgdma2axis_ic_v1_0' will take precedence over the same IP in location /home/xilinx/software/Vitis/2022.2/data/ip/xilinx/sgdma2axis_ic_v1_0
WARNING: [IP_Flow 19-1663] Duplicate IP found for 'xilinx.com:sds:sds_mem_source:1.0'. The one found in IP location '/home/users/edoardo.dalessio/code/av_omega/VersalAutomationTemplate/hw/_x/link/vivado/vpl/.local/hw_platform/iprepo/xilinx/sds_mem_source' will take precedence over the same IP in location /home/xilinx/software/Vitis/2022.2/data/ip/xilinx/sds_mem_source
update_ip_catalog: Time (s): cpu = 00:00:05 ; elapsed = 00:00:48 . Memory (MB): peak = 2030.773 ; gain = 191.742 ; free physical = 43679 ; free virtual = 108462
INFO: [IP_Flow 19-6924] IPCACHE: Running cache check for IP inst: ulp_inst_0_pipereg_kernel1_0
Command: synth_design -top ulp_inst_0_pipereg_kernel1_0 -part xcvc1902-vsvd1760-2MP-e-S -incremental_mode off -mode out_of_context
Starting synth_design
Attempting to get a license for feature 'Synthesis' and/or device 'xcvc1902'
INFO: [Common 17-349] Got license for feature 'Synthesis' and/or device 'xcvc1902'
INFO: [Device 21-403] Loading part xcvc1902-vsvd1760-2MP-e-S
INFO: [Synth 8-7079] Multithreading enabled for synth_design using a maximum of 1 processes.
INFO: [Synth 8-7078] Launching helper process for spawning children vivado processes
INFO: [Synth 8-7075] Helper process launched with PID 1754061
INFO: [Synth 8-11241] undeclared symbol 'REGCCE', assumed default net type 'wire' [/home/xilinx/software/Vivado/2022.2/data/verilog/src/unimacro/BRAM_SINGLE_MACRO.v:2170]
---------------------------------------------------------------------------------
Starting RTL Elaboration : Time (s): cpu = 00:00:10 ; elapsed = 00:01:42 . Memory (MB): peak = 3103.836 ; gain = 355.797 ; free physical = 32589 ; free virtual = 97732
Synthesis current peak Physical Memory [PSS] (MB): peak = 2302.356; parent = 2172.521; children = 131.193
Synthesis current peak Virtual Memory [VSS] (MB): peak = 4085.312; parent = 3107.809; children = 977.504
---------------------------------------------------------------------------------
INFO: [Synth 8-6157] synthesizing module 'ulp_inst_0_pipereg_kernel1_0' [/home/users/edoardo.dalessio/code/av_omega/VersalAutomationTemplate/hw/_x/link/vivado/vpl/prj/prj.gen/my_rm/bd/ulp_inst_0/ip/ulp_inst_0_pipereg_kernel1_0/synth/ulp_inst_0_pipereg_kernel1_0.v:53]
INFO: [Synth 8-6157] synthesizing module 'util_ff_v1_0_1_util_ff' [/home/users/edoardo.dalessio/code/av_omega/VersalAutomationTemplate/hw/_x/link/vivado/vpl/prj/prj.gen/my_rm/bd/ulp_inst_0/ipshared/28b8/hdl/util_ff_v1_0_rfs.v:3]
INFO: [Synth 8-6157] synthesizing module 'FDRE' [/home/xilinx/software/Vivado/2022.2/scripts/rt/data/unisim_comp.v:38708]
INFO: [Synth 8-6155] done synthesizing module 'FDRE' (0#1) [/home/xilinx/software/Vivado/2022.2/scripts/rt/data/unisim_comp.v:38708]
INFO: [Synth 8-6155] done synthesizing module 'util_ff_v1_0_1_util_ff' (0#1) [/home/users/edoardo.dalessio/code/av_omega/VersalAutomationTemplate/hw/_x/link/vivado/vpl/prj/prj.gen/my_rm/bd/ulp_inst_0/ipshared/28b8/hdl/util_ff_v1_0_rfs.v:3]
INFO: [Synth 8-6155] done synthesizing module 'ulp_inst_0_pipereg_kernel1_0' (0#1) [/home/users/edoardo.dalessio/code/av_omega/VersalAutomationTemplate/hw/_x/link/vivado/vpl/prj/prj.gen/my_rm/bd/ulp_inst_0/ip/ulp_inst_0_pipereg_kernel1_0/synth/ulp_inst_0_pipereg_kernel1_0.v:53]
WARNING: [Synth 8-7129] Port set in module util_ff_v1_0_1_util_ff is either unconnected or has no load
WARNING: [Synth 8-7129] Port clear in module util_ff_v1_0_1_util_ff is either unconnected or has no load
WARNING: [Synth 8-7129] Port preset in module util_ff_v1_0_1_util_ff is either unconnected or has no load
WARNING: [Synth 8-7129] Port gate_enable in module util_ff_v1_0_1_util_ff is either unconnected or has no load
WARNING: [Synth 8-7129] Port G in module util_ff_v1_0_1_util_ff is either unconnected or has no load
---------------------------------------------------------------------------------
Finished RTL Elaboration : Time (s): cpu = 00:00:13 ; elapsed = 00:02:25 . Memory (MB): peak = 3176.773 ; gain = 428.734 ; free physical = 31283 ; free virtual = 96466
Synthesis current peak Physical Memory [PSS] (MB): peak = 2390.969; parent = 2262.529; children = 131.193
Synthesis current peak Virtual Memory [VSS] (MB): peak = 4154.281; parent = 3176.777; children = 977.504
---------------------------------------------------------------------------------
---------------------------------------------------------------------------------
Start Handling Custom Attributes
---------------------------------------------------------------------------------
---------------------------------------------------------------------------------
Finished Handling Custom Attributes : Time (s): cpu = 00:00:13 ; elapsed = 00:02:28 . Memory (MB): peak = 3188.648 ; gain = 440.609 ; free physical = 31087 ; free virtual = 96267
Synthesis current peak Physical Memory [PSS] (MB): peak = 2390.969; parent = 2262.529; children = 131.193
Synthesis current peak Virtual Memory [VSS] (MB): peak = 4166.156; parent = 3188.652; children = 977.504
---------------------------------------------------------------------------------
---------------------------------------------------------------------------------
Finished RTL Optimization Phase 1 : Time (s): cpu = 00:00:13 ; elapsed = 00:02:29 . Memory (MB): peak = 3188.648 ; gain = 440.609 ; free physical = 31016 ; free virtual = 96197
Synthesis current peak Physical Memory [PSS] (MB): peak = 2390.969; parent = 2262.529; children = 131.193
Synthesis current peak Virtual Memory [VSS] (MB): peak = 4166.156; parent = 3188.652; children = 977.504
---------------------------------------------------------------------------------
Netlist sorting complete. Time (s): cpu = 00:00:00 ; elapsed = 00:00:00 . Memory (MB): peak = 3202.586 ; gain = 0.000 ; free physical = 30082 ; free virtual = 95266
INFO: [Chipscope 16-579] Latest version is versal_cips_v3_3 for versal_cips_v3_2
INFO: [Constraints 18-6359] No Clock Expansion Window constraints config file entry for device xcvc1902.  GCLK Deskew mode will be Off and cannot be enabled via GCLK_DESKEW override.
INFO: [Constraints 18-5720] The default GCLK Deskew mode is Off.
INFO: [Project 1-570] Preparing netlist for logic optimization

Processing XDC Constraints
Initializing timing engine
WARNING: [Designutils 20-1758] instance inst wraps a black box. Constraint reading is skipped for elaborated designs in this case. Skipping constraint file '/home/users/edoardo.dalessio/code/av_omega/VersalAutomationTemplate/hw/_x/link/vivado/vpl/prj/prj.gen/my_rm/bd/ulp_inst_0/ip/ulp_inst_0_pipereg_kernel1_0/ulp_inst_0_pipereg_kernel1_0_ooc.xdc'.
Parsing XDC File [/home/users/edoardo.dalessio/code/av_omega/VersalAutomationTemplate/hw/_x/link/vivado/vpl/prj/prj.runs/ulp_inst_0_pipereg_kernel1_0_synth_1/dont_touch.xdc]
Finished Parsing XDC File [/home/users/edoardo.dalessio/code/av_omega/VersalAutomationTemplate/hw/_x/link/vivado/vpl/prj/prj.runs/ulp_inst_0_pipereg_kernel1_0_synth_1/dont_touch.xdc]
Completed Processing XDC Constraints

Netlist sorting complete. Time (s): cpu = 00:00:00 ; elapsed = 00:00:00 . Memory (MB): peak = 3253.535 ; gain = 0.000 ; free physical = 29236 ; free virtual = 94436
INFO: [Project 1-111] Unisim Transformation Summary:
No Unisim elements were transformed.

Constraint Validation Runtime : Time (s): cpu = 00:00:00.01 ; elapsed = 00:00:00.24 . Memory (MB): peak = 3253.535 ; gain = 0.000 ; free physical = 29218 ; free virtual = 94418
INFO: [Designutils 20-5008] Incremental synthesis strategy off
INFO: [Synth 8-11241] undeclared symbol 'REGCCE', assumed default net type 'wire' [/home/xilinx/software/Vivado/2022.2/data/verilog/src/unimacro/BRAM_SINGLE_MACRO.v:2170]
---------------------------------------------------------------------------------
Finished Constraint Validation : Time (s): cpu = 00:00:29 ; elapsed = 00:05:25 . Memory (MB): peak = 3253.535 ; gain = 505.496 ; free physical = 24975 ; free virtual = 90233
Synthesis current peak Physical Memory [PSS] (MB): peak = 2390.969; parent = 2262.529; children = 131.193
Synthesis current peak Virtual Memory [VSS] (MB): peak = 4231.043; parent = 3253.539; children = 977.504
---------------------------------------------------------------------------------
---------------------------------------------------------------------------------
Start Loading Part and Timing Information
---------------------------------------------------------------------------------
Loading part: xcvc1902-vsvd1760-2MP-e-S
INFO: [Synth 8-6742] Reading net delay rules and data
---------------------------------------------------------------------------------
Finished Loading Part and Timing Information : Time (s): cpu = 00:00:29 ; elapsed = 00:05:27 . Memory (MB): peak = 3253.535 ; gain = 505.496 ; free physical = 25035 ; free virtual = 90288
Synthesis current peak Physical Memory [PSS] (MB): peak = 2390.969; parent = 2262.529; children = 131.193
Synthesis current peak Virtual Memory [VSS] (MB): peak = 4231.043; parent = 3253.539; children = 977.504
---------------------------------------------------------------------------------
---------------------------------------------------------------------------------
Start Applying 'set_property' XDC Constraints
---------------------------------------------------------------------------------
Applied set_property KEEP_HIERARCHY = SOFT for inst. (constraint file  /home/users/edoardo.dalessio/code/av_omega/VersalAutomationTemplate/hw/_x/link/vivado/vpl/prj/prj.runs/ulp_inst_0_pipereg_kernel1_0_synth_1/dont_touch.xdc, line 9).
---------------------------------------------------------------------------------
Finished applying 'set_property' XDC Constraints : Time (s): cpu = 00:00:29 ; elapsed = 00:05:29 . Memory (MB): peak = 3253.535 ; gain = 505.496 ; free physical = 24929 ; free virtual = 90183
Synthesis current peak Physical Memory [PSS] (MB): peak = 2390.969; parent = 2262.529; children = 131.193
Synthesis current peak Virtual Memory [VSS] (MB): peak = 4231.043; parent = 3253.539; children = 977.504
---------------------------------------------------------------------------------
---------------------------------------------------------------------------------
Finished RTL Optimization Phase 2 : Time (s): cpu = 00:00:30 ; elapsed = 00:05:34 . Memory (MB): peak = 3253.535 ; gain = 505.496 ; free physical = 24905 ; free virtual = 90164
Synthesis current peak Physical Memory [PSS] (MB): peak = 2390.969; parent = 2262.529; children = 131.193
Synthesis current peak Virtual Memory [VSS] (MB): peak = 4231.043; parent = 3253.539; children = 977.504
---------------------------------------------------------------------------------
---------------------------------------------------------------------------------
Start RTL Component Statistics 
---------------------------------------------------------------------------------
Detailed RTL Component Info : 
---------------------------------------------------------------------------------
Finished RTL Component Statistics 
---------------------------------------------------------------------------------
---------------------------------------------------------------------------------
Start Part Resource Summary
---------------------------------------------------------------------------------
Part Resources:
DSPs: 1968 (col length:164)
BRAMs: 1934 (col length: RAMB18 168 RAMB36 84)
---------------------------------------------------------------------------------
Finished Part Resource Summary
---------------------------------------------------------------------------------
---------------------------------------------------------------------------------
Start Cross Boundary and Area Optimization
---------------------------------------------------------------------------------
WARNING: [Synth 8-7080] Parallel synthesis criteria is not met
WARNING: [Synth 8-7129] Port set in module util_ff_v1_0_1_util_ff is either unconnected or has no load
WARNING: [Synth 8-7129] Port clear in module util_ff_v1_0_1_util_ff is either unconnected or has no load
WARNING: [Synth 8-7129] Port preset in module util_ff_v1_0_1_util_ff is either unconnected or has no load
WARNING: [Synth 8-7129] Port gate_enable in module util_ff_v1_0_1_util_ff is either unconnected or has no load
WARNING: [Synth 8-7129] Port G in module util_ff_v1_0_1_util_ff is either unconnected or has no load
---------------------------------------------------------------------------------
Finished Cross Boundary and Area Optimization : Time (s): cpu = 00:00:32 ; elapsed = 00:06:00 . Memory (MB): peak = 3253.535 ; gain = 505.496 ; free physical = 25209 ; free virtual = 90497
Synthesis current peak Physical Memory [PSS] (MB): peak = 2390.969; parent = 2262.529; children = 131.193
Synthesis current peak Virtual Memory [VSS] (MB): peak = 4231.043; parent = 3253.539; children = 977.504
---------------------------------------------------------------------------------
---------------------------------------------------------------------------------
Start Applying XDC Timing Constraints
---------------------------------------------------------------------------------
---------------------------------------------------------------------------------
Finished Applying XDC Timing Constraints : Time (s): cpu = 00:01:31 ; elapsed = 00:15:40 . Memory (MB): peak = 3956.520 ; gain = 1208.480 ; free physical = 34280 ; free virtual = 100532
Synthesis current peak Physical Memory [PSS] (MB): peak = 3136.652; parent = 3009.708; children = 131.193
Synthesis current peak Virtual Memory [VSS] (MB): peak = 4934.027; parent = 3956.523; children = 977.504
---------------------------------------------------------------------------------
---------------------------------------------------------------------------------
Start Timing Optimization
---------------------------------------------------------------------------------
---------------------------------------------------------------------------------
Finished Timing Optimization : Time (s): cpu = 00:01:31 ; elapsed = 00:15:42 . Memory (MB): peak = 3956.520 ; gain = 1208.480 ; free physical = 34269 ; free virtual = 100522
Synthesis current peak Physical Memory [PSS] (MB): peak = 3136.714; parent = 3009.770; children = 131.193
Synthesis current peak Virtual Memory [VSS] (MB): peak = 4934.027; parent = 3956.523; children = 977.504
---------------------------------------------------------------------------------
---------------------------------------------------------------------------------
Start Technology Mapping
---------------------------------------------------------------------------------
INFO: [Synth 8-11322] No global retiming is needed without any clock constraint
---------------------------------------------------------------------------------
Finished Technology Mapping : Time (s): cpu = 00:01:31 ; elapsed = 00:15:44 . Memory (MB): peak = 3975.551 ; gain = 1227.512 ; free physical = 34210 ; free virtual = 100463
Synthesis current peak Physical Memory [PSS] (MB): peak = 3137.070; parent = 3010.126; children = 131.193
Synthesis current peak Virtual Memory [VSS] (MB): peak = 4953.059; parent = 3975.555; children = 977.504
---------------------------------------------------------------------------------
---------------------------------------------------------------------------------
Start IO Insertion
---------------------------------------------------------------------------------
---------------------------------------------------------------------------------
Start Flattening Before IO Insertion
---------------------------------------------------------------------------------
---------------------------------------------------------------------------------
Finished Flattening Before IO Insertion
---------------------------------------------------------------------------------
---------------------------------------------------------------------------------
Start Final Netlist Cleanup
---------------------------------------------------------------------------------
---------------------------------------------------------------------------------
Finished Final Netlist Cleanup
---------------------------------------------------------------------------------
---------------------------------------------------------------------------------
Finished IO Insertion : Time (s): cpu = 00:01:39 ; elapsed = 00:16:44 . Memory (MB): peak = 3981.488 ; gain = 1233.449 ; free physical = 32743 ; free virtual = 99994
Synthesis current peak Physical Memory [PSS] (MB): peak = 3137.156; parent = 3010.212; children = 131.193
Synthesis current peak Virtual Memory [VSS] (MB): peak = 4958.996; parent = 3981.492; children = 977.504
---------------------------------------------------------------------------------
---------------------------------------------------------------------------------
Start Renaming Generated Instances
---------------------------------------------------------------------------------
---------------------------------------------------------------------------------
Finished Renaming Generated Instances : Time (s): cpu = 00:01:39 ; elapsed = 00:16:45 . Memory (MB): peak = 3981.488 ; gain = 1233.449 ; free physical = 32582 ; free virtual = 99854
Synthesis current peak Physical Memory [PSS] (MB): peak = 3137.156; parent = 3010.212; children = 131.193
Synthesis current peak Virtual Memory [VSS] (MB): peak = 4958.996; parent = 3981.492; children = 977.504
---------------------------------------------------------------------------------
---------------------------------------------------------------------------------
Start Rebuilding User Hierarchy
---------------------------------------------------------------------------------
---------------------------------------------------------------------------------
Finished Rebuilding User Hierarchy : Time (s): cpu = 00:01:39 ; elapsed = 00:16:47 . Memory (MB): peak = 3981.488 ; gain = 1233.449 ; free physical = 32653 ; free virtual = 99933
Synthesis current peak Physical Memory [PSS] (MB): peak = 3137.156; parent = 3010.212; children = 131.193
Synthesis current peak Virtual Memory [VSS] (MB): peak = 4958.996; parent = 3981.492; children = 977.504
---------------------------------------------------------------------------------
---------------------------------------------------------------------------------
Start Renaming Generated Ports
---------------------------------------------------------------------------------
---------------------------------------------------------------------------------
Finished Renaming Generated Ports : Time (s): cpu = 00:01:40 ; elapsed = 00:16:50 . Memory (MB): peak = 3981.488 ; gain = 1233.449 ; free physical = 32706 ; free virtual = 99986
Synthesis current peak Physical Memory [PSS] (MB): peak = 3137.156; parent = 3010.212; children = 131.193
Synthesis current peak Virtual Memory [VSS] (MB): peak = 4958.996; parent = 3981.492; children = 977.504
---------------------------------------------------------------------------------
---------------------------------------------------------------------------------
Start Handling Custom Attributes
---------------------------------------------------------------------------------
---------------------------------------------------------------------------------
Finished Handling Custom Attributes : Time (s): cpu = 00:01:40 ; elapsed = 00:16:51 . Memory (MB): peak = 3981.488 ; gain = 1233.449 ; free physical = 32329 ; free virtual = 99609
Synthesis current peak Physical Memory [PSS] (MB): peak = 3137.156; parent = 3010.212; children = 131.193
Synthesis current peak Virtual Memory [VSS] (MB): peak = 4958.996; parent = 3981.492; children = 977.504
---------------------------------------------------------------------------------
---------------------------------------------------------------------------------
Start Renaming Generated Nets
---------------------------------------------------------------------------------
---------------------------------------------------------------------------------
Finished Renaming Generated Nets : Time (s): cpu = 00:01:40 ; elapsed = 00:16:53 . Memory (MB): peak = 3981.488 ; gain = 1233.449 ; free physical = 32556 ; free virtual = 99836
Synthesis current peak Physical Memory [PSS] (MB): peak = 3137.156; parent = 3010.212; children = 131.193
Synthesis current peak Virtual Memory [VSS] (MB): peak = 4958.996; parent = 3981.492; children = 977.504
---------------------------------------------------------------------------------
---------------------------------------------------------------------------------
Start Writing Synthesis Report
---------------------------------------------------------------------------------

Report BlackBoxes: 
+-+--------------+----------+
| |BlackBox name |Instances |
+-+--------------+----------+
+-+--------------+----------+

Report Cell Usage: 
+------+-----+------+
|      |Cell |Count |
+------+-----+------+
|1     |FDRE |     1|
+------+-----+------+
---------------------------------------------------------------------------------
Finished Writing Synthesis Report : Time (s): cpu = 00:01:40 ; elapsed = 00:16:54 . Memory (MB): peak = 3981.488 ; gain = 1233.449 ; free physical = 32428 ; free virtual = 99681
Synthesis current peak Physical Memory [PSS] (MB): peak = 3137.156; parent = 3010.212; children = 131.193
Synthesis current peak Virtual Memory [VSS] (MB): peak = 4958.996; parent = 3981.492; children = 977.504
---------------------------------------------------------------------------------
Synthesis finished with 0 errors, 0 critical warnings and 6 warnings.
Synthesis Optimization Runtime : Time (s): cpu = 00:01:35 ; elapsed = 00:16:08 . Memory (MB): peak = 3981.488 ; gain = 1168.562 ; free physical = 32622 ; free virtual = 99876
Synthesis Optimization Complete : Time (s): cpu = 00:01:40 ; elapsed = 00:17:00 . Memory (MB): peak = 3981.496 ; gain = 1233.449 ; free physical = 32556 ; free virtual = 99814
INFO: [Project 1-571] Translating synthesized netlist
Netlist sorting complete. Time (s): cpu = 00:00:00 ; elapsed = 00:00:00 . Memory (MB): peak = 3981.496 ; gain = 0.000 ; free physical = 32578 ; free virtual = 99836
INFO: [Chipscope 16-579] Latest version is versal_cips_v3_3 for versal_cips_v3_2
INFO: [Constraints 18-6359] No Clock Expansion Window constraints config file entry for device xcvc1902.  GCLK Deskew mode will be Off and cannot be enabled via GCLK_DESKEW override.
INFO: [Constraints 18-5720] The default GCLK Deskew mode is Off.
INFO: [Project 1-570] Preparing netlist for logic optimization
INFO: [Opt 31-138] Pushed 0 inverter(s) to 0 load pin(s).
Netlist sorting complete. Time (s): cpu = 00:00:00 ; elapsed = 00:00:00 . Memory (MB): peak = 4026.113 ; gain = 0.000 ; free physical = 33645 ; free virtual = 100911
INFO: [Project 1-111] Unisim Transformation Summary:
No Unisim elements were transformed.

Synth Design complete, checksum: ff5f3804
INFO: [Common 17-83] Releasing license: Synthesis
37 Infos, 28 Warnings, 0 Critical Warnings and 0 Errors encountered.
synth_design completed successfully
synth_design: Time (s): cpu = 00:02:08 ; elapsed = 00:20:02 . Memory (MB): peak = 4026.113 ; gain = 1995.340 ; free physical = 33916 ; free virtual = 101185
INFO: [Common 17-600] The following parameters have non-default value.
general.maxThreads
INFO: [Common 17-1381] The checkpoint '/home/users/edoardo.dalessio/code/av_omega/VersalAutomationTemplate/hw/_x/link/vivado/vpl/prj/prj.runs/ulp_inst_0_pipereg_kernel1_0_synth_1/ulp_inst_0_pipereg_kernel1_0.dcp' has been generated.
INFO: [Coretcl 2-1648] Added synthesis output to IP cache for IP ulp_inst_0_pipereg_kernel1_0, cache-ID = fbe0ffed44af629e
INFO: [Common 17-1381] The checkpoint '/home/users/edoardo.dalessio/code/av_omega/VersalAutomationTemplate/hw/_x/link/vivado/vpl/prj/prj.runs/ulp_inst_0_pipereg_kernel1_0_synth_1/ulp_inst_0_pipereg_kernel1_0.dcp' has been generated.
INFO: [runtcl-4] Executing : report_utilization -file ulp_inst_0_pipereg_kernel1_0_utilization_synth.rpt -pb ulp_inst_0_pipereg_kernel1_0_utilization_synth.pb
INFO: [Common 17-206] Exiting Vivado at Sun Jun 30 18:15:41 2024...
