Sun Jun 30 17:13:23 2024: Running xcd server. This server was built by gradle.
Sun Jun 30 17:13:23 2024: Server was asked to start on port: '37331'
Sun Jun 30 17:13:23 2024: Server is using token UUID: 'b0d30b0b-b207-4911-802c-245ee783d4a1'
Sun Jun 30 17:13:23 2024: SESSION_MGR: creating session with session uuid: '6d04a3e9-ade5-4ab9-8d63-1f78fcd2ec76' and name 'default'
Sun Jun 30 17:13:23 2024: Attempting to start server on port '37331'
Sun Jun 30 17:13:23 2024: XCD main fifo: created main fifo '/tmp/xcdmainb0d30b0b-b207-4911-802c-245ee783d4a1', fd read = 13
Sun Jun 30 17:13:23 2024: Running Dispatch Server
Sun Jun 30 17:13:23 2024: Version 2.2.0
Sun Jun 30 17:13:30 2024: Dispatch Server: Accepted socket connection from client
Sun Jun 30 17:13:30 2024: Starting Socket connection
Sun Jun 30 17:13:30 2024: EXCHANGE_TOKEN received, server token: b0d30b0b-b207-4911-802c-245ee783d4a1, passed token: b0d30b0b-b207-4911-802c-245ee783d4a1
Sun Jun 30 17:13:31 2024: DISPATCH_HANDLER: Adding handler from function makeHandler in library libxv_system_diagram
Sun Jun 30 17:13:31 2024: SESSION_MGR: creating session with session uuid: '089d8c68-9be3-4361-9c8e-eaac64c42e35' and name 'v++_compile_setup_aie_hw'
Sun Jun 30 17:13:31 2024: KERNEL_SVC: creating session with uuid: '089d8c68-9be3-4361-9c8e-eaac64c42e35' and name 'v++_compile_setup_aie_hw'
Sun Jun 30 17:13:31 2024: GUIDANCE_SMGR: creating guidance session with uuid: '089d8c68-9be3-4361-9c8e-eaac64c42e35' and name 'v++_compile_setup_aie_hw'
Sun Jun 30 17:13:31 2024: SYSTEM_DIAGRAM: creating session with uuid: '089d8c68-9be3-4361-9c8e-eaac64c42e35' and name 'v++_compile_setup_aie_hw'
Sun Jun 30 17:14:00 2024: Dispatch Server: Accepted socket connection from client
Sun Jun 30 17:14:00 2024: Starting Socket connection
Sun Jun 30 17:17:02 2024: SESSION_MGR: closing session for UUID '089d8c68-9be3-4361-9c8e-eaac64c42e35' with name 'v++_compile_setup_aie_hw'
Sun Jun 30 17:17:02 2024: KERNEL_SVC: closing session for UUID '089d8c68-9be3-4361-9c8e-eaac64c42e35' with name 'v++_compile_setup_aie_hw'
Sun Jun 30 17:17:02 2024: GUIDANCE_SMGR: closing session for UUID '089d8c68-9be3-4361-9c8e-eaac64c42e35' with name 'v++_compile_setup_aie_hw'
Sun Jun 30 17:17:02 2024: SYSTEM_DIAGRAM: closing session for UUID '089d8c68-9be3-4361-9c8e-eaac64c42e35' with name 'v++_compile_setup_aie_hw'
Sun Jun 30 17:17:02 2024: STOP_SERVER received, server token: b0d30b0b-b207-4911-802c-245ee783d4a1, passed token: b0d30b0b-b207-4911-802c-245ee783d4a1
Sun Jun 30 17:17:02 2024: Socket received request to stop server.
Sun Jun 30 17:17:02 2024: Dispatch Server: do_await_stop
Sun Jun 30 17:17:02 2024: Dispatch Server: stopping mainFifo_
Sun Jun 30 17:17:02 2024: XCD main fifo: Stopping
Sun Jun 30 17:17:02 2024: XCD main fifo: do_read error code: Operation canceled
Sun Jun 30 17:17:02 2024: XCD main fifo: bytes_transferred: 0
Sun Jun 30 17:17:02 2024: SERVER: destructor for server bound to port 37331
Sun Jun 30 17:17:02 2024: XCD main fifo: Good unlink of /tmp/xcdmainb0d30b0b-b207-4911-802c-245ee783d4a1
Sun Jun 30 17:17:02 2024: Server exiting with status 0.
Sun Jun 30 17:17:02 2024: Closing log file.
Sun Jun 30 17:17:08 2024: Running xcd server. This server was built by gradle.
Sun Jun 30 17:17:08 2024: Server was asked to start on port: '39509'
Sun Jun 30 17:17:08 2024: Server is using token UUID: 'f314b51f-528b-46d3-8f49-f070e1b69669'
Sun Jun 30 17:17:08 2024: SESSION_MGR: creating session with session uuid: '6d04a3e9-ade5-4ab9-8d63-1f78fcd2ec76' and name 'default'
Sun Jun 30 17:17:08 2024: Attempting to start server on port '39509'
Sun Jun 30 17:17:08 2024: XCD main fifo: created main fifo '/tmp/xcdmainf314b51f-528b-46d3-8f49-f070e1b69669', fd read = 13
Sun Jun 30 17:17:08 2024: Running Dispatch Server
Sun Jun 30 17:17:08 2024: Version 2.2.0
Sun Jun 30 17:17:16 2024: Dispatch Server: Accepted socket connection from client
Sun Jun 30 17:17:16 2024: Starting Socket connection
Sun Jun 30 17:17:16 2024: EXCHANGE_TOKEN received, server token: f314b51f-528b-46d3-8f49-f070e1b69669, passed token: f314b51f-528b-46d3-8f49-f070e1b69669
Sun Jun 30 17:17:17 2024: DISPATCH_HANDLER: Adding handler from function makeHandler in library libxv_system_diagram
Sun Jun 30 17:17:17 2024: SESSION_MGR: creating session with session uuid: '58c10778-af17-4df8-ad58-543179f303ec' and name 'v++_compile_sink_from_aie_hw'
Sun Jun 30 17:17:17 2024: KERNEL_SVC: creating session with uuid: '58c10778-af17-4df8-ad58-543179f303ec' and name 'v++_compile_sink_from_aie_hw'
Sun Jun 30 17:17:17 2024: GUIDANCE_SMGR: creating guidance session with uuid: '58c10778-af17-4df8-ad58-543179f303ec' and name 'v++_compile_sink_from_aie_hw'
Sun Jun 30 17:17:17 2024: SYSTEM_DIAGRAM: creating session with uuid: '58c10778-af17-4df8-ad58-543179f303ec' and name 'v++_compile_sink_from_aie_hw'
Sun Jun 30 17:17:39 2024: Dispatch Server: Accepted socket connection from client
Sun Jun 30 17:17:39 2024: Starting Socket connection
Sun Jun 30 17:19:57 2024: SESSION_MGR: closing session for UUID '58c10778-af17-4df8-ad58-543179f303ec' with name 'v++_compile_sink_from_aie_hw'
Sun Jun 30 17:19:57 2024: KERNEL_SVC: closing session for UUID '58c10778-af17-4df8-ad58-543179f303ec' with name 'v++_compile_sink_from_aie_hw'
Sun Jun 30 17:19:57 2024: GUIDANCE_SMGR: closing session for UUID '58c10778-af17-4df8-ad58-543179f303ec' with name 'v++_compile_sink_from_aie_hw'
Sun Jun 30 17:19:57 2024: SYSTEM_DIAGRAM: closing session for UUID '58c10778-af17-4df8-ad58-543179f303ec' with name 'v++_compile_sink_from_aie_hw'
Sun Jun 30 17:19:57 2024: STOP_SERVER received, server token: f314b51f-528b-46d3-8f49-f070e1b69669, passed token: f314b51f-528b-46d3-8f49-f070e1b69669
Sun Jun 30 17:19:57 2024: Socket received request to stop server.
Sun Jun 30 17:19:57 2024: Dispatch Server: do_await_stop
Sun Jun 30 17:19:57 2024: Dispatch Server: stopping mainFifo_
Sun Jun 30 17:19:57 2024: XCD main fifo: Stopping
Sun Jun 30 17:19:57 2024: XCD main fifo: do_read error code: Operation canceled
Sun Jun 30 17:19:57 2024: XCD main fifo: bytes_transferred: 0
Sun Jun 30 17:19:57 2024: SERVER: destructor for server bound to port 39509
Sun Jun 30 17:19:57 2024: XCD main fifo: Good unlink of /tmp/xcdmainf314b51f-528b-46d3-8f49-f070e1b69669
Sun Jun 30 17:19:57 2024: Server exiting with status 0.
Sun Jun 30 17:19:57 2024: Closing log file.
