INFO: [v++ 60-897] Reading --xp value from platform: vivado_param:project.ensureVersalHasCIPS=false
INFO: [v++ 60-897] Reading --xp value from platform: vivado_param:bd.enableAutoConnectionsInNoc=1
INFO: [v++ 60-897] Reading --xp value from platform: vivado_param:constr.restoreXDEFConstraintsASTCL=1
INFO: [v++ 60-897] Reading --xp value from platform: vivado_param:ips.enableSLRParameter=4
INFO: [v++ 60-1306] Additional information associated with this v++ link can be found at:
	Reports: /home/users/edoardo.dalessio/code/av_omega/VersalAutomationTemplate/hw/_x/reports/link
	Log files: /home/users/edoardo.dalessio/code/av_omega/VersalAutomationTemplate/hw/_x/logs/link
INFO: [v++ 60-1548] Creating build summary session with primary output /home/users/edoardo.dalessio/code/av_omega/VersalAutomationTemplate/hw/overlay_hw.xsa.link_summary, at Sun Jun 30 17:20:13 2024
INFO: [v++ 60-1315] Creating rulecheck session with output '/home/users/edoardo.dalessio/code/av_omega/VersalAutomationTemplate/hw/_x/reports/link/v++_link_overlay_hw_guidance.html', at Sun Jun 30 17:20:13 2024
INFO: [v++ 60-895]   Target platform: /opt/xilinx/platforms/xilinx_vck5000_gen4x8_qdma_2_202220_1/xilinx_vck5000_gen4x8_qdma_2_202220_1.xpfm
INFO: [v++ 60-1578]   This platform contains Xilinx Shell Archive '/opt/xilinx/platforms/xilinx_vck5000_gen4x8_qdma_2_202220_1/hw/xilinx_vck5000_gen4x8_qdma_2_202220_1.xsa'
INFO: [v++ 74-78] Compiler Version string: 2022.2
INFO: [v++ 60-629] Linking for hardware target
INFO: [v++ 60-423]   Target device: xilinx_vck5000_gen4x8_qdma_2_202220_1
INFO: [v++ 60-1332] Run 'run_link' status: Not started
INFO: [v++ 60-1443] [17:20:22] Run run_link: Step system_link: Started
INFO: [v++ 60-1453] Command Line: system_link --xo /home/users/edoardo.dalessio/code/av_omega/VersalAutomationTemplate/data_movers/setup_aie_hw.xo --xo /home/users/edoardo.dalessio/code/av_omega/VersalAutomationTemplate/data_movers/sink_from_aie_hw.xo -keep /home/users/edoardo.dalessio/code/av_omega/VersalAutomationTemplate/hw/.Xil/v++-1710855-nags27/hw.o --config /home/users/edoardo.dalessio/code/av_omega/VersalAutomationTemplate/hw/_x/link/int/syslinkConfig.ini --xpfm /opt/xilinx/platforms/xilinx_vck5000_gen4x8_qdma_2_202220_1/xilinx_vck5000_gen4x8_qdma_2_202220_1.xpfm --target hw --output_dir /home/users/edoardo.dalessio/code/av_omega/VersalAutomationTemplate/hw/_x/link/int --temp_dir /home/users/edoardo.dalessio/code/av_omega/VersalAutomationTemplate/hw/_x/link/sys_link
INFO: [v++ 60-1454] Run Directory: /home/users/edoardo.dalessio/code/av_omega/VersalAutomationTemplate/hw/_x/link/run_link
INFO: [SYSTEM_LINK 82-128] Extracting .o file /home/users/edoardo.dalessio/code/av_omega/VersalAutomationTemplate/hw/.Xil/v++-1710855-nags27/hw.o
INFO: [SYSTEM_LINK 82-70] Extracting xo v3 file /home/users/edoardo.dalessio/code/av_omega/VersalAutomationTemplate/data_movers/setup_aie_hw.xo
INFO: [SYSTEM_LINK 82-70] Extracting xo v3 file /home/users/edoardo.dalessio/code/av_omega/VersalAutomationTemplate/data_movers/sink_from_aie_hw.xo
INFO: [SYSTEM_LINK 82-53] Creating IP database /home/users/edoardo.dalessio/code/av_omega/VersalAutomationTemplate/hw/_x/link/sys_link/_sysl/.cdb/xd_ip_db.xml
INFO: [SYSTEM_LINK 82-38] [17:20:26] build_xd_ip_db started: /home/xilinx/software/Vitis/2022.2/bin/build_xd_ip_db -ip_search 0  -sds-pf /home/users/edoardo.dalessio/code/av_omega/VersalAutomationTemplate/hw/_x/link/sys_link/xilinx_vck5000_gen4x8_qdma_2_202220_1.hpfm -clkid 0 -ip /home/users/edoardo.dalessio/code/av_omega/VersalAutomationTemplate/hw/_x/link/sys_link/iprepo/xilinx_com_hls_setup_aie_1_0,setup_aie -ip /home/users/edoardo.dalessio/code/av_omega/VersalAutomationTemplate/hw/_x/link/sys_link/iprepo/xilinx_com_hls_sink_from_aie_1_0,sink_from_aie -o /home/users/edoardo.dalessio/code/av_omega/VersalAutomationTemplate/hw/_x/link/sys_link/_sysl/.cdb/xd_ip_db.xml
INFO: [SYSTEM_LINK 82-37] [17:20:45] build_xd_ip_db finished successfully
Time (s): cpu = 00:00:09 ; elapsed = 00:00:19 . Memory (MB): peak = 435.285 ; gain = 0.000 ; free physical = 48795 ; free virtual = 111574
INFO: [SYSTEM_LINK 82-51] Create system connectivity graph
INFO: [SYSTEM_LINK 82-101] Importing AIE connectivity graph
INFO: [SYSTEM_LINK 82-38] [17:20:46] aie_import started: /home/xilinx/software/Vitis/2022.2/bin/aie_import -r /home/users/edoardo.dalessio/code/av_omega/VersalAutomationTemplate/hw/_x/link/sys_link/_sysl/.cdb/xd_ip_db.xml -i /home/users/edoardo.dalessio/code/av_omega/VersalAutomationTemplate/hw/_x/link/sys_link/aie/v_cfgraph.xml -o /home/users/edoardo.dalessio/code/av_omega/VersalAutomationTemplate/hw/_x/link/sys_link/cfgraph/aie_cfgraph.xml -c /home/users/edoardo.dalessio/code/av_omega/VersalAutomationTemplate/hw/_x/link/sys_link/cfgraph/aie_comp.xml -f /home/users/edoardo.dalessio/code/av_omega/VersalAutomationTemplate/hw/_x/link/sys_link/cfgraph/aie_fcnmap.xml
INFO: [SYSTEM_LINK 82-37] [17:20:50] aie_import finished successfully
Time (s): cpu = 00:00:03 ; elapsed = 00:00:05 . Memory (MB): peak = 435.285 ; gain = 0.000 ; free physical = 48697 ; free virtual = 111478
INFO: [SYSTEM_LINK 82-102] Applying explicit connections to the system connectivity graph: /home/users/edoardo.dalessio/code/av_omega/VersalAutomationTemplate/hw/_x/link/sys_link/cfgraph/cfgen_cfgraph.xml
INFO: [SYSTEM_LINK 82-38] [17:21:09] cfgen started: /home/xilinx/software/Vitis/2022.2/bin/cfgen  -nk setup_aie:1:setup_aie_0 -nk setup_aie:1:setup_aie_1 -nk sink_from_aie:1:sink_from_aie_0 -sc setup_aie_0.s:ai_engine_0.in_plio_1 -sc ai_engine_0.out_plio_1:sink_from_aie_0.input_stream -sc setup_aie_1.s:ai_engine_0.in_plio_2 -slr setup_aie_0:SLR0 -slr setup_aie_1:SLR0 -slr sink_from_aie_0:SLR0 -sp sink_from_aie_0.m_axi_gmem1:MC_NOC0 -sp setup_aie_0.m_axi_gmem0:MC_NOC0 -sp setup_aie_1.m_axi_gmem0:MC_NOC0 -dpa_mem_offload false -dmclkid 0 -r /home/users/edoardo.dalessio/code/av_omega/VersalAutomationTemplate/hw/_x/link/sys_link/_sysl/.cdb/xd_ip_db.xml -i /home/users/edoardo.dalessio/code/av_omega/VersalAutomationTemplate/hw/_x/link/sys_link/cfgraph/aie_cfgraph.xml -o /home/users/edoardo.dalessio/code/av_omega/VersalAutomationTemplate/hw/_x/link/sys_link/cfgraph/cfgen_cfgraph.xml
INFO: [CFGEN 83-0] Kernel Specs: 
INFO: [CFGEN 83-0]   kernel: setup_aie, num: 1  {setup_aie_0}
INFO: [CFGEN 83-0]   kernel: setup_aie, num: 1  {setup_aie_1}
INFO: [CFGEN 83-0]   kernel: sink_from_aie, num: 1  {sink_from_aie_0}
INFO: [CFGEN 83-0] Port Specs: 
INFO: [CFGEN 83-0]   kernel: sink_from_aie_0, k_port: m_axi_gmem1, sptag: MC_NOC0
INFO: [CFGEN 83-0]   kernel: setup_aie_0, k_port: m_axi_gmem0, sptag: MC_NOC0
INFO: [CFGEN 83-0]   kernel: setup_aie_1, k_port: m_axi_gmem0, sptag: MC_NOC0
INFO: [CFGEN 83-0] Stream Specs: 
INFO: [CFGEN 83-0]   setup_aie_0.s => ai_engine_0.in_plio_1
INFO: [CFGEN 83-0]   ai_engine_0.out_plio_1 => sink_from_aie_0.input_stream
INFO: [CFGEN 83-0]   setup_aie_1.s => ai_engine_0.in_plio_2
INFO: [CFGEN 83-0] SLR Specs: 
INFO: [CFGEN 83-0]   instance: setup_aie_0, SLR: SLR0
INFO: [CFGEN 83-0]   instance: setup_aie_1, SLR: SLR0
INFO: [CFGEN 83-0]   instance: sink_from_aie_0, SLR: SLR0
INFO: [SYSTEM_LINK 82-37] [17:21:21] cfgen finished successfully
Time (s): cpu = 00:00:06 ; elapsed = 00:00:13 . Memory (MB): peak = 435.285 ; gain = 0.000 ; free physical = 48206 ; free virtual = 111021
INFO: [SYSTEM_LINK 82-52] Create top-level block diagram
INFO: [SYSTEM_LINK 82-38] [17:21:21] cf2bd started: /home/xilinx/software/Vitis/2022.2/bin/cf2bd  --linux --trace_buffer 1024 --input_file /home/users/edoardo.dalessio/code/av_omega/VersalAutomationTemplate/hw/_x/link/sys_link/cfgraph/cfgen_cfgraph.xml --ip_db /home/users/edoardo.dalessio/code/av_omega/VersalAutomationTemplate/hw/_x/link/sys_link/_sysl/.cdb/xd_ip_db.xml --cf_name dr --working_dir /home/users/edoardo.dalessio/code/av_omega/VersalAutomationTemplate/hw/_x/link/sys_link/_sysl/.xsd --temp_dir /home/users/edoardo.dalessio/code/av_omega/VersalAutomationTemplate/hw/_x/link/sys_link --output_dir /home/users/edoardo.dalessio/code/av_omega/VersalAutomationTemplate/hw/_x/link/int --target_bd ulp_inst_0.bd
INFO: [CF2BD 82-31] Launching cf2xd: cf2xd -linux -trace-buffer 1024 -i /home/users/edoardo.dalessio/code/av_omega/VersalAutomationTemplate/hw/_x/link/sys_link/cfgraph/cfgen_cfgraph.xml -r /home/users/edoardo.dalessio/code/av_omega/VersalAutomationTemplate/hw/_x/link/sys_link/_sysl/.cdb/xd_ip_db.xml -o dr.xml
INFO: [CF2BD 82-28] cf2xd finished successfully
INFO: [CF2BD 82-31] Launching cf_xsd: cf_xsd -disable-address-gen -bd ulp_inst_0.bd -dn dr -dp /home/users/edoardo.dalessio/code/av_omega/VersalAutomationTemplate/hw/_x/link/sys_link/_sysl/.xsd
INFO: [CF2BD 82-28] cf_xsd finished successfully
INFO: [SYSTEM_LINK 82-37] [17:21:34] cf2bd finished successfully
Time (s): cpu = 00:00:06 ; elapsed = 00:00:13 . Memory (MB): peak = 435.285 ; gain = 0.000 ; free physical = 48110 ; free virtual = 110933
INFO: [v++ 60-1441] [17:21:34] Run run_link: Step system_link: Completed
Time (s): cpu = 00:00:37 ; elapsed = 00:01:12 . Memory (MB): peak = 452.449 ; gain = 0.000 ; free physical = 48169 ; free virtual = 110992
INFO: [v++ 60-1443] [17:21:34] Run run_link: Step cf2sw: Started
INFO: [v++ 60-1453] Command Line: cf2sw -sdsl /home/users/edoardo.dalessio/code/av_omega/VersalAutomationTemplate/hw/_x/link/int/sdsl.dat -rtd /home/users/edoardo.dalessio/code/av_omega/VersalAutomationTemplate/hw/_x/link/int/cf2sw.rtd -nofilter /home/users/edoardo.dalessio/code/av_omega/VersalAutomationTemplate/hw/_x/link/int/cf2sw_full.rtd -xclbin /home/users/edoardo.dalessio/code/av_omega/VersalAutomationTemplate/hw/_x/link/int/xclbin_orig.xml -o /home/users/edoardo.dalessio/code/av_omega/VersalAutomationTemplate/hw/_x/link/int/xclbin_orig.1.xml
INFO: [v++ 60-1454] Run Directory: /home/users/edoardo.dalessio/code/av_omega/VersalAutomationTemplate/hw/_x/link/run_link
INFO: [v++ 60-1441] [17:21:47] Run run_link: Step cf2sw: Completed
Time (s): cpu = 00:00:07 ; elapsed = 00:00:13 . Memory (MB): peak = 452.449 ; gain = 0.000 ; free physical = 47998 ; free virtual = 111020
INFO: [v++ 60-1443] [17:21:47] Run run_link: Step rtd2_system_diagram: Started
INFO: [v++ 60-1453] Command Line: rtd2SystemDiagram
INFO: [v++ 60-1454] Run Directory: /home/users/edoardo.dalessio/code/av_omega/VersalAutomationTemplate/hw/_x/link/run_link
INFO: [v++ 60-1441] [17:21:48] Run run_link: Step rtd2_system_diagram: Completed
Time (s): cpu = 00:00:00 ; elapsed = 00:00:00.55 . Memory (MB): peak = 452.449 ; gain = 0.000 ; free physical = 47968 ; free virtual = 111006
INFO: [v++ 60-1443] [17:21:48] Run run_link: Step vpl: Started
INFO: [v++ 60-1453] Command Line: vpl -t hw -f xilinx_vck5000_gen4x8_qdma_2_202220_1 -s -g --kernel_frequency 200 --remote_ip_cache /home/users/edoardo.dalessio/code/av_omega/VersalAutomationTemplate/hw/.ipcache --output_dir /home/users/edoardo.dalessio/code/av_omega/VersalAutomationTemplate/hw/_x/link/int --log_dir /home/users/edoardo.dalessio/code/av_omega/VersalAutomationTemplate/hw/_x/logs/link --report_dir /home/users/edoardo.dalessio/code/av_omega/VersalAutomationTemplate/hw/_x/reports/link --config /home/users/edoardo.dalessio/code/av_omega/VersalAutomationTemplate/hw/_x/link/int/vplConfig.ini -k /home/users/edoardo.dalessio/code/av_omega/VersalAutomationTemplate/hw/_x/link/int/kernel_info.dat --webtalk_flag Vitis --temp_dir /home/users/edoardo.dalessio/code/av_omega/VersalAutomationTemplate/hw/_x/link --no-info --iprepo /home/users/edoardo.dalessio/code/av_omega/VersalAutomationTemplate/hw/_x/link/int/xo/ip_repo/xilinx_com_hls_sink_from_aie_1_0 --iprepo /home/users/edoardo.dalessio/code/av_omega/VersalAutomationTemplate/hw/_x/link/int/xo/ip_repo/xilinx_com_hls_setup_aie_1_0 --messageDb /home/users/edoardo.dalessio/code/av_omega/VersalAutomationTemplate/hw/_x/link/run_link/vpl.pb /home/users/edoardo.dalessio/code/av_omega/VersalAutomationTemplate/hw/_x/link/int/dr.bd.tcl
INFO: [v++ 60-1454] Run Directory: /home/users/edoardo.dalessio/code/av_omega/VersalAutomationTemplate/hw/_x/link/run_link

****** vpl v2022.2.2 (64-bit)
  **** SW Build 3716524 on 2023-02-17-15:43:22
    ** Copyright 1986-2023 Xilinx, Inc. All Rights Reserved.

INFO: [VPL 60-839] Read in kernel information from file '/home/users/edoardo.dalessio/code/av_omega/VersalAutomationTemplate/hw/_x/link/int/kernel_info.dat'.
INFO: [VPL 74-78] Compiler Version string: 2022.2
INFO: [VPL 60-423]   Target device: xilinx_vck5000_gen4x8_qdma_2_202220_1
INFO: [VPL 60-1032] Extracting hardware platform to /home/users/edoardo.dalessio/code/av_omega/VersalAutomationTemplate/hw/_x/link/vivado/vpl/.local/hw_platform
[17:22:24] Run vpl: Step create_project: Started
Creating Vivado project.
[17:22:41] Run vpl: Step create_project: Completed
[17:22:41] Run vpl: Step create_bd: Started
[17:23:40] Run vpl: Step create_bd: Completed
[17:23:40] Run vpl: Step update_bd: Started
[17:23:40] Run vpl: Step update_bd: Completed
[17:23:40] Run vpl: Step generate_target: Started
[17:24:57] Run vpl: Step generate_target: RUNNING...
[17:25:03] Run vpl: Step generate_target: Completed
[17:25:03] Run vpl: Step config_hw_runs: Started
[17:26:19] Run vpl: Step config_hw_runs: RUNNING...
[17:27:19] Run vpl: Step config_hw_runs: Completed
[17:27:19] Run vpl: Step synth: Started
[17:29:55] Block-level synthesis in progress, 0 of 29 jobs complete, 8 jobs running.
[17:30:26] Block-level synthesis in progress, 0 of 29 jobs complete, 8 jobs running.
[17:30:57] Block-level synthesis in progress, 0 of 29 jobs complete, 8 jobs running.
[17:31:28] Block-level synthesis in progress, 0 of 29 jobs complete, 8 jobs running.
[17:31:59] Block-level synthesis in progress, 0 of 29 jobs complete, 8 jobs running.
[17:32:30] Block-level synthesis in progress, 0 of 29 jobs complete, 8 jobs running.
[17:33:01] Block-level synthesis in progress, 0 of 29 jobs complete, 8 jobs running.
[17:33:32] Block-level synthesis in progress, 0 of 29 jobs complete, 8 jobs running.
[17:34:04] Block-level synthesis in progress, 0 of 29 jobs complete, 8 jobs running.
[17:34:35] Block-level synthesis in progress, 0 of 29 jobs complete, 8 jobs running.
[17:35:07] Block-level synthesis in progress, 0 of 29 jobs complete, 8 jobs running.
[17:35:38] Block-level synthesis in progress, 0 of 29 jobs complete, 8 jobs running.
[17:36:12] Block-level synthesis in progress, 0 of 29 jobs complete, 8 jobs running.
[17:36:45] Block-level synthesis in progress, 0 of 29 jobs complete, 8 jobs running.
[17:37:16] Block-level synthesis in progress, 0 of 29 jobs complete, 8 jobs running.
[17:37:47] Block-level synthesis in progress, 0 of 29 jobs complete, 8 jobs running.
[17:38:18] Block-level synthesis in progress, 0 of 29 jobs complete, 8 jobs running.
[17:38:49] Block-level synthesis in progress, 0 of 29 jobs complete, 8 jobs running.
[17:39:20] Block-level synthesis in progress, 0 of 29 jobs complete, 8 jobs running.
[17:39:51] Block-level synthesis in progress, 0 of 29 jobs complete, 8 jobs running.
[17:40:23] Block-level synthesis in progress, 0 of 29 jobs complete, 8 jobs running.
[17:40:54] Block-level synthesis in progress, 0 of 29 jobs complete, 8 jobs running.
[17:41:26] Block-level synthesis in progress, 0 of 29 jobs complete, 8 jobs running.
[17:41:57] Block-level synthesis in progress, 0 of 29 jobs complete, 8 jobs running.
[17:42:28] Block-level synthesis in progress, 0 of 29 jobs complete, 8 jobs running.
[17:43:00] Block-level synthesis in progress, 0 of 29 jobs complete, 8 jobs running.
[17:43:32] Block-level synthesis in progress, 0 of 29 jobs complete, 8 jobs running.
[17:44:03] Block-level synthesis in progress, 0 of 29 jobs complete, 8 jobs running.
[17:44:34] Block-level synthesis in progress, 0 of 29 jobs complete, 8 jobs running.
[17:45:06] Block-level synthesis in progress, 0 of 29 jobs complete, 8 jobs running.
[17:45:38] Block-level synthesis in progress, 0 of 29 jobs complete, 8 jobs running.
[17:46:09] Block-level synthesis in progress, 0 of 29 jobs complete, 8 jobs running.
[17:46:41] Block-level synthesis in progress, 0 of 29 jobs complete, 8 jobs running.
[17:47:13] Block-level synthesis in progress, 0 of 29 jobs complete, 8 jobs running.
[17:47:44] Block-level synthesis in progress, 0 of 29 jobs complete, 8 jobs running.
[17:48:15] Block-level synthesis in progress, 0 of 29 jobs complete, 8 jobs running.
[17:48:46] Block-level synthesis in progress, 0 of 29 jobs complete, 8 jobs running.
[17:49:18] Block-level synthesis in progress, 0 of 29 jobs complete, 8 jobs running.
[17:49:49] Block-level synthesis in progress, 0 of 29 jobs complete, 8 jobs running.
[17:50:21] Block-level synthesis in progress, 0 of 29 jobs complete, 8 jobs running.
[17:50:52] Block-level synthesis in progress, 1 of 29 jobs complete, 7 jobs running.
[17:51:23] Block-level synthesis in progress, 2 of 29 jobs complete, 6 jobs running.
[17:51:55] Block-level synthesis in progress, 4 of 29 jobs complete, 4 jobs running.
[17:52:27] Block-level synthesis in progress, 4 of 29 jobs complete, 4 jobs running.
[17:52:58] Block-level synthesis in progress, 6 of 29 jobs complete, 3 jobs running.
[17:53:30] Block-level synthesis in progress, 7 of 29 jobs complete, 3 jobs running.
[17:54:02] Block-level synthesis in progress, 7 of 29 jobs complete, 5 jobs running.
[17:54:33] Block-level synthesis in progress, 7 of 29 jobs complete, 5 jobs running.
[17:55:06] Block-level synthesis in progress, 7 of 29 jobs complete, 6 jobs running.
[17:55:37] Block-level synthesis in progress, 7 of 29 jobs complete, 7 jobs running.
[17:56:09] Block-level synthesis in progress, 7 of 29 jobs complete, 8 jobs running.
[17:56:41] Block-level synthesis in progress, 7 of 29 jobs complete, 8 jobs running.
[17:57:13] Block-level synthesis in progress, 7 of 29 jobs complete, 8 jobs running.
[17:57:45] Block-level synthesis in progress, 7 of 29 jobs complete, 8 jobs running.
[17:58:17] Block-level synthesis in progress, 7 of 29 jobs complete, 8 jobs running.
[17:58:49] Block-level synthesis in progress, 7 of 29 jobs complete, 8 jobs running.
[17:59:22] Block-level synthesis in progress, 7 of 29 jobs complete, 8 jobs running.
[17:59:55] Block-level synthesis in progress, 7 of 29 jobs complete, 8 jobs running.
[18:00:27] Block-level synthesis in progress, 7 of 29 jobs complete, 8 jobs running.
[18:00:59] Block-level synthesis in progress, 7 of 29 jobs complete, 8 jobs running.
[18:01:32] Block-level synthesis in progress, 7 of 29 jobs complete, 8 jobs running.
[18:02:05] Block-level synthesis in progress, 7 of 29 jobs complete, 8 jobs running.
[18:02:37] Block-level synthesis in progress, 7 of 29 jobs complete, 8 jobs running.
[18:03:09] Block-level synthesis in progress, 7 of 29 jobs complete, 8 jobs running.
[18:03:41] Block-level synthesis in progress, 7 of 29 jobs complete, 8 jobs running.
[18:04:14] Block-level synthesis in progress, 7 of 29 jobs complete, 8 jobs running.
[18:04:47] Block-level synthesis in progress, 7 of 29 jobs complete, 8 jobs running.
[18:05:19] Block-level synthesis in progress, 7 of 29 jobs complete, 8 jobs running.
[18:05:51] Block-level synthesis in progress, 7 of 29 jobs complete, 8 jobs running.
[18:06:24] Block-level synthesis in progress, 8 of 29 jobs complete, 7 jobs running.
[18:06:56] Block-level synthesis in progress, 8 of 29 jobs complete, 7 jobs running.
[18:07:28] Block-level synthesis in progress, 8 of 29 jobs complete, 7 jobs running.
[18:08:00] Block-level synthesis in progress, 8 of 29 jobs complete, 7 jobs running.
[18:08:32] Block-level synthesis in progress, 8 of 29 jobs complete, 7 jobs running.
[18:09:05] Block-level synthesis in progress, 8 of 29 jobs complete, 8 jobs running.
[18:09:37] Block-level synthesis in progress, 8 of 29 jobs complete, 8 jobs running.
[18:10:09] Block-level synthesis in progress, 8 of 29 jobs complete, 8 jobs running.
[18:10:42] Block-level synthesis in progress, 8 of 29 jobs complete, 8 jobs running.
[18:11:15] Block-level synthesis in progress, 8 of 29 jobs complete, 8 jobs running.
[18:11:47] Block-level synthesis in progress, 8 of 29 jobs complete, 8 jobs running.
[18:12:20] Block-level synthesis in progress, 8 of 29 jobs complete, 8 jobs running.
[18:12:53] Block-level synthesis in progress, 8 of 29 jobs complete, 8 jobs running.
[18:13:26] Block-level synthesis in progress, 8 of 29 jobs complete, 8 jobs running.
[18:13:59] Block-level synthesis in progress, 8 of 29 jobs complete, 8 jobs running.
[18:14:33] Block-level synthesis in progress, 8 of 29 jobs complete, 8 jobs running.
[18:15:07] Block-level synthesis in progress, 8 of 29 jobs complete, 8 jobs running.
[18:15:39] Block-level synthesis in progress, 8 of 29 jobs complete, 8 jobs running.
[18:16:10] Block-level synthesis in progress, 9 of 29 jobs complete, 7 jobs running.
[18:16:43] Block-level synthesis in progress, 11 of 29 jobs complete, 5 jobs running.
[18:17:16] Block-level synthesis in progress, 11 of 29 jobs complete, 5 jobs running.
[18:17:48] Block-level synthesis in progress, 11 of 29 jobs complete, 5 jobs running.
[18:18:20] Block-level synthesis in progress, 11 of 29 jobs complete, 6 jobs running.
[18:18:52] Block-level synthesis in progress, 12 of 29 jobs complete, 6 jobs running.
[18:19:25] Block-level synthesis in progress, 12 of 29 jobs complete, 7 jobs running.
[18:19:58] Block-level synthesis in progress, 12 of 29 jobs complete, 8 jobs running.
[18:20:30] Block-level synthesis in progress, 13 of 29 jobs complete, 7 jobs running.
[18:21:02] Block-level synthesis in progress, 13 of 29 jobs complete, 7 jobs running.
[18:21:35] Block-level synthesis in progress, 13 of 29 jobs complete, 7 jobs running.
[18:22:08] Block-level synthesis in progress, 13 of 29 jobs complete, 7 jobs running.
[18:22:41] Block-level synthesis in progress, 13 of 29 jobs complete, 8 jobs running.
[18:23:14] Block-level synthesis in progress, 13 of 29 jobs complete, 8 jobs running.
[18:23:47] Block-level synthesis in progress, 13 of 29 jobs complete, 8 jobs running.
[18:24:20] Block-level synthesis in progress, 13 of 29 jobs complete, 8 jobs running.
[18:24:53] Block-level synthesis in progress, 13 of 29 jobs complete, 8 jobs running.
[18:25:27] Block-level synthesis in progress, 13 of 29 jobs complete, 8 jobs running.
[18:25:59] Block-level synthesis in progress, 13 of 29 jobs complete, 8 jobs running.
[18:26:32] Block-level synthesis in progress, 13 of 29 jobs complete, 8 jobs running.
[18:27:05] Block-level synthesis in progress, 13 of 29 jobs complete, 8 jobs running.
[18:27:38] Block-level synthesis in progress, 13 of 29 jobs complete, 8 jobs running.
[18:28:09] Block-level synthesis in progress, 13 of 29 jobs complete, 8 jobs running.
[18:28:42] Block-level synthesis in progress, 14 of 29 jobs complete, 7 jobs running.
[18:29:16] Block-level synthesis in progress, 14 of 29 jobs complete, 7 jobs running.
[18:29:49] Block-level synthesis in progress, 14 of 29 jobs complete, 7 jobs running.
[18:30:22] Block-level synthesis in progress, 14 of 29 jobs complete, 7 jobs running.
[18:30:56] Block-level synthesis in progress, 14 of 29 jobs complete, 7 jobs running.
[18:31:29] Block-level synthesis in progress, 14 of 29 jobs complete, 7 jobs running.
[18:32:03] Block-level synthesis in progress, 14 of 29 jobs complete, 8 jobs running.
[18:32:36] Block-level synthesis in progress, 14 of 29 jobs complete, 8 jobs running.
[18:33:09] Block-level synthesis in progress, 14 of 29 jobs complete, 8 jobs running.
[18:33:42] Block-level synthesis in progress, 14 of 29 jobs complete, 8 jobs running.
[18:34:17] Block-level synthesis in progress, 14 of 29 jobs complete, 8 jobs running.
[18:34:50] Block-level synthesis in progress, 14 of 29 jobs complete, 8 jobs running.
[18:35:25] Block-level synthesis in progress, 14 of 29 jobs complete, 8 jobs running.
[18:35:58] Block-level synthesis in progress, 14 of 29 jobs complete, 8 jobs running.
[18:36:31] Block-level synthesis in progress, 15 of 29 jobs complete, 7 jobs running.
[18:37:05] Block-level synthesis in progress, 15 of 29 jobs complete, 7 jobs running.
[18:37:40] Block-level synthesis in progress, 15 of 29 jobs complete, 7 jobs running.
[18:38:14] Block-level synthesis in progress, 15 of 29 jobs complete, 7 jobs running.
[18:38:47] Block-level synthesis in progress, 15 of 29 jobs complete, 7 jobs running.
[18:39:21] Block-level synthesis in progress, 15 of 29 jobs complete, 8 jobs running.
[18:39:55] Block-level synthesis in progress, 15 of 29 jobs complete, 8 jobs running.
[18:40:29] Block-level synthesis in progress, 15 of 29 jobs complete, 8 jobs running.
[18:41:04] Block-level synthesis in progress, 15 of 29 jobs complete, 8 jobs running.
[18:41:37] Block-level synthesis in progress, 15 of 29 jobs complete, 8 jobs running.
[18:42:11] Block-level synthesis in progress, 15 of 29 jobs complete, 8 jobs running.
[18:42:46] Block-level synthesis in progress, 15 of 29 jobs complete, 8 jobs running.
[18:43:21] Block-level synthesis in progress, 15 of 29 jobs complete, 8 jobs running.
[18:43:53] Block-level synthesis in progress, 16 of 29 jobs complete, 7 jobs running.
[18:44:29] Block-level synthesis in progress, 16 of 29 jobs complete, 7 jobs running.
[18:45:02] Block-level synthesis in progress, 16 of 29 jobs complete, 7 jobs running.
[18:45:36] Block-level synthesis in progress, 16 of 29 jobs complete, 7 jobs running.
[18:46:10] Block-level synthesis in progress, 16 of 29 jobs complete, 8 jobs running.
[18:46:44] Block-level synthesis in progress, 16 of 29 jobs complete, 8 jobs running.
[18:47:19] Block-level synthesis in progress, 16 of 29 jobs complete, 8 jobs running.
[18:47:53] Block-level synthesis in progress, 16 of 29 jobs complete, 8 jobs running.
[18:48:28] Block-level synthesis in progress, 16 of 29 jobs complete, 8 jobs running.
[18:49:02] Block-level synthesis in progress, 17 of 29 jobs complete, 7 jobs running.
[18:49:37] Block-level synthesis in progress, 17 of 29 jobs complete, 7 jobs running.
[18:50:12] Block-level synthesis in progress, 17 of 29 jobs complete, 7 jobs running.
[18:50:46] Block-level synthesis in progress, 17 of 29 jobs complete, 7 jobs running.
[18:51:20] Block-level synthesis in progress, 17 of 29 jobs complete, 7 jobs running.
[18:51:54] Block-level synthesis in progress, 18 of 29 jobs complete, 7 jobs running.
[18:52:28] Block-level synthesis in progress, 18 of 29 jobs complete, 7 jobs running.
[18:53:01] Block-level synthesis in progress, 18 of 29 jobs complete, 7 jobs running.
[18:53:35] Block-level synthesis in progress, 18 of 29 jobs complete, 7 jobs running.
[18:54:09] Block-level synthesis in progress, 18 of 29 jobs complete, 7 jobs running.
[18:54:44] Block-level synthesis in progress, 20 of 29 jobs complete, 6 jobs running.
[18:55:18] Block-level synthesis in progress, 20 of 29 jobs complete, 6 jobs running.
[18:55:52] Block-level synthesis in progress, 20 of 29 jobs complete, 6 jobs running.
[18:56:27] Block-level synthesis in progress, 20 of 29 jobs complete, 6 jobs running.
[18:57:01] Block-level synthesis in progress, 20 of 29 jobs complete, 8 jobs running.
[18:57:36] Block-level synthesis in progress, 20 of 29 jobs complete, 8 jobs running.
[18:58:11] Block-level synthesis in progress, 20 of 29 jobs complete, 8 jobs running.
[18:58:45] Block-level synthesis in progress, 21 of 29 jobs complete, 7 jobs running.
[18:59:18] Block-level synthesis in progress, 21 of 29 jobs complete, 7 jobs running.
[18:59:52] Block-level synthesis in progress, 21 of 29 jobs complete, 7 jobs running.
[19:00:25] Block-level synthesis in progress, 22 of 29 jobs complete, 6 jobs running.
[19:00:58] Block-level synthesis in progress, 23 of 29 jobs complete, 5 jobs running.
[19:01:31] Block-level synthesis in progress, 23 of 29 jobs complete, 5 jobs running.
[19:02:05] Block-level synthesis in progress, 23 of 29 jobs complete, 5 jobs running.
[19:02:37] Block-level synthesis in progress, 23 of 29 jobs complete, 5 jobs running.
[19:03:09] Block-level synthesis in progress, 24 of 29 jobs complete, 4 jobs running.
[19:03:42] Block-level synthesis in progress, 24 of 29 jobs complete, 4 jobs running.
[19:04:15] Block-level synthesis in progress, 24 of 29 jobs complete, 4 jobs running.
[19:04:48] Block-level synthesis in progress, 24 of 29 jobs complete, 5 jobs running.
[19:05:21] Block-level synthesis in progress, 24 of 29 jobs complete, 5 jobs running.
[19:05:54] Block-level synthesis in progress, 24 of 29 jobs complete, 5 jobs running.
[19:06:27] Block-level synthesis in progress, 24 of 29 jobs complete, 5 jobs running.
[19:07:00] Block-level synthesis in progress, 25 of 29 jobs complete, 4 jobs running.
[19:07:33] Block-level synthesis in progress, 25 of 29 jobs complete, 4 jobs running.
[19:08:04] Block-level synthesis in progress, 26 of 29 jobs complete, 3 jobs running.
[19:08:36] Block-level synthesis in progress, 27 of 29 jobs complete, 2 jobs running.
[19:09:07] Block-level synthesis in progress, 27 of 29 jobs complete, 2 jobs running.
[19:09:40] Block-level synthesis in progress, 27 of 29 jobs complete, 2 jobs running.
[19:10:10] Block-level synthesis in progress, 28 of 29 jobs complete, 1 job running.
[19:10:42] Block-level synthesis in progress, 29 of 29 jobs complete, 0 jobs running.
[19:11:13] Top-level synthesis in progress.
[19:11:44] Top-level synthesis in progress.
[19:12:15] Top-level synthesis in progress.
[19:12:46] Top-level synthesis in progress.
[19:13:17] Top-level synthesis in progress.
[19:13:49] Top-level synthesis in progress.
[19:14:20] Top-level synthesis in progress.
[19:14:46] Run vpl: Step synth: Completed
[19:14:46] Run vpl: Step impl: Started
[19:40:13] Finished 2nd of 6 tasks (FPGA linking synthesized kernels to platform). Elapsed time: 02h 18m 21s 

[19:40:13] Starting logic optimization..
[19:43:50] Phase 1 Retarget
[19:43:50] Phase 2 Constant propagation
[19:43:50] Phase 3 Sweep
[19:45:55] Phase 4 BUFG optimization
[19:47:29] Phase 5 Shift Register Optimization
[19:47:29] Phase 6 Post Processing Netlist
[19:52:43] Finished 3rd of 6 tasks (FPGA logic optimization). Elapsed time: 00h 12m 30s 

[19:52:43] Starting logic placement..
[19:54:50] Phase 1 Placer Initialization
[19:54:50] Phase 1.1 Placer Initialization Netlist Sorting
[19:57:28] Phase 1.2 IO Placement/ Clock Placement/ Build Placer Device
[20:00:38] Phase 1.3 Build Placer Netlist Model
[20:03:25] Phase 1.4 Constrain Clocks/Macros
[20:03:58] Phase 2 Global Placement
[20:03:58] Phase 2.1 Floorplanning
[20:04:29] Phase 2.1.1 Partition Driven Placement
[20:04:29] Phase 2.1.1.1 PBP: Partition Driven Placement
[20:05:00] Phase 2.1.1.2 PBP: Clock Region Placement
[20:07:37] Phase 2.1.1.3 PBP: Discrete Incremental
[20:07:37] Phase 2.1.1.4 PBP: Compute Congestion
[20:08:11] Phase 2.1.1.5 PBP: Macro Placement
[20:08:11] Phase 2.1.1.6 PBP: UpdateTiming
[20:08:43] Phase 2.1.1.7 PBP: Add part constraints
[20:09:14] Phase 2.2 Update Timing before SLR Path Opt
[20:09:14] Phase 2.3 Post-Processing in Floorplanning
[20:09:14] Phase 2.4 Global Placement Core
[20:18:25] Phase 2.4.1 UpdateTiming Before Physical Synthesis
[20:18:57] Phase 2.4.2 Physical Synthesis In Placer
[20:25:02] Phase 3 Detail Placement
[20:25:02] Phase 3.1 Commit Multi Column Macros
[20:25:34] Phase 3.2 Commit Most Macros & LUTRAMs
[20:27:13] Phase 3.3 Small Shape DP
[20:27:13] Phase 3.3.1 Small Shape Clustering
[20:27:13] Phase 3.3.2 Flow Legalize Slice Clusters
[20:27:13] Phase 3.3.3 Slice Area Swap
[20:27:13] Phase 3.3.3.1 Slice Area Swap Initial
[20:28:52] Phase 3.4 Place Remaining
[20:28:52] Phase 3.5 Optimize BEL assignments
[20:30:36] Phase 3.6 Pipeline Register Optimization
[20:30:36] Phase 3.7 Fast Optimization
[20:32:50] Phase 4 Post Placement Optimization and Clean-Up
[20:33:23] Phase 4.1 Post Commit Optimization
[20:36:09] Phase 4.1.1 Post Placement Optimization
[20:36:09] Phase 4.1.1.1 Post Placement Timing Optimization
[20:38:47] Phase 4.2 Post Placement Cleanup
[20:38:47] Phase 4.3 Placer Reporting
[20:38:47] Phase 4.3.1 Print Estimated Congestion
[20:38:47] Phase 4.4 Final Placement Cleanup
[20:42:03] Finished 4th of 6 tasks (FPGA logic placement). Elapsed time: 00h 49m 20s 

[20:42:03] Starting logic routing..
[20:43:38] Phase 1 Build RT Design
[20:50:10] Phase 2 Router Initialization
[20:50:10] Phase 2.1 Fix Topology Constraints
[20:50:10] Phase 2.2 Pre Route Cleanup
[20:50:43] Phase 2.3 Global Clock Net Routing
[20:50:43] Phase 2.4 Update Timing
[20:52:56] Phase 2.5 Update Timing for Bus Skew
[20:52:56] Phase 2.5.1 Update Timing
[20:54:01] Phase 3 Initial Routing
[20:54:01] Phase 3.1 Global Routing
[20:54:01] Phase 3.1.1 SLL Assignment
[20:55:36] Phase 4 Rip-up And Reroute
[20:55:36] Phase 4.1 Global Iteration 0
[20:58:16] Phase 4.2 Additional Iteration for Hold
[20:58:48] Phase 5 Delay and Skew Optimization
[20:58:48] Phase 5.1 Delay CleanUp
[20:58:48] Phase 5.2 Clock Skew Optimization
[20:58:48] Phase 6 Post Hold Fix
[20:58:48] Phase 6.1 Hold Fix Iter
[20:58:48] Phase 6.1.1 Update Timing
[20:59:56] Phase 7 Leaf Clock Prog Delay Opt
[21:01:02] Phase 8 Route finalize
[21:01:02] Phase 9 Verifying routed nets
[21:01:02] Phase 10 Depositing Routes
[21:01:37] Phase 11 Post Router Timing
[21:03:48] Finished 5th of 6 tasks (FPGA routing). Elapsed time: 00h 21m 44s 

[21:03:48] Starting bitstream generation..
[21:17:39] Creating bitmap...
[21:38:56] Finished 6th of 6 tasks (FPGA bitstream generation). Elapsed time: 00h 35m 08s 
Check VPL, containing 1 checks, has run: 0 errors
[22:26:51] Run vpl: Step impl: Completed
[22:26:52] Run vpl: FINISHED. Run Status: impl Complete!
INFO: [v++ 60-1441] [22:26:52] Run run_link: Step vpl: Completed
Time (s): cpu = 00:04:10 ; elapsed = 05:05:04 . Memory (MB): peak = 452.449 ; gain = 0.000 ; free physical = 41793 ; free virtual = 130661
INFO: [v++ 60-1443] [22:26:52] Run run_link: Step rtdgen: Started
INFO: [v++ 60-1453] Command Line: rtdgen
INFO: [v++ 60-1454] Run Directory: /home/users/edoardo.dalessio/code/av_omega/VersalAutomationTemplate/hw/_x/link/run_link
INFO: [v++ 60-991] clock name 'blp_s_aclk_kernel_01' (clock ID '1') is being mapped to clock name 'KERNEL_CLK' in the xclbin
INFO: [v++ 60-991] clock name 'blp_s_aclk_kernel_00' (clock ID '0') is being mapped to clock name 'DATA_CLK' in the xclbin
INFO: [v++ 60-1230] The compiler selected the following frequencies for the runtime controllable kernel clock(s) and scalable system clock(s): Kernel (KERNEL) clock: blp_s_aclk_kernel_01 = 500, Kernel (DATA) clock: blp_s_aclk_kernel_00 = 200
INFO: [v++ 60-1453] Command Line: cf2sw -a /home/users/edoardo.dalessio/code/av_omega/VersalAutomationTemplate/hw/_x/link/int/address_map.xml -sdsl /home/users/edoardo.dalessio/code/av_omega/VersalAutomationTemplate/hw/_x/link/int/sdsl.dat -xclbin /home/users/edoardo.dalessio/code/av_omega/VersalAutomationTemplate/hw/_x/link/int/xclbin_orig.xml -rtd /home/users/edoardo.dalessio/code/av_omega/VersalAutomationTemplate/hw/_x/link/int/overlay_hw.rtd -o /home/users/edoardo.dalessio/code/av_omega/VersalAutomationTemplate/hw/_x/link/int/overlay_hw.xml
INFO: [v++ 60-1652] Cf2sw returned exit code: 0
INFO: [v++ 60-1441] [22:26:59] Run run_link: Step rtdgen: Completed
Time (s): cpu = 00:00:06 ; elapsed = 00:00:06 . Memory (MB): peak = 452.449 ; gain = 0.000 ; free physical = 41430 ; free virtual = 130303
INFO: [v++ 60-1443] [22:26:59] Run run_link: Step xclbinutil: Started
INFO: [v++ 60-1453] Command Line: xclbinutil --add-section DEBUG_IP_LAYOUT:JSON:/home/users/edoardo.dalessio/code/av_omega/VersalAutomationTemplate/hw/_x/link/int/debug_ip_layout.rtd --add-section BITSTREAM_PARTIAL_PDI:raw:/home/users/edoardo.dalessio/code/av_omega/VersalAutomationTemplate/hw/_x/link/int/partial.pdi --force --target hw --key-value SYS:dfx_enable:true --add-section :JSON:/home/users/edoardo.dalessio/code/av_omega/VersalAutomationTemplate/hw/_x/link/int/overlay_hw.rtd --append-section :JSON:/home/users/edoardo.dalessio/code/av_omega/VersalAutomationTemplate/hw/_x/link/int/appendSection.rtd --add-section CLOCK_FREQ_TOPOLOGY:JSON:/home/users/edoardo.dalessio/code/av_omega/VersalAutomationTemplate/hw/_x/link/int/overlay_hw_xml.rtd --add-section BUILD_METADATA:JSON:/home/users/edoardo.dalessio/code/av_omega/VersalAutomationTemplate/hw/_x/link/int/overlay_hw_build.rtd --add-section EMBEDDED_METADATA:RAW:/home/users/edoardo.dalessio/code/av_omega/VersalAutomationTemplate/hw/_x/link/int/overlay_hw.xml --add-section SYSTEM_METADATA:RAW:/home/users/edoardo.dalessio/code/av_omega/VersalAutomationTemplate/hw/_x/link/int/systemDiagramModelSlrBaseAddress.json --add-section AIE_METADATA:JSON:/home/users/edoardo.dalessio/code/av_omega/VersalAutomationTemplate/hw/_x/link/int/aie_control_config.json --key-value SYS:PlatformVBNV:xilinx_vck5000_gen4x8_qdma_2_202220_1 --output /home/users/edoardo.dalessio/code/av_omega/VersalAutomationTemplate/hw/_x/link/int/overlay_hw.xclbin
INFO: [v++ 60-1454] Run Directory: /home/users/edoardo.dalessio/code/av_omega/VersalAutomationTemplate/hw/_x/link/run_link
XRT Build Version: 2.14.384 (2022.2)
       Build Date: 2022-12-09 00:55:08
          Hash ID: 090bb050d570d2b668477c3bd0f979dc3a34b9db
Creating a default 'in-memory' xclbin image.

Section: 'DEBUG_IP_LAYOUT'(9) was successfully added.
Size   : 440 bytes
Format : JSON
File   : '/home/users/edoardo.dalessio/code/av_omega/VersalAutomationTemplate/hw/_x/link/int/debug_ip_layout.rtd'

Section: 'BITSTREAM_PARTIAL_PDI'(19) was successfully added.
Size   : 7503408 bytes
Format : raw
File   : '/home/users/edoardo.dalessio/code/av_omega/VersalAutomationTemplate/hw/_x/link/int/partial.pdi'

Section: 'MEM_TOPOLOGY'(6) was successfully added.
Format : JSON
File   : 'mem_topology'

Section: 'IP_LAYOUT'(8) was successfully added.
Format : JSON
File   : 'ip_layout'

Section: 'CONNECTIVITY'(7) was successfully added.
Format : JSON
File   : 'connectivity'

Section: 'CLOCK_FREQ_TOPOLOGY'(11) was successfully added.
Size   : 274 bytes
Format : JSON
File   : '/home/users/edoardo.dalessio/code/av_omega/VersalAutomationTemplate/hw/_x/link/int/overlay_hw_xml.rtd'

Section: 'BUILD_METADATA'(14) was successfully added.
Size   : 3823 bytes
Format : JSON
File   : '/home/users/edoardo.dalessio/code/av_omega/VersalAutomationTemplate/hw/_x/link/int/overlay_hw_build.rtd'

Section: 'EMBEDDED_METADATA'(2) was successfully added.
Size   : 7932 bytes
Format : RAW
File   : '/home/users/edoardo.dalessio/code/av_omega/VersalAutomationTemplate/hw/_x/link/int/overlay_hw.xml'

Section: 'SYSTEM_METADATA'(22) was successfully added.
Size   : 24701 bytes
Format : RAW
File   : '/home/users/edoardo.dalessio/code/av_omega/VersalAutomationTemplate/hw/_x/link/int/systemDiagramModelSlrBaseAddress.json'

Section: 'AIE_METADATA'(25) was successfully added.
Size   : 1487 bytes
Format : JSON
File   : '/home/users/edoardo.dalessio/code/av_omega/VersalAutomationTemplate/hw/_x/link/int/aie_control_config.json'

Section: 'PARTITION_METADATA'(20) was successfully appended to.
Format : JSON
File   : 'partition_metadata'
Successfully wrote (7553859 bytes) to the output file: /home/users/edoardo.dalessio/code/av_omega/VersalAutomationTemplate/hw/_x/link/int/overlay_hw.xclbin
Leaving xclbinutil.
INFO: [v++ 60-1441] [22:26:59] Run run_link: Step xclbinutil: Completed
Time (s): cpu = 00:00:00.17 ; elapsed = 00:00:00.33 . Memory (MB): peak = 452.449 ; gain = 0.000 ; free physical = 41400 ; free virtual = 130281
INFO: [v++ 60-1443] [22:26:59] Run run_link: Step xclbinutilinfo: Started
INFO: [v++ 60-1453] Command Line: xclbinutil --quiet --force --info /home/users/edoardo.dalessio/code/av_omega/VersalAutomationTemplate/hw/_x/link/int/overlay_hw.xclbin.info --input /home/users/edoardo.dalessio/code/av_omega/VersalAutomationTemplate/hw/_x/link/int/overlay_hw.xclbin
INFO: [v++ 60-1454] Run Directory: /home/users/edoardo.dalessio/code/av_omega/VersalAutomationTemplate/hw/_x/link/run_link
INFO: [v++ 60-1441] [22:26:59] Run run_link: Step xclbinutilinfo: Completed
Time (s): cpu = 00:00:00.3 ; elapsed = 00:00:00.44 . Memory (MB): peak = 452.449 ; gain = 0.000 ; free physical = 41363 ; free virtual = 130245
INFO: [v++ 60-1443] [22:26:59] Run run_link: Step generate_sc_driver: Started
INFO: [v++ 60-1453] Command Line: 
INFO: [v++ 60-1454] Run Directory: /home/users/edoardo.dalessio/code/av_omega/VersalAutomationTemplate/hw/_x/link/run_link
INFO: [v++ 60-1441] [22:26:59] Run run_link: Step generate_sc_driver: Completed
Time (s): cpu = 00:00:00 ; elapsed = 00:00:00 . Memory (MB): peak = 452.449 ; gain = 0.000 ; free physical = 41363 ; free virtual = 130245
INFO: [v++ 60-2331] SLR0 was specfied for compute unit setup_aie_0, and verified as such in implementation.
INFO: [v++ 60-2331] SLR0 was specfied for compute unit setup_aie_1, and verified as such in implementation.
INFO: [v++ 60-2331] SLR0 was specfied for compute unit sink_from_aie_0, and verified as such in implementation.
INFO: [v++ 60-244] Generating system estimate report...
INFO: [v++ 60-1092] Generated system estimate report: /home/users/edoardo.dalessio/code/av_omega/VersalAutomationTemplate/hw/_x/reports/link/system_estimate_overlay_hw.xtxt
INFO: [v++ 82-3844] Successfully added runtime data to ./overlay_hw.xsa
INFO: [v++ 60-586] Created /home/users/edoardo.dalessio/code/av_omega/VersalAutomationTemplate/hw/overlay_hw.ltx
INFO: [v++ 60-586] Created overlay_hw.xsa
INFO: [v++ 60-1307] Run completed. Additional information can be found in:
	Guidance: /home/users/edoardo.dalessio/code/av_omega/VersalAutomationTemplate/hw/_x/reports/link/v++_link_overlay_hw_guidance.html
	Timing Report: /home/users/edoardo.dalessio/code/av_omega/VersalAutomationTemplate/hw/_x/reports/link/imp/impl_1_xilinx_vck5000_gen4x8_qdma_2_202220_1_bb_locked_timing_summary_routed.rpt
	Vivado Log: /home/users/edoardo.dalessio/code/av_omega/VersalAutomationTemplate/hw/_x/logs/link/vivado.log
	Steps Log File: /home/users/edoardo.dalessio/code/av_omega/VersalAutomationTemplate/hw/_x/logs/link/link.steps.log

INFO: [v++ 60-2343] Use the vitis_analyzer tool to visualize and navigate the relevant reports. Run the following command. 
    vitis_analyzer /home/users/edoardo.dalessio/code/av_omega/VersalAutomationTemplate/hw/overlay_hw.xsa.link_summary 
INFO: [v++ 60-791] Total elapsed time: 5h 6m 58s
INFO: [v++ 60-1653] Closing dispatch client.
