

================================================================
== Vitis HLS Report for 'sink_from_aie_Pipeline_VITIS_LOOP_110_5'
================================================================
* Date:           Sun Jun 30 17:18:52 2024

* Version:        2022.2.2 (Build 3779808 on Feb 17 2023)
* Project:        sink_from_aie
* Solution:       solution (Vitis Kernel Flow Target)
* Product family: versal
* Target device:  xcvc1902-vsvd1760-2MP-e-S


================================================================
== Performance Estimates
================================================================
+ Timing: 
    * Summary: 
    +--------+---------+----------+------------+
    |  Clock |  Target | Estimated| Uncertainty|
    +--------+---------+----------+------------+
    |ap_clk  |  3.33 ns|  2.433 ns|     0.90 ns|
    +--------+---------+----------+------------+

+ Latency: 
    * Summary: 
    +---------+---------+----------+----------+-----+-----+---------+
    |  Latency (cycles) |  Latency (absolute) |  Interval | Pipeline|
    |   min   |   max   |    min   |    max   | min | max |   Type  |
    +---------+---------+----------+----------+-----+-----+---------+
    |      259|      259|  0.863 us|  0.863 us|  259|  259|       no|
    +---------+---------+----------+----------+-----+-----+---------+

    + Detail: 
        * Instance: 
        N/A

        * Loop: 
        +--------------------+---------+---------+----------+-----------+-----------+------+----------+
        |                    |  Latency (cycles) | Iteration|  Initiation Interval  | Trip |          |
        |      Loop Name     |   min   |   max   |  Latency |  achieved |   target  | Count| Pipelined|
        +--------------------+---------+---------+----------+-----------+-----------+------+----------+
        |- VITIS_LOOP_110_5  |      257|      257|         3|          1|          1|   256|       yes|
        +--------------------+---------+---------+----------+-----------+-----------+------+----------+

============================================================
+ Verbose Summary: Synthesis Manager
============================================================
InlineROM: 1
ExposeGlobal: 0
============================================================
+ Verbose Summary: CDFG Model
============================================================
IsTopModel: 0
ResetActiveHigh: 1
IsCombinational: 0
IsDatapathOnly: 0
HasWiredReturn: 1
HasMFsm: 2
HasVarLatency: 1
IsPipeline: 0
IsRtlPipelined: 0
IsInstanceOverlapped: 0
IsDontTouch: 0
HasImplIP: 0
IsGatedGlobalClock: 0

+ Individual pipeline summary: 
  * Pipeline-0: initiation interval (II) = 1, depth = 3


============================================================
+ Verbose Summary: Schedule
============================================================
* Number of FSM states : 3
* Pipeline : 1
  Pipeline-0 : II = 1, D = 3, States = { 1 2 3 }
* Dataflow Pipeline: 0

* FSM state transitions: 
1 --> 2 
2 --> 3 
3 --> 

* FSM state operations: 

State 1 <SV = 0> <Delay = 1.17>
ST_1 : Operation 6 [1/1] (0.00ns)   --->   "%phi_ln111 = alloca i32 1"   --->   Operation 6 'alloca' 'phi_ln111' <Predicate = true> <Delay = 0.00>
ST_1 : Operation 7 [1/1] (0.00ns)   --->   "%j = alloca i32 1"   --->   Operation 7 'alloca' 'j' <Predicate = true> <Delay = 0.00>
ST_1 : Operation 8 [1/1] (0.00ns)   --->   "%sext_ln110_read = read i58 @_ssdm_op_Read.ap_auto.i58, i58 %sext_ln110"   --->   Operation 8 'read' 'sext_ln110_read' <Predicate = true> <Delay = 0.00>
ST_1 : Operation 9 [1/1] (0.00ns)   --->   "%sext_ln110_cast = sext i58 %sext_ln110_read"   --->   Operation 9 'sext' 'sext_ln110_cast' <Predicate = true> <Delay = 0.00>
ST_1 : Operation 10 [1/1] (0.00ns)   --->   "%specinterface_ln0 = specinterface void @_ssdm_op_SpecInterface, i512 %gmem1, void @empty_3, i32 0, i32 0, void @empty_4, i32 64, i32 100, void @empty_5, void @empty_6, void @empty_4, i32 16, i32 16, i32 16, i32 16, void @empty_4, void @empty_4, i32 4294967295, i32 0"   --->   Operation 10 'specinterface' 'specinterface_ln0' <Predicate = true> <Delay = 0.00>
ST_1 : Operation 11 [1/1] (0.42ns)   --->   "%store_ln0 = store i9 0, i9 %j"   --->   Operation 11 'store' 'store_ln0' <Predicate = true> <Delay = 0.42>
ST_1 : Operation 12 [1/1] (0.53ns)   --->   "%store_ln0 = store i480 0, i480 %phi_ln111"   --->   Operation 12 'store' 'store_ln0' <Predicate = true> <Delay = 0.53>
ST_1 : Operation 13 [1/1] (0.00ns)   --->   "%br_ln0 = br void %for.inc57"   --->   Operation 13 'br' 'br_ln0' <Predicate = true> <Delay = 0.00>
ST_1 : Operation 14 [1/1] (0.00ns)   --->   "%j_2 = load i9 %j"   --->   Operation 14 'load' 'j_2' <Predicate = true> <Delay = 0.00>
ST_1 : Operation 15 [1/1] (0.75ns)   --->   "%add_ln110 = add i9 %j_2, i9 1" [/home/users/edoardo.dalessio/code/av_omega/VersalAutomationTemplate/data_movers/sink_from_aie.cpp:110]   --->   Operation 15 'add' 'add_ln110' <Predicate = true> <Delay = 0.75> <CoreInst = "Adder">   --->   Core 1 'Adder' <Latency = 0> <II = 1> <Delay = 0.75> <FuncUnit> <Opcode : 'add' 'sub'> <InPorts = 2> <OutPorts = 1>
ST_1 : Operation 16 [1/1] (0.62ns)   --->   "%icmp_ln110 = icmp_eq  i9 %j_2, i9 256" [/home/users/edoardo.dalessio/code/av_omega/VersalAutomationTemplate/data_movers/sink_from_aie.cpp:110]   --->   Operation 16 'icmp' 'icmp_ln110' <Predicate = true> <Delay = 0.62> <CoreInst = "Cmp">   --->   Core 9 'Cmp' <Latency = 0> <II = 1> <Delay = 0.62> <FuncUnit> <Opcode : 'icmp'> <InPorts = 2> <OutPorts = 1>
ST_1 : Operation 17 [1/1] (0.00ns)   --->   "%br_ln110 = br i1 %icmp_ln110, void %for.inc57.split, void %VITIS_LOOP_117_6.exitStub" [/home/users/edoardo.dalessio/code/av_omega/VersalAutomationTemplate/data_movers/sink_from_aie.cpp:110]   --->   Operation 17 'br' 'br_ln110' <Predicate = true> <Delay = 0.00>
ST_1 : Operation 18 [1/1] (0.00ns)   --->   "%j_2_cast2 = zext i9 %j_2"   --->   Operation 18 'zext' 'j_2_cast2' <Predicate = (!icmp_ln110)> <Delay = 0.00>
ST_1 : Operation 19 [1/1] (0.00ns)   --->   "%empty_28 = trunc i9 %j_2"   --->   Operation 19 'trunc' 'empty_28' <Predicate = (!icmp_ln110)> <Delay = 0.00>
ST_1 : Operation 20 [1/1] (0.00ns)   --->   "%h2_addr = getelementptr i32 %h2, i64 0, i64 %j_2_cast2" [/home/users/edoardo.dalessio/code/av_omega/VersalAutomationTemplate/data_movers/sink_from_aie.cpp:111]   --->   Operation 20 'getelementptr' 'h2_addr' <Predicate = (!icmp_ln110)> <Delay = 0.00>
ST_1 : Operation 21 [2/2] (0.51ns)   --->   "%h2_load = load i8 %h2_addr" [/home/users/edoardo.dalessio/code/av_omega/VersalAutomationTemplate/data_movers/sink_from_aie.cpp:111]   --->   Operation 21 'load' 'h2_load' <Predicate = (!icmp_ln110)> <Delay = 0.51> <CoreInst = "RAM">   --->   Core 87 'RAM' <Latency = 1> <II = 1> <Delay = 1.09> <Storage> <Opcode : 'load' 'store'> <Ports = 2> <Width = 32> <Depth = 256> <RAM>
ST_1 : Operation 22 [1/1] (0.47ns)   --->   "%icmp_ln111 = icmp_eq  i4 %empty_28, i4 15" [/home/users/edoardo.dalessio/code/av_omega/VersalAutomationTemplate/data_movers/sink_from_aie.cpp:111]   --->   Operation 22 'icmp' 'icmp_ln111' <Predicate = (!icmp_ln110)> <Delay = 0.47> <CoreInst = "Cmp">   --->   Core 9 'Cmp' <Latency = 0> <II = 1> <Delay = 0.47> <FuncUnit> <Opcode : 'icmp'> <InPorts = 2> <OutPorts = 1>
ST_1 : Operation 23 [1/1] (0.00ns)   --->   "%br_ln111 = br i1 %icmp_ln111, void %for.inc57.split._crit_edge, void" [/home/users/edoardo.dalessio/code/av_omega/VersalAutomationTemplate/data_movers/sink_from_aie.cpp:111]   --->   Operation 23 'br' 'br_ln111' <Predicate = (!icmp_ln110)> <Delay = 0.00>
ST_1 : Operation 24 [1/1] (0.42ns)   --->   "%store_ln110 = store i9 %add_ln110, i9 %j" [/home/users/edoardo.dalessio/code/av_omega/VersalAutomationTemplate/data_movers/sink_from_aie.cpp:110]   --->   Operation 24 'store' 'store_ln110' <Predicate = (!icmp_ln110)> <Delay = 0.42>

State 2 <SV = 1> <Delay = 0.88>
ST_2 : Operation 25 [1/1] (0.00ns)   --->   "%specbitsmap_ln0 = specbitsmap void @_ssdm_op_SpecBitsMap, i512 %gmem1"   --->   Operation 25 'specbitsmap' 'specbitsmap_ln0' <Predicate = true> <Delay = 0.00>
ST_2 : Operation 26 [1/1] (0.00ns)   --->   "%gmem1_addr = getelementptr i512 %gmem1, i64 %sext_ln110_cast" [/home/users/edoardo.dalessio/code/av_omega/VersalAutomationTemplate/data_movers/sink_from_aie.cpp:110]   --->   Operation 26 'getelementptr' 'gmem1_addr' <Predicate = true> <Delay = 0.00>
ST_2 : Operation 27 [1/1] (0.00ns)   --->   "%specpipeline_ln0 = specpipeline void @_ssdm_op_SpecPipeline, i32 4294967295, i32 0, i32 1, i32 0, void @p_str"   --->   Operation 27 'specpipeline' 'specpipeline_ln0' <Predicate = true> <Delay = 0.00>
ST_2 : Operation 28 [1/1] (0.00ns)   --->   "%empty = speclooptripcount i32 @_ssdm_op_SpecLoopTripCount, i64 256, i64 256, i64 256"   --->   Operation 28 'speclooptripcount' 'empty' <Predicate = true> <Delay = 0.00>
ST_2 : Operation 29 [1/2] (0.88ns)   --->   "%h2_load = load i8 %h2_addr" [/home/users/edoardo.dalessio/code/av_omega/VersalAutomationTemplate/data_movers/sink_from_aie.cpp:111]   --->   Operation 29 'load' 'h2_load' <Predicate = (!icmp_ln110)> <Delay = 0.88> <CoreInst = "RAM">   --->   Core 87 'RAM' <Latency = 1> <II = 1> <Delay = 1.09> <Storage> <Opcode : 'load' 'store'> <Ports = 2> <Width = 32> <Depth = 256> <RAM>
ST_2 : Operation 41 [1/1] (0.00ns)   --->   "%ret_ln0 = ret"   --->   Operation 41 'ret' 'ret_ln0' <Predicate = (icmp_ln110)> <Delay = 0.00>

State 3 <SV = 2> <Delay = 2.43>
ST_3 : Operation 30 [1/1] (0.00ns)   --->   "%phi_ln111_load_1 = load i480 %phi_ln111" [/home/users/edoardo.dalessio/code/av_omega/VersalAutomationTemplate/data_movers/sink_from_aie.cpp:111]   --->   Operation 30 'load' 'phi_ln111_load_1' <Predicate = true> <Delay = 0.00>
ST_3 : Operation 31 [1/1] (0.00ns)   --->   "%specloopname_ln60 = specloopname void @_ssdm_op_SpecLoopName, void @empty_7" [/home/users/edoardo.dalessio/code/av_omega/VersalAutomationTemplate/data_movers/sink_from_aie.cpp:60]   --->   Operation 31 'specloopname' 'specloopname_ln60' <Predicate = true> <Delay = 0.00>
ST_3 : Operation 32 [1/1] (0.00ns)   --->   "%or_ln1 = bitconcatenate i512 @_ssdm_op_BitConcatenate.i512.i32.i480, i32 %h2_load, i480 %phi_ln111_load_1" [/home/users/edoardo.dalessio/code/av_omega/VersalAutomationTemplate/data_movers/sink_from_aie.cpp:111]   --->   Operation 32 'bitconcatenate' 'or_ln1' <Predicate = true> <Delay = 0.00>
ST_3 : Operation 33 [1/1] (2.43ns)   --->   "%write_ln111 = write void @_ssdm_op_Write.m_axi.p1i512, i512 %gmem1_addr, i512 %or_ln1, i64 18446744073709551615" [/home/users/edoardo.dalessio/code/av_omega/VersalAutomationTemplate/data_movers/sink_from_aie.cpp:111]   --->   Operation 33 'write' 'write_ln111' <Predicate = (icmp_ln111)> <Delay = 2.43> <CoreInst = "m_axi">   --->   Core 125 'm_axi' <Latency = 0> <II = 1> <Delay = 1.00> <Adapter> <Opcode : 'read' 'write' 'readreq' 'writereq' 'writeresp'>
ST_3 : Operation 34 [1/1] (0.00ns)   --->   "%br_ln111 = br void %for.inc57.split._crit_edge" [/home/users/edoardo.dalessio/code/av_omega/VersalAutomationTemplate/data_movers/sink_from_aie.cpp:111]   --->   Operation 34 'br' 'br_ln111' <Predicate = (icmp_ln111)> <Delay = 0.00>
ST_3 : Operation 35 [1/1] (0.00ns)   --->   "%phi_ln111_load = load i480 %phi_ln111" [/home/users/edoardo.dalessio/code/av_omega/VersalAutomationTemplate/data_movers/sink_from_aie.cpp:110]   --->   Operation 35 'load' 'phi_ln111_load' <Predicate = (!icmp_ln111)> <Delay = 0.00>
ST_3 : Operation 36 [1/1] (0.00ns)   --->   "%tmp_4 = partselect i448 @_ssdm_op_PartSelect.i448.i480.i32.i32, i480 %phi_ln111_load, i32 32, i32 479" [/home/users/edoardo.dalessio/code/av_omega/VersalAutomationTemplate/data_movers/sink_from_aie.cpp:110]   --->   Operation 36 'partselect' 'tmp_4' <Predicate = (!icmp_ln111)> <Delay = 0.00>
ST_3 : Operation 37 [1/1] (0.00ns)   --->   "%tmp_5 = bitconcatenate i480 @_ssdm_op_BitConcatenate.i480.i32.i448, i32 %h2_load, i448 %tmp_4" [/home/users/edoardo.dalessio/code/av_omega/VersalAutomationTemplate/data_movers/sink_from_aie.cpp:110]   --->   Operation 37 'bitconcatenate' 'tmp_5' <Predicate = (!icmp_ln111)> <Delay = 0.00>
ST_3 : Operation 38 [1/1] (0.70ns)   --->   "%select_ln111 = select i1 %icmp_ln111, i480 0, i480 %tmp_5" [/home/users/edoardo.dalessio/code/av_omega/VersalAutomationTemplate/data_movers/sink_from_aie.cpp:111]   --->   Operation 38 'select' 'select_ln111' <Predicate = true> <Delay = 0.70> <CoreInst = "Sel">   --->   Core 77 'Sel' <Latency = 0> <II = 1> <Delay = 0.70> <FuncUnit> <Opcode : 'select'> <InPorts = 3> <OutPorts = 1>
ST_3 : Operation 39 [1/1] (0.53ns)   --->   "%store_ln110 = store i480 %select_ln111, i480 %phi_ln111" [/home/users/edoardo.dalessio/code/av_omega/VersalAutomationTemplate/data_movers/sink_from_aie.cpp:110]   --->   Operation 39 'store' 'store_ln110' <Predicate = true> <Delay = 0.53>
ST_3 : Operation 40 [1/1] (0.00ns)   --->   "%br_ln110 = br void %for.inc57" [/home/users/edoardo.dalessio/code/av_omega/VersalAutomationTemplate/data_movers/sink_from_aie.cpp:110]   --->   Operation 40 'br' 'br_ln110' <Predicate = true> <Delay = 0.00>


============================================================
+ Verbose Summary: Timing violations
============================================================
Target clock period: 3.33ns, clock uncertainty: 0.9ns.

 <State 1>: 1.18ns
The critical path consists of the following:
	'alloca' operation ('j') [5]  (0 ns)
	'load' operation ('j') on local variable 'j' [13]  (0 ns)
	'add' operation ('add_ln110', /home/users/edoardo.dalessio/code/av_omega/VersalAutomationTemplate/data_movers/sink_from_aie.cpp:110) [14]  (0.756 ns)
	'store' operation ('store_ln110', /home/users/edoardo.dalessio/code/av_omega/VersalAutomationTemplate/data_movers/sink_from_aie.cpp:110) of variable 'add_ln110', /home/users/edoardo.dalessio/code/av_omega/VersalAutomationTemplate/data_movers/sink_from_aie.cpp:110 on local variable 'j' [39]  (0.42 ns)

 <State 2>: 0.883ns
The critical path consists of the following:
	'load' operation ('h2_load', /home/users/edoardo.dalessio/code/av_omega/VersalAutomationTemplate/data_movers/sink_from_aie.cpp:111) on array 'h2' [27]  (0.883 ns)

 <State 3>: 2.43ns
The critical path consists of the following:
	'load' operation ('phi_ln111_load_1', /home/users/edoardo.dalessio/code/av_omega/VersalAutomationTemplate/data_movers/sink_from_aie.cpp:111) on local variable 'phi_ln111' [22]  (0 ns)
	bus write operation ('write_ln111', /home/users/edoardo.dalessio/code/av_omega/VersalAutomationTemplate/data_movers/sink_from_aie.cpp:111) on port 'gmem1' (/home/users/edoardo.dalessio/code/av_omega/VersalAutomationTemplate/data_movers/sink_from_aie.cpp:111) [32]  (2.43 ns)


============================================================
+ Verbose Summary: Binding
============================================================
N/A
* FSMD analyzer results:
  - Output states:
 - Input state : 
  - Chain level:
	State 1
	State 2
	State 3


============================================================
+ Verbose Summary: Datapath Resource usage 
============================================================
N/A
