

================================================================
== Vitis HLS Report for 'sink_from_aie_Pipeline_VITIS_LOOP_117_6_VITIS_LOOP_118_7'
================================================================
* Date:           Sun Jun 30 17:18:53 2024

* Version:        2022.2.2 (Build 3779808 on Feb 17 2023)
* Project:        sink_from_aie
* Solution:       solution (Vitis Kernel Flow Target)
* Product family: versal
* Target device:  xcvc1902-vsvd1760-2MP-e-S


================================================================
== Performance Estimates
================================================================
+ Timing: 
    * Summary: 
    +--------+---------+----------+------------+
    |  Clock |  Target | Estimated| Uncertainty|
    +--------+---------+----------+------------+
    |ap_clk  |  3.33 ns|  2.433 ns|     0.90 ns|
    +--------+---------+----------+------------+

+ Latency: 
    * Summary: 
    +---------+---------+----------+----------+-------+-------+---------+
    |  Latency (cycles) |  Latency (absolute) |    Interval   | Pipeline|
    |   min   |   max   |    min   |    max   |  min  |  max  |   Type  |
    +---------+---------+----------+----------+-------+-------+---------+
    |    65540|    65540|  0.218 ms|  0.218 ms|  65540|  65540|       no|
    +---------+---------+----------+----------+-------+-------+---------+

    + Detail: 
        * Instance: 
        N/A

        * Loop: 
        +-------------------------------------+---------+---------+----------+-----------+-----------+-------+----------+
        |                                     |  Latency (cycles) | Iteration|  Initiation Interval  |  Trip |          |
        |              Loop Name              |   min   |   max   |  Latency |  achieved |   target  | Count | Pipelined|
        +-------------------------------------+---------+---------+----------+-----------+-----------+-------+----------+
        |- VITIS_LOOP_117_6_VITIS_LOOP_118_7  |    65538|    65538|         4|          1|          1|  65536|       yes|
        +-------------------------------------+---------+---------+----------+-----------+-----------+-------+----------+

============================================================
+ Verbose Summary: Synthesis Manager
============================================================
InlineROM: 1
ExposeGlobal: 0
============================================================
+ Verbose Summary: CDFG Model
============================================================
IsTopModel: 0
ResetActiveHigh: 1
IsCombinational: 0
IsDatapathOnly: 0
HasWiredReturn: 1
HasMFsm: 2
HasVarLatency: 1
IsPipeline: 0
IsRtlPipelined: 0
IsInstanceOverlapped: 0
IsDontTouch: 0
HasImplIP: 0
IsGatedGlobalClock: 0

+ Individual pipeline summary: 
  * Pipeline-0: initiation interval (II) = 1, depth = 5


============================================================
+ Verbose Summary: Schedule
============================================================
* Number of FSM states : 5
* Pipeline : 1
  Pipeline-0 : II = 1, D = 5, States = { 1 2 3 4 5 }
* Dataflow Pipeline: 0

* FSM state transitions: 
1 --> 2 
2 --> 3 
3 --> 4 
4 --> 5 
5 --> 

* FSM state operations: 

State 1 <SV = 0> <Delay = 0.53>
ST_1 : Operation 7 [1/1] (0.00ns)   --->   "%phi_ln119 = alloca i32 1"   --->   Operation 7 'alloca' 'phi_ln119' <Predicate = true> <Delay = 0.00>
ST_1 : Operation 8 [1/1] (0.00ns)   --->   "%j = alloca i32 1"   --->   Operation 8 'alloca' 'j' <Predicate = true> <Delay = 0.00>
ST_1 : Operation 9 [1/1] (0.00ns)   --->   "%i = alloca i32 1"   --->   Operation 9 'alloca' 'i' <Predicate = true> <Delay = 0.00>
ST_1 : Operation 10 [1/1] (0.00ns)   --->   "%indvar_flatten = alloca i32 1"   --->   Operation 10 'alloca' 'indvar_flatten' <Predicate = true> <Delay = 0.00>
ST_1 : Operation 11 [1/1] (0.00ns)   --->   "%sext_ln117_read = read i58 @_ssdm_op_Read.ap_auto.i58, i58 %sext_ln117"   --->   Operation 11 'read' 'sext_ln117_read' <Predicate = true> <Delay = 0.00>
ST_1 : Operation 12 [1/1] (0.00ns)   --->   "%sext_ln117_cast = sext i58 %sext_ln117_read"   --->   Operation 12 'sext' 'sext_ln117_cast' <Predicate = true> <Delay = 0.00>
ST_1 : Operation 13 [1/1] (0.00ns)   --->   "%specinterface_ln0 = specinterface void @_ssdm_op_SpecInterface, i512 %gmem1, void @empty_3, i32 0, i32 0, void @empty_4, i32 64, i32 100, void @empty_5, void @empty_6, void @empty_4, i32 16, i32 16, i32 16, i32 16, void @empty_4, void @empty_4, i32 4294967295, i32 0"   --->   Operation 13 'specinterface' 'specinterface_ln0' <Predicate = true> <Delay = 0.00>
ST_1 : Operation 14 [1/1] (0.44ns)   --->   "%store_ln0 = store i17 0, i17 %indvar_flatten"   --->   Operation 14 'store' 'store_ln0' <Predicate = true> <Delay = 0.44>
ST_1 : Operation 15 [1/1] (0.42ns)   --->   "%store_ln0 = store i9 0, i9 %i"   --->   Operation 15 'store' 'store_ln0' <Predicate = true> <Delay = 0.42>
ST_1 : Operation 16 [1/1] (0.42ns)   --->   "%store_ln0 = store i9 0, i9 %j"   --->   Operation 16 'store' 'store_ln0' <Predicate = true> <Delay = 0.42>
ST_1 : Operation 17 [1/1] (0.53ns)   --->   "%store_ln0 = store i480 0, i480 %phi_ln119"   --->   Operation 17 'store' 'store_ln0' <Predicate = true> <Delay = 0.53>
ST_1 : Operation 18 [1/1] (0.00ns)   --->   "%br_ln0 = br void %for.inc74"   --->   Operation 18 'br' 'br_ln0' <Predicate = true> <Delay = 0.00>

State 2 <SV = 1> <Delay = 2.26>
ST_2 : Operation 19 [1/1] (0.00ns)   --->   "%indvar_flatten_load = load i17 %indvar_flatten" [/home/users/edoardo.dalessio/code/av_omega/VersalAutomationTemplate/data_movers/sink_from_aie.cpp:117]   --->   Operation 19 'load' 'indvar_flatten_load' <Predicate = true> <Delay = 0.00>
ST_2 : Operation 20 [1/1] (0.82ns)   --->   "%add_ln117 = add i17 %indvar_flatten_load, i17 1" [/home/users/edoardo.dalessio/code/av_omega/VersalAutomationTemplate/data_movers/sink_from_aie.cpp:117]   --->   Operation 20 'add' 'add_ln117' <Predicate = true> <Delay = 0.82> <CoreInst = "Adder">   --->   Core 1 'Adder' <Latency = 0> <II = 1> <Delay = 0.82> <FuncUnit> <Opcode : 'add' 'sub'> <InPorts = 2> <OutPorts = 1>
ST_2 : Operation 21 [1/1] (0.65ns)   --->   "%icmp_ln117 = icmp_eq  i17 %indvar_flatten_load, i17 65536" [/home/users/edoardo.dalessio/code/av_omega/VersalAutomationTemplate/data_movers/sink_from_aie.cpp:117]   --->   Operation 21 'icmp' 'icmp_ln117' <Predicate = true> <Delay = 0.65> <CoreInst = "Cmp">   --->   Core 9 'Cmp' <Latency = 0> <II = 1> <Delay = 0.65> <FuncUnit> <Opcode : 'icmp'> <InPorts = 2> <OutPorts = 1>
ST_2 : Operation 22 [1/1] (0.00ns)   --->   "%br_ln117 = br i1 %icmp_ln117, void %for.inc77, void %for.end79.exitStub" [/home/users/edoardo.dalessio/code/av_omega/VersalAutomationTemplate/data_movers/sink_from_aie.cpp:117]   --->   Operation 22 'br' 'br_ln117' <Predicate = true> <Delay = 0.00>
ST_2 : Operation 23 [1/1] (0.00ns)   --->   "%j_load = load i9 %j" [/home/users/edoardo.dalessio/code/av_omega/VersalAutomationTemplate/data_movers/sink_from_aie.cpp:118]   --->   Operation 23 'load' 'j_load' <Predicate = (!icmp_ln117)> <Delay = 0.00>
ST_2 : Operation 24 [1/1] (0.00ns)   --->   "%i_load = load i9 %i" [/home/users/edoardo.dalessio/code/av_omega/VersalAutomationTemplate/data_movers/sink_from_aie.cpp:117]   --->   Operation 24 'load' 'i_load' <Predicate = (!icmp_ln117)> <Delay = 0.00>
ST_2 : Operation 25 [1/1] (0.75ns)   --->   "%add_ln117_1 = add i9 %i_load, i9 1" [/home/users/edoardo.dalessio/code/av_omega/VersalAutomationTemplate/data_movers/sink_from_aie.cpp:117]   --->   Operation 25 'add' 'add_ln117_1' <Predicate = (!icmp_ln117)> <Delay = 0.75> <CoreInst = "Adder">   --->   Core 1 'Adder' <Latency = 0> <II = 1> <Delay = 0.75> <FuncUnit> <Opcode : 'add' 'sub'> <InPorts = 2> <OutPorts = 1>
ST_2 : Operation 26 [1/1] (0.62ns)   --->   "%icmp_ln118 = icmp_eq  i9 %j_load, i9 256" [/home/users/edoardo.dalessio/code/av_omega/VersalAutomationTemplate/data_movers/sink_from_aie.cpp:118]   --->   Operation 26 'icmp' 'icmp_ln118' <Predicate = (!icmp_ln117)> <Delay = 0.62> <CoreInst = "Cmp">   --->   Core 9 'Cmp' <Latency = 0> <II = 1> <Delay = 0.62> <FuncUnit> <Opcode : 'icmp'> <InPorts = 2> <OutPorts = 1>
ST_2 : Operation 27 [1/1] (0.46ns)   --->   "%select_ln117 = select i1 %icmp_ln118, i9 0, i9 %j_load" [/home/users/edoardo.dalessio/code/av_omega/VersalAutomationTemplate/data_movers/sink_from_aie.cpp:117]   --->   Operation 27 'select' 'select_ln117' <Predicate = (!icmp_ln117)> <Delay = 0.46> <CoreInst = "Sel">   --->   Core 77 'Sel' <Latency = 0> <II = 1> <Delay = 0.46> <FuncUnit> <Opcode : 'select'> <InPorts = 3> <OutPorts = 1>
ST_2 : Operation 28 [1/1] (0.46ns)   --->   "%select_ln117_2 = select i1 %icmp_ln118, i9 %add_ln117_1, i9 %i_load" [/home/users/edoardo.dalessio/code/av_omega/VersalAutomationTemplate/data_movers/sink_from_aie.cpp:117]   --->   Operation 28 'select' 'select_ln117_2' <Predicate = (!icmp_ln117)> <Delay = 0.46> <CoreInst = "Sel">   --->   Core 77 'Sel' <Latency = 0> <II = 1> <Delay = 0.46> <FuncUnit> <Opcode : 'select'> <InPorts = 3> <OutPorts = 1>
ST_2 : Operation 29 [1/1] (0.00ns)   --->   "%trunc_ln119 = trunc i9 %select_ln117_2" [/home/users/edoardo.dalessio/code/av_omega/VersalAutomationTemplate/data_movers/sink_from_aie.cpp:119]   --->   Operation 29 'trunc' 'trunc_ln119' <Predicate = (!icmp_ln117)> <Delay = 0.00>
ST_2 : Operation 30 [1/1] (0.00ns)   --->   "%empty_27 = trunc i9 %select_ln117" [/home/users/edoardo.dalessio/code/av_omega/VersalAutomationTemplate/data_movers/sink_from_aie.cpp:117]   --->   Operation 30 'trunc' 'empty_27' <Predicate = (!icmp_ln117)> <Delay = 0.00>
ST_2 : Operation 31 [1/1] (0.47ns)   --->   "%icmp_ln119 = icmp_eq  i4 %empty_27, i4 15" [/home/users/edoardo.dalessio/code/av_omega/VersalAutomationTemplate/data_movers/sink_from_aie.cpp:119]   --->   Operation 31 'icmp' 'icmp_ln119' <Predicate = (!icmp_ln117)> <Delay = 0.47> <CoreInst = "Cmp">   --->   Core 9 'Cmp' <Latency = 0> <II = 1> <Delay = 0.47> <FuncUnit> <Opcode : 'icmp'> <InPorts = 2> <OutPorts = 1>
ST_2 : Operation 32 [1/1] (0.00ns)   --->   "%br_ln119 = br i1 %icmp_ln119, void %for.inc74.split._crit_edge, void" [/home/users/edoardo.dalessio/code/av_omega/VersalAutomationTemplate/data_movers/sink_from_aie.cpp:119]   --->   Operation 32 'br' 'br_ln119' <Predicate = (!icmp_ln117)> <Delay = 0.00>
ST_2 : Operation 33 [1/1] (0.75ns)   --->   "%add_ln118 = add i9 %select_ln117, i9 1" [/home/users/edoardo.dalessio/code/av_omega/VersalAutomationTemplate/data_movers/sink_from_aie.cpp:118]   --->   Operation 33 'add' 'add_ln118' <Predicate = (!icmp_ln117)> <Delay = 0.75> <CoreInst = "Adder">   --->   Core 1 'Adder' <Latency = 0> <II = 1> <Delay = 0.75> <FuncUnit> <Opcode : 'add' 'sub'> <InPorts = 2> <OutPorts = 1>
ST_2 : Operation 34 [1/1] (0.44ns)   --->   "%store_ln118 = store i17 %add_ln117, i17 %indvar_flatten" [/home/users/edoardo.dalessio/code/av_omega/VersalAutomationTemplate/data_movers/sink_from_aie.cpp:118]   --->   Operation 34 'store' 'store_ln118' <Predicate = (!icmp_ln117)> <Delay = 0.44>
ST_2 : Operation 35 [1/1] (0.42ns)   --->   "%store_ln118 = store i9 %select_ln117_2, i9 %i" [/home/users/edoardo.dalessio/code/av_omega/VersalAutomationTemplate/data_movers/sink_from_aie.cpp:118]   --->   Operation 35 'store' 'store_ln118' <Predicate = (!icmp_ln117)> <Delay = 0.42>
ST_2 : Operation 36 [1/1] (0.42ns)   --->   "%store_ln118 = store i9 %add_ln118, i9 %j" [/home/users/edoardo.dalessio/code/av_omega/VersalAutomationTemplate/data_movers/sink_from_aie.cpp:118]   --->   Operation 36 'store' 'store_ln118' <Predicate = (!icmp_ln117)> <Delay = 0.42>

State 3 <SV = 2> <Delay = 1.46>
ST_3 : Operation 37 [1/1] (0.00ns)   --->   "%tmp_6 = bitconcatenate i16 @_ssdm_op_BitConcatenate.i16.i8.i8, i8 %trunc_ln119, i8 0" [/home/users/edoardo.dalessio/code/av_omega/VersalAutomationTemplate/data_movers/sink_from_aie.cpp:119]   --->   Operation 37 'bitconcatenate' 'tmp_6' <Predicate = (!icmp_ln117)> <Delay = 0.00>
ST_3 : Operation 38 [1/1] (0.00ns)   --->   "%zext_ln119 = zext i9 %select_ln117" [/home/users/edoardo.dalessio/code/av_omega/VersalAutomationTemplate/data_movers/sink_from_aie.cpp:119]   --->   Operation 38 'zext' 'zext_ln119' <Predicate = (!icmp_ln117)> <Delay = 0.00>
ST_3 : Operation 39 [1/1] (0.82ns)   --->   "%add_ln119 = add i16 %tmp_6, i16 %zext_ln119" [/home/users/edoardo.dalessio/code/av_omega/VersalAutomationTemplate/data_movers/sink_from_aie.cpp:119]   --->   Operation 39 'add' 'add_ln119' <Predicate = (!icmp_ln117)> <Delay = 0.82> <CoreInst = "Adder">   --->   Core 1 'Adder' <Latency = 0> <II = 1> <Delay = 0.82> <FuncUnit> <Opcode : 'add' 'sub'> <InPorts = 2> <OutPorts = 1>
ST_3 : Operation 40 [1/1] (0.00ns)   --->   "%zext_ln119_1 = zext i16 %add_ln119" [/home/users/edoardo.dalessio/code/av_omega/VersalAutomationTemplate/data_movers/sink_from_aie.cpp:119]   --->   Operation 40 'zext' 'zext_ln119_1' <Predicate = (!icmp_ln117)> <Delay = 0.00>
ST_3 : Operation 41 [1/1] (0.00ns)   --->   "%joint_addr = getelementptr i32 %joint, i64 0, i64 %zext_ln119_1" [/home/users/edoardo.dalessio/code/av_omega/VersalAutomationTemplate/data_movers/sink_from_aie.cpp:119]   --->   Operation 41 'getelementptr' 'joint_addr' <Predicate = (!icmp_ln117)> <Delay = 0.00>
ST_3 : Operation 42 [2/2] (0.64ns)   --->   "%joint_load = load i16 %joint_addr" [/home/users/edoardo.dalessio/code/av_omega/VersalAutomationTemplate/data_movers/sink_from_aie.cpp:119]   --->   Operation 42 'load' 'joint_load' <Predicate = (!icmp_ln117)> <Delay = 0.64> <CoreInst = "RAM">   --->   Core 87 'RAM' <Latency = 1> <II = 1> <Delay = 1.24> <Storage> <Opcode : 'load' 'store'> <Ports = 2> <Width = 32> <Depth = 65536> <RAM>

State 4 <SV = 3> <Delay = 2.29>
ST_4 : Operation 43 [1/1] (0.00ns)   --->   "%specbitsmap_ln0 = specbitsmap void @_ssdm_op_SpecBitsMap, i512 %gmem1"   --->   Operation 43 'specbitsmap' 'specbitsmap_ln0' <Predicate = true> <Delay = 0.00>
ST_4 : Operation 44 [1/1] (0.00ns)   --->   "%gmem1_addr = getelementptr i512 %gmem1, i64 %sext_ln117_cast" [/home/users/edoardo.dalessio/code/av_omega/VersalAutomationTemplate/data_movers/sink_from_aie.cpp:117]   --->   Operation 44 'getelementptr' 'gmem1_addr' <Predicate = true> <Delay = 0.00>
ST_4 : Operation 45 [1/1] (0.00ns)   --->   "%specpipeline_ln0 = specpipeline void @_ssdm_op_SpecPipeline, i32 4294967295, i32 0, i32 1, i32 0, void @p_str"   --->   Operation 45 'specpipeline' 'specpipeline_ln0' <Predicate = true> <Delay = 0.00>
ST_4 : Operation 46 [1/1] (0.00ns)   --->   "%phi_ln119_load = load i480 %phi_ln119" [/home/users/edoardo.dalessio/code/av_omega/VersalAutomationTemplate/data_movers/sink_from_aie.cpp:117]   --->   Operation 46 'load' 'phi_ln119_load' <Predicate = (!icmp_ln117 & !icmp_ln118)> <Delay = 0.00>
ST_4 : Operation 47 [1/1] (0.00ns)   --->   "%specloopname_ln0 = specloopname void @_ssdm_op_SpecLoopName, void @VITIS_LOOP_117_6_VITIS_LOOP_118_7_str"   --->   Operation 47 'specloopname' 'specloopname_ln0' <Predicate = (!icmp_ln117)> <Delay = 0.00>
ST_4 : Operation 48 [1/1] (0.00ns)   --->   "%empty = speclooptripcount i32 @_ssdm_op_SpecLoopTripCount, i64 65536, i64 65536, i64 65536"   --->   Operation 48 'speclooptripcount' 'empty' <Predicate = (!icmp_ln117)> <Delay = 0.00>
ST_4 : Operation 49 [1/1] (0.70ns)   --->   "%select_ln117_1 = select i1 %icmp_ln118, i480 0, i480 %phi_ln119_load" [/home/users/edoardo.dalessio/code/av_omega/VersalAutomationTemplate/data_movers/sink_from_aie.cpp:117]   --->   Operation 49 'select' 'select_ln117_1' <Predicate = (!icmp_ln117)> <Delay = 0.70> <CoreInst = "Sel">   --->   Core 77 'Sel' <Latency = 0> <II = 1> <Delay = 0.70> <FuncUnit> <Opcode : 'select'> <InPorts = 3> <OutPorts = 1>
ST_4 : Operation 50 [1/1] (0.00ns)   --->   "%specpipeline_ln0 = specpipeline void @_ssdm_op_SpecPipeline, i32 4294967295, i32 0, i32 1, i32 0, void @p_str"   --->   Operation 50 'specpipeline' 'specpipeline_ln0' <Predicate = (!icmp_ln117)> <Delay = 0.00>
ST_4 : Operation 51 [1/1] (0.00ns)   --->   "%specloopname_ln60 = specloopname void @_ssdm_op_SpecLoopName, void @empty_12" [/home/users/edoardo.dalessio/code/av_omega/VersalAutomationTemplate/data_movers/sink_from_aie.cpp:60]   --->   Operation 51 'specloopname' 'specloopname_ln60' <Predicate = (!icmp_ln117)> <Delay = 0.00>
ST_4 : Operation 52 [1/2] (1.05ns)   --->   "%joint_load = load i16 %joint_addr" [/home/users/edoardo.dalessio/code/av_omega/VersalAutomationTemplate/data_movers/sink_from_aie.cpp:119]   --->   Operation 52 'load' 'joint_load' <Predicate = (!icmp_ln117)> <Delay = 1.05> <CoreInst = "RAM">   --->   Core 87 'RAM' <Latency = 1> <II = 1> <Delay = 1.24> <Storage> <Opcode : 'load' 'store'> <Ports = 2> <Width = 32> <Depth = 65536> <RAM>
ST_4 : Operation 53 [1/1] (0.00ns)   --->   "%or_ln2 = bitconcatenate i512 @_ssdm_op_BitConcatenate.i512.i32.i480, i32 %joint_load, i480 %select_ln117_1" [/home/users/edoardo.dalessio/code/av_omega/VersalAutomationTemplate/data_movers/sink_from_aie.cpp:119]   --->   Operation 53 'bitconcatenate' 'or_ln2' <Predicate = (!icmp_ln117)> <Delay = 0.00>
ST_4 : Operation 54 [1/1] (0.00ns)   --->   "%tmp_7 = partselect i448 @_ssdm_op_PartSelect.i448.i480.i32.i32, i480 %select_ln117_1, i32 32, i32 479" [/home/users/edoardo.dalessio/code/av_omega/VersalAutomationTemplate/data_movers/sink_from_aie.cpp:118]   --->   Operation 54 'partselect' 'tmp_7' <Predicate = (!icmp_ln117 & !icmp_ln119)> <Delay = 0.00>
ST_4 : Operation 55 [1/1] (0.00ns)   --->   "%tmp_8 = bitconcatenate i480 @_ssdm_op_BitConcatenate.i480.i32.i448, i32 %joint_load, i448 %tmp_7" [/home/users/edoardo.dalessio/code/av_omega/VersalAutomationTemplate/data_movers/sink_from_aie.cpp:118]   --->   Operation 55 'bitconcatenate' 'tmp_8' <Predicate = (!icmp_ln117 & !icmp_ln119)> <Delay = 0.00>
ST_4 : Operation 56 [1/1] (0.70ns)   --->   "%select_ln119 = select i1 %icmp_ln119, i480 0, i480 %tmp_8" [/home/users/edoardo.dalessio/code/av_omega/VersalAutomationTemplate/data_movers/sink_from_aie.cpp:119]   --->   Operation 56 'select' 'select_ln119' <Predicate = (!icmp_ln117)> <Delay = 0.70> <CoreInst = "Sel">   --->   Core 77 'Sel' <Latency = 0> <II = 1> <Delay = 0.70> <FuncUnit> <Opcode : 'select'> <InPorts = 3> <OutPorts = 1>
ST_4 : Operation 57 [1/1] (0.53ns)   --->   "%store_ln118 = store i480 %select_ln119, i480 %phi_ln119" [/home/users/edoardo.dalessio/code/av_omega/VersalAutomationTemplate/data_movers/sink_from_aie.cpp:118]   --->   Operation 57 'store' 'store_ln118' <Predicate = (!icmp_ln117)> <Delay = 0.53>
ST_4 : Operation 58 [1/1] (0.00ns)   --->   "%br_ln118 = br void %for.inc74" [/home/users/edoardo.dalessio/code/av_omega/VersalAutomationTemplate/data_movers/sink_from_aie.cpp:118]   --->   Operation 58 'br' 'br_ln118' <Predicate = (!icmp_ln117)> <Delay = 0.00>
ST_4 : Operation 61 [1/1] (0.00ns)   --->   "%ret_ln0 = ret"   --->   Operation 61 'ret' 'ret_ln0' <Predicate = (icmp_ln117)> <Delay = 0.00>

State 5 <SV = 4> <Delay = 2.43>
ST_5 : Operation 59 [1/1] (2.43ns)   --->   "%write_ln119 = write void @_ssdm_op_Write.m_axi.p1i512, i512 %gmem1_addr, i512 %or_ln2, i64 18446744073709551615" [/home/users/edoardo.dalessio/code/av_omega/VersalAutomationTemplate/data_movers/sink_from_aie.cpp:119]   --->   Operation 59 'write' 'write_ln119' <Predicate = (icmp_ln119)> <Delay = 2.43> <CoreInst = "m_axi">   --->   Core 125 'm_axi' <Latency = 0> <II = 1> <Delay = 1.00> <Adapter> <Opcode : 'read' 'write' 'readreq' 'writereq' 'writeresp'>
ST_5 : Operation 60 [1/1] (0.00ns)   --->   "%br_ln119 = br void %for.inc74.split._crit_edge" [/home/users/edoardo.dalessio/code/av_omega/VersalAutomationTemplate/data_movers/sink_from_aie.cpp:119]   --->   Operation 60 'br' 'br_ln119' <Predicate = (icmp_ln119)> <Delay = 0.00>


============================================================
+ Verbose Summary: Binding
============================================================
STG Binding: 
---------------- STG Properties BEGIN ----------------
- Is combinational: 0
- Is one-state seq: 0
- Is datapath-only: 0
- Is pipelined: 0
- Is top level: 0
Port [ Return ] is wired: 1; IO mode=ap_ctrl_hs:ce=0
Port [ gmem1]:  wired=1; compound=1; hidden=0; nouse=0; global=0; static=0; extern=0; dir=1; type=4; pingpong=0; private_global=0; IO mode=m_axi:ce=0
Port [ sext_ln117]:  wired=1; compound=0; hidden=0; nouse=0; global=0; static=0; extern=0; dir=0; type=0; pingpong=0; private_global=0; IO mode=ap_none:ce=0
Port [ joint]:  wired=1; compound=1; hidden=0; nouse=0; global=0; static=0; extern=0; dir=0; type=1; pingpong=0; private_global=0; MemPort=[13]; IO mode=ap_memory:ce=0
---------------- STG Properties END ------------------

---------------- Datapath Model BEGIN ----------------

<LifeTime>
<method=bitvector/>
phi_ln119           (alloca           ) [ 011110]
j                   (alloca           ) [ 011000]
i                   (alloca           ) [ 011000]
indvar_flatten      (alloca           ) [ 011000]
sext_ln117_read     (read             ) [ 000000]
sext_ln117_cast     (sext             ) [ 011110]
specinterface_ln0   (specinterface    ) [ 000000]
store_ln0           (store            ) [ 000000]
store_ln0           (store            ) [ 000000]
store_ln0           (store            ) [ 000000]
store_ln0           (store            ) [ 000000]
br_ln0              (br               ) [ 000000]
indvar_flatten_load (load             ) [ 000000]
add_ln117           (add              ) [ 000000]
icmp_ln117          (icmp             ) [ 011110]
br_ln117            (br               ) [ 000000]
j_load              (load             ) [ 000000]
i_load              (load             ) [ 000000]
add_ln117_1         (add              ) [ 000000]
icmp_ln118          (icmp             ) [ 010110]
select_ln117        (select           ) [ 010100]
select_ln117_2      (select           ) [ 000000]
trunc_ln119         (trunc            ) [ 010100]
empty_27            (trunc            ) [ 000000]
icmp_ln119          (icmp             ) [ 010111]
br_ln119            (br               ) [ 000000]
add_ln118           (add              ) [ 000000]
store_ln118         (store            ) [ 000000]
store_ln118         (store            ) [ 000000]
store_ln118         (store            ) [ 000000]
tmp_6               (bitconcatenate   ) [ 000000]
zext_ln119          (zext             ) [ 000000]
add_ln119           (add              ) [ 000000]
zext_ln119_1        (zext             ) [ 000000]
joint_addr          (getelementptr    ) [ 010010]
specbitsmap_ln0     (specbitsmap      ) [ 000000]
gmem1_addr          (getelementptr    ) [ 010001]
specpipeline_ln0    (specpipeline     ) [ 000000]
phi_ln119_load      (load             ) [ 000000]
specloopname_ln0    (specloopname     ) [ 000000]
empty               (speclooptripcount) [ 000000]
select_ln117_1      (select           ) [ 000000]
specpipeline_ln0    (specpipeline     ) [ 000000]
specloopname_ln60   (specloopname     ) [ 000000]
joint_load          (load             ) [ 000000]
or_ln2              (bitconcatenate   ) [ 010001]
tmp_7               (partselect       ) [ 000000]
tmp_8               (bitconcatenate   ) [ 000000]
select_ln119        (select           ) [ 000000]
store_ln118         (store            ) [ 000000]
br_ln118            (br               ) [ 000000]
write_ln119         (write            ) [ 000000]
br_ln119            (br               ) [ 000000]
ret_ln0             (ret              ) [ 000000]
</LifeTime>

<model>

<comp_list>
<comp id="0" class="1000" name="gmem1">
<pin_list>
<pin id="1" dir="1" index="0" bw="1" slack="0"/>
</pin_list>
<bind>
<StgValue><ssdm name="gmem1"/></StgValue>
</bind>
</comp>

<comp id="2" class="1000" name="sext_ln117">
<pin_list>
<pin id="3" dir="1" index="0" bw="1" slack="0"/>
</pin_list>
<bind>
<StgValue><ssdm name="sext_ln117"/></StgValue>
</bind>
</comp>

<comp id="4" class="1000" name="joint">
<pin_list>
<pin id="5" dir="1" index="0" bw="1" slack="0"/>
</pin_list>
<bind>
<StgValue><ssdm name="joint"/><MemPortTyVec>1 3 </MemPortTyVec>
</StgValue>
</bind>
</comp>

<comp id="6" class="1001" name="const_6">
<pin_list>
<pin id="7" dir="1" index="0" bw="1" slack="0"/>
</pin_list>
<bind>
<StgValue><ssdm name=""/></StgValue>
</bind>
</comp>

<comp id="8" class="1001" name="const_8">
<pin_list>
<pin id="9" dir="1" index="0" bw="1" slack="0"/>
</pin_list>
<bind>
<StgValue><ssdm name="_ssdm_op_Read.ap_auto.i58"/></StgValue>
</bind>
</comp>

<comp id="10" class="1001" name="const_10">
<pin_list>
<pin id="11" dir="1" index="0" bw="1" slack="2147483647"/>
</pin_list>
<bind>
<StgValue><ssdm name="_ssdm_op_SpecInterface"/></StgValue>
</bind>
</comp>

<comp id="12" class="1001" name="const_12">
<pin_list>
<pin id="13" dir="1" index="0" bw="1" slack="2147483647"/>
</pin_list>
<bind>
<StgValue><ssdm name="empty_3"/></StgValue>
</bind>
</comp>

<comp id="14" class="1001" name="const_14">
<pin_list>
<pin id="15" dir="1" index="0" bw="1" slack="2147483647"/>
</pin_list>
<bind>
<StgValue><ssdm name=""/></StgValue>
</bind>
</comp>

<comp id="16" class="1001" name="const_16">
<pin_list>
<pin id="17" dir="1" index="0" bw="1" slack="2147483647"/>
</pin_list>
<bind>
<StgValue><ssdm name="empty_4"/></StgValue>
</bind>
</comp>

<comp id="18" class="1001" name="const_18">
<pin_list>
<pin id="19" dir="1" index="0" bw="1" slack="2147483647"/>
</pin_list>
<bind>
<StgValue><ssdm name=""/></StgValue>
</bind>
</comp>

<comp id="20" class="1001" name="const_20">
<pin_list>
<pin id="21" dir="1" index="0" bw="1" slack="2147483647"/>
</pin_list>
<bind>
<StgValue><ssdm name=""/></StgValue>
</bind>
</comp>

<comp id="22" class="1001" name="const_22">
<pin_list>
<pin id="23" dir="1" index="0" bw="1" slack="2147483647"/>
</pin_list>
<bind>
<StgValue><ssdm name="empty_5"/></StgValue>
</bind>
</comp>

<comp id="24" class="1001" name="const_24">
<pin_list>
<pin id="25" dir="1" index="0" bw="1" slack="2147483647"/>
</pin_list>
<bind>
<StgValue><ssdm name="empty_6"/></StgValue>
</bind>
</comp>

<comp id="26" class="1001" name="const_26">
<pin_list>
<pin id="27" dir="1" index="0" bw="1" slack="2147483647"/>
</pin_list>
<bind>
<StgValue><ssdm name=""/></StgValue>
</bind>
</comp>

<comp id="28" class="1001" name="const_28">
<pin_list>
<pin id="29" dir="1" index="0" bw="1" slack="2147483647"/>
</pin_list>
<bind>
<StgValue><ssdm name=""/></StgValue>
</bind>
</comp>

<comp id="30" class="1001" name="const_30">
<pin_list>
<pin id="31" dir="1" index="0" bw="1" slack="0"/>
</pin_list>
<bind>
<StgValue><ssdm name=""/></StgValue>
</bind>
</comp>

<comp id="32" class="1001" name="const_32">
<pin_list>
<pin id="33" dir="1" index="0" bw="1" slack="0"/>
</pin_list>
<bind>
<StgValue><ssdm name=""/></StgValue>
</bind>
</comp>

<comp id="34" class="1001" name="const_34">
<pin_list>
<pin id="35" dir="1" index="0" bw="1" slack="0"/>
</pin_list>
<bind>
<StgValue><ssdm name=""/></StgValue>
</bind>
</comp>

<comp id="36" class="1001" name="const_36">
<pin_list>
<pin id="37" dir="1" index="0" bw="1" slack="0"/>
</pin_list>
<bind>
<StgValue><ssdm name=""/></StgValue>
</bind>
</comp>

<comp id="38" class="1001" name="const_38">
<pin_list>
<pin id="39" dir="1" index="0" bw="1" slack="0"/>
</pin_list>
<bind>
<StgValue><ssdm name=""/></StgValue>
</bind>
</comp>

<comp id="40" class="1001" name="const_40">
<pin_list>
<pin id="41" dir="1" index="0" bw="1" slack="0"/>
</pin_list>
<bind>
<StgValue><ssdm name=""/></StgValue>
</bind>
</comp>

<comp id="42" class="1001" name="const_42">
<pin_list>
<pin id="43" dir="1" index="0" bw="1" slack="0"/>
</pin_list>
<bind>
<StgValue><ssdm name=""/></StgValue>
</bind>
</comp>

<comp id="44" class="1001" name="const_44">
<pin_list>
<pin id="45" dir="1" index="0" bw="1" slack="0"/>
</pin_list>
<bind>
<StgValue><ssdm name=""/></StgValue>
</bind>
</comp>

<comp id="46" class="1001" name="const_46">
<pin_list>
<pin id="47" dir="1" index="0" bw="1" slack="0"/>
</pin_list>
<bind>
<StgValue><ssdm name="_ssdm_op_BitConcatenate.i16.i8.i8"/></StgValue>
</bind>
</comp>

<comp id="48" class="1001" name="const_48">
<pin_list>
<pin id="49" dir="1" index="0" bw="1" slack="0"/>
</pin_list>
<bind>
<StgValue><ssdm name=""/></StgValue>
</bind>
</comp>

<comp id="50" class="1001" name="const_50">
<pin_list>
<pin id="51" dir="1" index="0" bw="1" slack="0"/>
</pin_list>
<bind>
<StgValue><ssdm name=""/></StgValue>
</bind>
</comp>

<comp id="52" class="1001" name="const_52">
<pin_list>
<pin id="53" dir="1" index="0" bw="1" slack="2147483647"/>
</pin_list>
<bind>
<StgValue><ssdm name="_ssdm_op_SpecBitsMap"/></StgValue>
</bind>
</comp>

<comp id="54" class="1001" name="const_54">
<pin_list>
<pin id="55" dir="1" index="0" bw="1" slack="2147483647"/>
</pin_list>
<bind>
<StgValue><ssdm name="_ssdm_op_SpecPipeline"/></StgValue>
</bind>
</comp>

<comp id="56" class="1001" name="const_56">
<pin_list>
<pin id="57" dir="1" index="0" bw="1" slack="2147483647"/>
</pin_list>
<bind>
<StgValue><ssdm name="p_str"/></StgValue>
</bind>
</comp>

<comp id="58" class="1001" name="const_58">
<pin_list>
<pin id="59" dir="1" index="0" bw="1" slack="2147483647"/>
</pin_list>
<bind>
<StgValue><ssdm name="_ssdm_op_SpecLoopName"/></StgValue>
</bind>
</comp>

<comp id="60" class="1001" name="const_60">
<pin_list>
<pin id="61" dir="1" index="0" bw="1" slack="2147483647"/>
</pin_list>
<bind>
<StgValue><ssdm name="VITIS_LOOP_117_6_VITIS_LOOP_118_7_str"/></StgValue>
</bind>
</comp>

<comp id="62" class="1001" name="const_62">
<pin_list>
<pin id="63" dir="1" index="0" bw="1" slack="2147483647"/>
</pin_list>
<bind>
<StgValue><ssdm name="_ssdm_op_SpecLoopTripCount"/></StgValue>
</bind>
</comp>

<comp id="64" class="1001" name="const_64">
<pin_list>
<pin id="65" dir="1" index="0" bw="1" slack="2147483647"/>
</pin_list>
<bind>
<StgValue><ssdm name=""/></StgValue>
</bind>
</comp>

<comp id="66" class="1001" name="const_66">
<pin_list>
<pin id="67" dir="1" index="0" bw="1" slack="2147483647"/>
</pin_list>
<bind>
<StgValue><ssdm name="empty_12"/></StgValue>
</bind>
</comp>

<comp id="68" class="1001" name="const_68">
<pin_list>
<pin id="69" dir="1" index="0" bw="1" slack="0"/>
</pin_list>
<bind>
<StgValue><ssdm name="_ssdm_op_BitConcatenate.i512.i32.i480"/></StgValue>
</bind>
</comp>

<comp id="70" class="1001" name="const_70">
<pin_list>
<pin id="71" dir="1" index="0" bw="1" slack="0"/>
</pin_list>
<bind>
<StgValue><ssdm name="_ssdm_op_PartSelect.i448.i480.i32.i32"/></StgValue>
</bind>
</comp>

<comp id="72" class="1001" name="const_72">
<pin_list>
<pin id="73" dir="1" index="0" bw="1" slack="0"/>
</pin_list>
<bind>
<StgValue><ssdm name=""/></StgValue>
</bind>
</comp>

<comp id="74" class="1001" name="const_74">
<pin_list>
<pin id="75" dir="1" index="0" bw="1" slack="0"/>
</pin_list>
<bind>
<StgValue><ssdm name=""/></StgValue>
</bind>
</comp>

<comp id="76" class="1001" name="const_76">
<pin_list>
<pin id="77" dir="1" index="0" bw="1" slack="0"/>
</pin_list>
<bind>
<StgValue><ssdm name="_ssdm_op_BitConcatenate.i480.i32.i448"/></StgValue>
</bind>
</comp>

<comp id="78" class="1001" name="const_78">
<pin_list>
<pin id="79" dir="1" index="0" bw="1" slack="0"/>
</pin_list>
<bind>
<StgValue><ssdm name="_ssdm_op_Write.m_axi.p1i512"/></StgValue>
</bind>
</comp>

<comp id="80" class="1001" name="const_80">
<pin_list>
<pin id="81" dir="1" index="0" bw="1" slack="0"/>
</pin_list>
<bind>
<StgValue><ssdm name=""/></StgValue>
</bind>
</comp>

<comp id="82" class="1004" name="phi_ln119_fu_82">
<pin_list>
<pin id="83" dir="0" index="0" bw="1" slack="0"/>
<pin id="84" dir="1" index="1" bw="480" slack="0"/>
</pin_list>
<bind>
<opcode="alloca(26) " fcode="alloca"/>
<opset="phi_ln119/1 "/>
</bind>
</comp>

<comp id="86" class="1004" name="j_fu_86">
<pin_list>
<pin id="87" dir="0" index="0" bw="1" slack="0"/>
<pin id="88" dir="1" index="1" bw="9" slack="0"/>
</pin_list>
<bind>
<opcode="alloca(26) " fcode="alloca"/>
<opset="j/1 "/>
</bind>
</comp>

<comp id="90" class="1004" name="i_fu_90">
<pin_list>
<pin id="91" dir="0" index="0" bw="1" slack="0"/>
<pin id="92" dir="1" index="1" bw="9" slack="0"/>
</pin_list>
<bind>
<opcode="alloca(26) " fcode="alloca"/>
<opset="i/1 "/>
</bind>
</comp>

<comp id="94" class="1004" name="indvar_flatten_fu_94">
<pin_list>
<pin id="95" dir="0" index="0" bw="1" slack="0"/>
<pin id="96" dir="1" index="1" bw="17" slack="0"/>
</pin_list>
<bind>
<opcode="alloca(26) " fcode="alloca"/>
<opset="indvar_flatten/1 "/>
</bind>
</comp>

<comp id="98" class="1004" name="sext_ln117_read_read_fu_98">
<pin_list>
<pin id="99" dir="0" index="0" bw="58" slack="0"/>
<pin id="100" dir="0" index="1" bw="58" slack="0"/>
<pin id="101" dir="1" index="2" bw="58" slack="0"/>
</pin_list>
<bind>
<opcode="read(1150) " fcode="read"/>
<opset="sext_ln117_read/1 "/>
</bind>
</comp>

<comp id="104" class="1004" name="write_ln119_write_fu_104">
<pin_list>
<pin id="105" dir="0" index="0" bw="0" slack="0"/>
<pin id="106" dir="0" index="1" bw="512" slack="1"/>
<pin id="107" dir="0" index="2" bw="512" slack="1"/>
<pin id="108" dir="0" index="3" bw="1" slack="0"/>
<pin id="109" dir="1" index="4" bw="0" slack="2147483647"/>
</pin_list>
<bind>
<opcode="write(1151) " fcode="write"/>
<opset="write_ln119/5 "/>
</bind>
</comp>

<comp id="112" class="1004" name="joint_addr_gep_fu_112">
<pin_list>
<pin id="113" dir="0" index="0" bw="32" slack="0"/>
<pin id="114" dir="0" index="1" bw="1" slack="0"/>
<pin id="115" dir="0" index="2" bw="16" slack="0"/>
<pin id="116" dir="1" index="3" bw="16" slack="0"/>
</pin_list>
<bind>
<opcode="getelementptr(29) " fcode="getelementptr"/>
<opset="joint_addr/3 "/>
</bind>
</comp>

<comp id="119" class="1004" name="grp_access_fu_119">
<pin_list>
<pin id="120" dir="0" index="0" bw="16" slack="0"/>
<pin id="121" dir="0" index="1" bw="32" slack="2147483647"/>
<pin id="122" dir="0" index="2" bw="0" slack="2147483647"/>
<pin id="123" dir="1" index="3" bw="32" slack="0"/>
</pin_list>
<bind>
<opcode="load(27) " fcode="load"/>
<opset="joint_load/3 "/>
</bind>
</comp>

<comp id="125" class="1004" name="sext_ln117_cast_fu_125">
<pin_list>
<pin id="126" dir="0" index="0" bw="58" slack="0"/>
<pin id="127" dir="1" index="1" bw="64" slack="3"/>
</pin_list>
<bind>
<opcode="sext(35) " fcode="sext"/>
<opset="sext_ln117_cast/1 "/>
</bind>
</comp>

<comp id="129" class="1004" name="store_ln0_store_fu_129">
<pin_list>
<pin id="130" dir="0" index="0" bw="1" slack="0"/>
<pin id="131" dir="0" index="1" bw="17" slack="0"/>
<pin id="132" dir="1" index="2" bw="0" slack="2147483647"/>
</pin_list>
<bind>
<opcode="store(28) " fcode="store"/>
<opset="store_ln0/1 "/>
</bind>
</comp>

<comp id="134" class="1004" name="store_ln0_store_fu_134">
<pin_list>
<pin id="135" dir="0" index="0" bw="1" slack="0"/>
<pin id="136" dir="0" index="1" bw="9" slack="0"/>
<pin id="137" dir="1" index="2" bw="0" slack="2147483647"/>
</pin_list>
<bind>
<opcode="store(28) " fcode="store"/>
<opset="store_ln0/1 "/>
</bind>
</comp>

<comp id="139" class="1004" name="store_ln0_store_fu_139">
<pin_list>
<pin id="140" dir="0" index="0" bw="1" slack="0"/>
<pin id="141" dir="0" index="1" bw="9" slack="0"/>
<pin id="142" dir="1" index="2" bw="0" slack="2147483647"/>
</pin_list>
<bind>
<opcode="store(28) " fcode="store"/>
<opset="store_ln0/1 "/>
</bind>
</comp>

<comp id="144" class="1004" name="store_ln0_store_fu_144">
<pin_list>
<pin id="145" dir="0" index="0" bw="1" slack="0"/>
<pin id="146" dir="0" index="1" bw="480" slack="0"/>
<pin id="147" dir="1" index="2" bw="0" slack="2147483647"/>
</pin_list>
<bind>
<opcode="store(28) " fcode="store"/>
<opset="store_ln0/1 "/>
</bind>
</comp>

<comp id="149" class="1004" name="indvar_flatten_load_load_fu_149">
<pin_list>
<pin id="150" dir="0" index="0" bw="17" slack="1"/>
<pin id="151" dir="1" index="1" bw="17" slack="0"/>
</pin_list>
<bind>
<opcode="load(27) " fcode="load"/>
<opset="indvar_flatten_load/2 "/>
</bind>
</comp>

<comp id="152" class="1004" name="add_ln117_fu_152">
<pin_list>
<pin id="153" dir="0" index="0" bw="17" slack="0"/>
<pin id="154" dir="0" index="1" bw="1" slack="0"/>
<pin id="155" dir="1" index="2" bw="17" slack="0"/>
</pin_list>
<bind>
<opcode="add(8) " fcode="add"/>
<opset="add_ln117/2 "/>
</bind>
</comp>

<comp id="158" class="1004" name="icmp_ln117_fu_158">
<pin_list>
<pin id="159" dir="0" index="0" bw="17" slack="0"/>
<pin id="160" dir="0" index="1" bw="17" slack="0"/>
<pin id="161" dir="1" index="2" bw="1" slack="1"/>
</pin_list>
<bind>
<opcode="icmp(45) " fcode="icmp"/>
<opset="icmp_ln117/2 "/>
</bind>
</comp>

<comp id="164" class="1004" name="j_load_load_fu_164">
<pin_list>
<pin id="165" dir="0" index="0" bw="9" slack="1"/>
<pin id="166" dir="1" index="1" bw="9" slack="0"/>
</pin_list>
<bind>
<opcode="load(27) " fcode="load"/>
<opset="j_load/2 "/>
</bind>
</comp>

<comp id="167" class="1004" name="i_load_load_fu_167">
<pin_list>
<pin id="168" dir="0" index="0" bw="9" slack="1"/>
<pin id="169" dir="1" index="1" bw="9" slack="0"/>
</pin_list>
<bind>
<opcode="load(27) " fcode="load"/>
<opset="i_load/2 "/>
</bind>
</comp>

<comp id="170" class="1004" name="add_ln117_1_fu_170">
<pin_list>
<pin id="171" dir="0" index="0" bw="9" slack="0"/>
<pin id="172" dir="0" index="1" bw="1" slack="0"/>
<pin id="173" dir="1" index="2" bw="9" slack="0"/>
</pin_list>
<bind>
<opcode="add(8) " fcode="add"/>
<opset="add_ln117_1/2 "/>
</bind>
</comp>

<comp id="176" class="1004" name="icmp_ln118_fu_176">
<pin_list>
<pin id="177" dir="0" index="0" bw="9" slack="0"/>
<pin id="178" dir="0" index="1" bw="9" slack="0"/>
<pin id="179" dir="1" index="2" bw="1" slack="0"/>
</pin_list>
<bind>
<opcode="icmp(45) " fcode="icmp"/>
<opset="icmp_ln118/2 "/>
</bind>
</comp>

<comp id="182" class="1004" name="select_ln117_fu_182">
<pin_list>
<pin id="183" dir="0" index="0" bw="1" slack="0"/>
<pin id="184" dir="0" index="1" bw="1" slack="0"/>
<pin id="185" dir="0" index="2" bw="9" slack="0"/>
<pin id="186" dir="1" index="3" bw="9" slack="0"/>
</pin_list>
<bind>
<opcode="select(49) " fcode="select"/>
<opset="select_ln117/2 "/>
</bind>
</comp>

<comp id="190" class="1004" name="select_ln117_2_fu_190">
<pin_list>
<pin id="191" dir="0" index="0" bw="1" slack="0"/>
<pin id="192" dir="0" index="1" bw="9" slack="0"/>
<pin id="193" dir="0" index="2" bw="9" slack="0"/>
<pin id="194" dir="1" index="3" bw="9" slack="0"/>
</pin_list>
<bind>
<opcode="select(49) " fcode="select"/>
<opset="select_ln117_2/2 "/>
</bind>
</comp>

<comp id="198" class="1004" name="trunc_ln119_fu_198">
<pin_list>
<pin id="199" dir="0" index="0" bw="9" slack="0"/>
<pin id="200" dir="1" index="1" bw="8" slack="1"/>
</pin_list>
<bind>
<opcode="trunc(33) " fcode="trunc"/>
<opset="trunc_ln119/2 "/>
</bind>
</comp>

<comp id="202" class="1004" name="empty_27_fu_202">
<pin_list>
<pin id="203" dir="0" index="0" bw="9" slack="0"/>
<pin id="204" dir="1" index="1" bw="4" slack="0"/>
</pin_list>
<bind>
<opcode="trunc(33) " fcode="trunc"/>
<opset="empty_27/2 "/>
</bind>
</comp>

<comp id="206" class="1004" name="icmp_ln119_fu_206">
<pin_list>
<pin id="207" dir="0" index="0" bw="4" slack="0"/>
<pin id="208" dir="0" index="1" bw="1" slack="0"/>
<pin id="209" dir="1" index="2" bw="1" slack="2"/>
</pin_list>
<bind>
<opcode="icmp(45) " fcode="icmp"/>
<opset="icmp_ln119/2 "/>
</bind>
</comp>

<comp id="212" class="1004" name="add_ln118_fu_212">
<pin_list>
<pin id="213" dir="0" index="0" bw="9" slack="0"/>
<pin id="214" dir="0" index="1" bw="1" slack="0"/>
<pin id="215" dir="1" index="2" bw="9" slack="0"/>
</pin_list>
<bind>
<opcode="add(8) " fcode="add"/>
<opset="add_ln118/2 "/>
</bind>
</comp>

<comp id="218" class="1004" name="store_ln118_store_fu_218">
<pin_list>
<pin id="219" dir="0" index="0" bw="17" slack="0"/>
<pin id="220" dir="0" index="1" bw="17" slack="1"/>
<pin id="221" dir="1" index="2" bw="0" slack="2147483647"/>
</pin_list>
<bind>
<opcode="store(28) " fcode="store"/>
<opset="store_ln118/2 "/>
</bind>
</comp>

<comp id="223" class="1004" name="store_ln118_store_fu_223">
<pin_list>
<pin id="224" dir="0" index="0" bw="9" slack="0"/>
<pin id="225" dir="0" index="1" bw="9" slack="1"/>
<pin id="226" dir="1" index="2" bw="0" slack="2147483647"/>
</pin_list>
<bind>
<opcode="store(28) " fcode="store"/>
<opset="store_ln118/2 "/>
</bind>
</comp>

<comp id="228" class="1004" name="store_ln118_store_fu_228">
<pin_list>
<pin id="229" dir="0" index="0" bw="9" slack="0"/>
<pin id="230" dir="0" index="1" bw="9" slack="1"/>
<pin id="231" dir="1" index="2" bw="0" slack="2147483647"/>
</pin_list>
<bind>
<opcode="store(28) " fcode="store"/>
<opset="store_ln118/2 "/>
</bind>
</comp>

<comp id="233" class="1004" name="tmp_6_fu_233">
<pin_list>
<pin id="234" dir="0" index="0" bw="16" slack="0"/>
<pin id="235" dir="0" index="1" bw="8" slack="1"/>
<pin id="236" dir="0" index="2" bw="1" slack="0"/>
<pin id="237" dir="1" index="3" bw="16" slack="0"/>
</pin_list>
<bind>
<opcode="bitconcatenate(1004) " fcode="bitconcatenate"/>
<opset="tmp_6/3 "/>
</bind>
</comp>

<comp id="240" class="1004" name="zext_ln119_fu_240">
<pin_list>
<pin id="241" dir="0" index="0" bw="9" slack="1"/>
<pin id="242" dir="1" index="1" bw="16" slack="0"/>
</pin_list>
<bind>
<opcode="zext(34) " fcode="zext"/>
<opset="zext_ln119/3 "/>
</bind>
</comp>

<comp id="243" class="1004" name="add_ln119_fu_243">
<pin_list>
<pin id="244" dir="0" index="0" bw="16" slack="0"/>
<pin id="245" dir="0" index="1" bw="9" slack="0"/>
<pin id="246" dir="1" index="2" bw="16" slack="0"/>
</pin_list>
<bind>
<opcode="add(8) " fcode="add"/>
<opset="add_ln119/3 "/>
</bind>
</comp>

<comp id="249" class="1004" name="zext_ln119_1_fu_249">
<pin_list>
<pin id="250" dir="0" index="0" bw="16" slack="0"/>
<pin id="251" dir="1" index="1" bw="64" slack="0"/>
</pin_list>
<bind>
<opcode="zext(34) " fcode="zext"/>
<opset="zext_ln119_1/3 "/>
</bind>
</comp>

<comp id="254" class="1004" name="gmem1_addr_fu_254">
<pin_list>
<pin id="255" dir="0" index="0" bw="512" slack="0"/>
<pin id="256" dir="0" index="1" bw="58" slack="3"/>
<pin id="257" dir="1" index="2" bw="512" slack="1"/>
</pin_list>
<bind>
<opcode="getelementptr(29) " fcode="getelementptr"/>
<opset="gmem1_addr/4 "/>
</bind>
</comp>

<comp id="259" class="1004" name="phi_ln119_load_load_fu_259">
<pin_list>
<pin id="260" dir="0" index="0" bw="480" slack="3"/>
<pin id="261" dir="1" index="1" bw="480" slack="0"/>
</pin_list>
<bind>
<opcode="load(27) " fcode="load"/>
<opset="phi_ln119_load/4 "/>
</bind>
</comp>

<comp id="262" class="1004" name="select_ln117_1_fu_262">
<pin_list>
<pin id="263" dir="0" index="0" bw="1" slack="2"/>
<pin id="264" dir="0" index="1" bw="1" slack="0"/>
<pin id="265" dir="0" index="2" bw="480" slack="0"/>
<pin id="266" dir="1" index="3" bw="480" slack="0"/>
</pin_list>
<bind>
<opcode="select(49) " fcode="select"/>
<opset="select_ln117_1/4 "/>
</bind>
</comp>

<comp id="269" class="1004" name="or_ln2_fu_269">
<pin_list>
<pin id="270" dir="0" index="0" bw="512" slack="0"/>
<pin id="271" dir="0" index="1" bw="32" slack="0"/>
<pin id="272" dir="0" index="2" bw="480" slack="0"/>
<pin id="273" dir="1" index="3" bw="512" slack="1"/>
</pin_list>
<bind>
<opcode="bitconcatenate(1004) " fcode="bitconcatenate"/>
<opset="or_ln2/4 "/>
</bind>
</comp>

<comp id="277" class="1004" name="tmp_7_fu_277">
<pin_list>
<pin id="278" dir="0" index="0" bw="448" slack="0"/>
<pin id="279" dir="0" index="1" bw="480" slack="0"/>
<pin id="280" dir="0" index="2" bw="7" slack="0"/>
<pin id="281" dir="0" index="3" bw="10" slack="0"/>
<pin id="282" dir="1" index="4" bw="448" slack="0"/>
</pin_list>
<bind>
<opcode="partselect(1002) " fcode="partselect"/>
<opset="tmp_7/4 "/>
</bind>
</comp>

<comp id="287" class="1004" name="tmp_8_fu_287">
<pin_list>
<pin id="288" dir="0" index="0" bw="480" slack="0"/>
<pin id="289" dir="0" index="1" bw="32" slack="0"/>
<pin id="290" dir="0" index="2" bw="448" slack="0"/>
<pin id="291" dir="1" index="3" bw="480" slack="0"/>
</pin_list>
<bind>
<opcode="bitconcatenate(1004) " fcode="bitconcatenate"/>
<opset="tmp_8/4 "/>
</bind>
</comp>

<comp id="295" class="1004" name="select_ln119_fu_295">
<pin_list>
<pin id="296" dir="0" index="0" bw="1" slack="2"/>
<pin id="297" dir="0" index="1" bw="1" slack="0"/>
<pin id="298" dir="0" index="2" bw="480" slack="0"/>
<pin id="299" dir="1" index="3" bw="480" slack="0"/>
</pin_list>
<bind>
<opcode="select(49) " fcode="select"/>
<opset="select_ln119/4 "/>
</bind>
</comp>

<comp id="302" class="1004" name="store_ln118_store_fu_302">
<pin_list>
<pin id="303" dir="0" index="0" bw="480" slack="0"/>
<pin id="304" dir="0" index="1" bw="480" slack="3"/>
<pin id="305" dir="1" index="2" bw="0" slack="2147483647"/>
</pin_list>
<bind>
<opcode="store(28) " fcode="store"/>
<opset="store_ln118/4 "/>
</bind>
</comp>

<comp id="307" class="1005" name="phi_ln119_reg_307">
<pin_list>
<pin id="308" dir="0" index="0" bw="480" slack="0"/>
<pin id="309" dir="1" index="1" bw="480" slack="0"/>
</pin_list>
<bind>
<opset="phi_ln119 "/>
</bind>
</comp>

<comp id="314" class="1005" name="j_reg_314">
<pin_list>
<pin id="315" dir="0" index="0" bw="9" slack="0"/>
<pin id="316" dir="1" index="1" bw="9" slack="0"/>
</pin_list>
<bind>
<opset="j "/>
</bind>
</comp>

<comp id="321" class="1005" name="i_reg_321">
<pin_list>
<pin id="322" dir="0" index="0" bw="9" slack="0"/>
<pin id="323" dir="1" index="1" bw="9" slack="0"/>
</pin_list>
<bind>
<opset="i "/>
</bind>
</comp>

<comp id="328" class="1005" name="indvar_flatten_reg_328">
<pin_list>
<pin id="329" dir="0" index="0" bw="17" slack="0"/>
<pin id="330" dir="1" index="1" bw="17" slack="0"/>
</pin_list>
<bind>
<opset="indvar_flatten "/>
</bind>
</comp>

<comp id="335" class="1005" name="sext_ln117_cast_reg_335">
<pin_list>
<pin id="336" dir="0" index="0" bw="64" slack="3"/>
<pin id="337" dir="1" index="1" bw="64" slack="3"/>
</pin_list>
<bind>
<opset="sext_ln117_cast "/>
</bind>
</comp>

<comp id="340" class="1005" name="icmp_ln117_reg_340">
<pin_list>
<pin id="341" dir="0" index="0" bw="1" slack="1"/>
<pin id="342" dir="1" index="1" bw="1" slack="2147483647"/>
</pin_list>
<bind>
<opset="icmp_ln117 "/>
</bind>
</comp>

<comp id="344" class="1005" name="icmp_ln118_reg_344">
<pin_list>
<pin id="345" dir="0" index="0" bw="1" slack="2"/>
<pin id="346" dir="1" index="1" bw="1" slack="2"/>
</pin_list>
<bind>
<opset="icmp_ln118 "/>
</bind>
</comp>

<comp id="349" class="1005" name="select_ln117_reg_349">
<pin_list>
<pin id="350" dir="0" index="0" bw="9" slack="1"/>
<pin id="351" dir="1" index="1" bw="9" slack="1"/>
</pin_list>
<bind>
<opset="select_ln117 "/>
</bind>
</comp>

<comp id="354" class="1005" name="trunc_ln119_reg_354">
<pin_list>
<pin id="355" dir="0" index="0" bw="8" slack="1"/>
<pin id="356" dir="1" index="1" bw="8" slack="1"/>
</pin_list>
<bind>
<opset="trunc_ln119 "/>
</bind>
</comp>

<comp id="359" class="1005" name="icmp_ln119_reg_359">
<pin_list>
<pin id="360" dir="0" index="0" bw="1" slack="2"/>
<pin id="361" dir="1" index="1" bw="1" slack="2"/>
</pin_list>
<bind>
<opset="icmp_ln119 "/>
</bind>
</comp>

<comp id="364" class="1005" name="joint_addr_reg_364">
<pin_list>
<pin id="365" dir="0" index="0" bw="16" slack="1"/>
<pin id="366" dir="1" index="1" bw="16" slack="1"/>
</pin_list>
<bind>
<opset="joint_addr "/>
</bind>
</comp>

<comp id="369" class="1005" name="gmem1_addr_reg_369">
<pin_list>
<pin id="370" dir="0" index="0" bw="512" slack="1"/>
<pin id="371" dir="1" index="1" bw="512" slack="1"/>
</pin_list>
<bind>
<opset="gmem1_addr "/>
</bind>
</comp>

<comp id="374" class="1005" name="or_ln2_reg_374">
<pin_list>
<pin id="375" dir="0" index="0" bw="512" slack="1"/>
<pin id="376" dir="1" index="1" bw="512" slack="1"/>
</pin_list>
<bind>
<opset="or_ln2 "/>
</bind>
</comp>

</comp_list>

<net_list>
<net id="85"><net_src comp="6" pin="0"/><net_sink comp="82" pin=0"/></net>

<net id="89"><net_src comp="6" pin="0"/><net_sink comp="86" pin=0"/></net>

<net id="93"><net_src comp="6" pin="0"/><net_sink comp="90" pin=0"/></net>

<net id="97"><net_src comp="6" pin="0"/><net_sink comp="94" pin=0"/></net>

<net id="102"><net_src comp="8" pin="0"/><net_sink comp="98" pin=0"/></net>

<net id="103"><net_src comp="2" pin="0"/><net_sink comp="98" pin=1"/></net>

<net id="110"><net_src comp="78" pin="0"/><net_sink comp="104" pin=0"/></net>

<net id="111"><net_src comp="80" pin="0"/><net_sink comp="104" pin=3"/></net>

<net id="117"><net_src comp="4" pin="0"/><net_sink comp="112" pin=0"/></net>

<net id="118"><net_src comp="50" pin="0"/><net_sink comp="112" pin=1"/></net>

<net id="124"><net_src comp="112" pin="3"/><net_sink comp="119" pin=0"/></net>

<net id="128"><net_src comp="98" pin="2"/><net_sink comp="125" pin=0"/></net>

<net id="133"><net_src comp="30" pin="0"/><net_sink comp="129" pin=0"/></net>

<net id="138"><net_src comp="32" pin="0"/><net_sink comp="134" pin=0"/></net>

<net id="143"><net_src comp="32" pin="0"/><net_sink comp="139" pin=0"/></net>

<net id="148"><net_src comp="34" pin="0"/><net_sink comp="144" pin=0"/></net>

<net id="156"><net_src comp="149" pin="1"/><net_sink comp="152" pin=0"/></net>

<net id="157"><net_src comp="36" pin="0"/><net_sink comp="152" pin=1"/></net>

<net id="162"><net_src comp="149" pin="1"/><net_sink comp="158" pin=0"/></net>

<net id="163"><net_src comp="38" pin="0"/><net_sink comp="158" pin=1"/></net>

<net id="174"><net_src comp="167" pin="1"/><net_sink comp="170" pin=0"/></net>

<net id="175"><net_src comp="40" pin="0"/><net_sink comp="170" pin=1"/></net>

<net id="180"><net_src comp="164" pin="1"/><net_sink comp="176" pin=0"/></net>

<net id="181"><net_src comp="42" pin="0"/><net_sink comp="176" pin=1"/></net>

<net id="187"><net_src comp="176" pin="2"/><net_sink comp="182" pin=0"/></net>

<net id="188"><net_src comp="32" pin="0"/><net_sink comp="182" pin=1"/></net>

<net id="189"><net_src comp="164" pin="1"/><net_sink comp="182" pin=2"/></net>

<net id="195"><net_src comp="176" pin="2"/><net_sink comp="190" pin=0"/></net>

<net id="196"><net_src comp="170" pin="2"/><net_sink comp="190" pin=1"/></net>

<net id="197"><net_src comp="167" pin="1"/><net_sink comp="190" pin=2"/></net>

<net id="201"><net_src comp="190" pin="3"/><net_sink comp="198" pin=0"/></net>

<net id="205"><net_src comp="182" pin="3"/><net_sink comp="202" pin=0"/></net>

<net id="210"><net_src comp="202" pin="1"/><net_sink comp="206" pin=0"/></net>

<net id="211"><net_src comp="44" pin="0"/><net_sink comp="206" pin=1"/></net>

<net id="216"><net_src comp="182" pin="3"/><net_sink comp="212" pin=0"/></net>

<net id="217"><net_src comp="40" pin="0"/><net_sink comp="212" pin=1"/></net>

<net id="222"><net_src comp="152" pin="2"/><net_sink comp="218" pin=0"/></net>

<net id="227"><net_src comp="190" pin="3"/><net_sink comp="223" pin=0"/></net>

<net id="232"><net_src comp="212" pin="2"/><net_sink comp="228" pin=0"/></net>

<net id="238"><net_src comp="46" pin="0"/><net_sink comp="233" pin=0"/></net>

<net id="239"><net_src comp="48" pin="0"/><net_sink comp="233" pin=2"/></net>

<net id="247"><net_src comp="233" pin="3"/><net_sink comp="243" pin=0"/></net>

<net id="248"><net_src comp="240" pin="1"/><net_sink comp="243" pin=1"/></net>

<net id="252"><net_src comp="243" pin="2"/><net_sink comp="249" pin=0"/></net>

<net id="253"><net_src comp="249" pin="1"/><net_sink comp="112" pin=2"/></net>

<net id="258"><net_src comp="0" pin="0"/><net_sink comp="254" pin=0"/></net>

<net id="267"><net_src comp="34" pin="0"/><net_sink comp="262" pin=1"/></net>

<net id="268"><net_src comp="259" pin="1"/><net_sink comp="262" pin=2"/></net>

<net id="274"><net_src comp="68" pin="0"/><net_sink comp="269" pin=0"/></net>

<net id="275"><net_src comp="119" pin="3"/><net_sink comp="269" pin=1"/></net>

<net id="276"><net_src comp="262" pin="3"/><net_sink comp="269" pin=2"/></net>

<net id="283"><net_src comp="70" pin="0"/><net_sink comp="277" pin=0"/></net>

<net id="284"><net_src comp="262" pin="3"/><net_sink comp="277" pin=1"/></net>

<net id="285"><net_src comp="72" pin="0"/><net_sink comp="277" pin=2"/></net>

<net id="286"><net_src comp="74" pin="0"/><net_sink comp="277" pin=3"/></net>

<net id="292"><net_src comp="76" pin="0"/><net_sink comp="287" pin=0"/></net>

<net id="293"><net_src comp="119" pin="3"/><net_sink comp="287" pin=1"/></net>

<net id="294"><net_src comp="277" pin="4"/><net_sink comp="287" pin=2"/></net>

<net id="300"><net_src comp="34" pin="0"/><net_sink comp="295" pin=1"/></net>

<net id="301"><net_src comp="287" pin="3"/><net_sink comp="295" pin=2"/></net>

<net id="306"><net_src comp="295" pin="3"/><net_sink comp="302" pin=0"/></net>

<net id="310"><net_src comp="82" pin="1"/><net_sink comp="307" pin=0"/></net>

<net id="311"><net_src comp="307" pin="1"/><net_sink comp="144" pin=1"/></net>

<net id="312"><net_src comp="307" pin="1"/><net_sink comp="259" pin=0"/></net>

<net id="313"><net_src comp="307" pin="1"/><net_sink comp="302" pin=1"/></net>

<net id="317"><net_src comp="86" pin="1"/><net_sink comp="314" pin=0"/></net>

<net id="318"><net_src comp="314" pin="1"/><net_sink comp="139" pin=1"/></net>

<net id="319"><net_src comp="314" pin="1"/><net_sink comp="164" pin=0"/></net>

<net id="320"><net_src comp="314" pin="1"/><net_sink comp="228" pin=1"/></net>

<net id="324"><net_src comp="90" pin="1"/><net_sink comp="321" pin=0"/></net>

<net id="325"><net_src comp="321" pin="1"/><net_sink comp="134" pin=1"/></net>

<net id="326"><net_src comp="321" pin="1"/><net_sink comp="167" pin=0"/></net>

<net id="327"><net_src comp="321" pin="1"/><net_sink comp="223" pin=1"/></net>

<net id="331"><net_src comp="94" pin="1"/><net_sink comp="328" pin=0"/></net>

<net id="332"><net_src comp="328" pin="1"/><net_sink comp="129" pin=1"/></net>

<net id="333"><net_src comp="328" pin="1"/><net_sink comp="149" pin=0"/></net>

<net id="334"><net_src comp="328" pin="1"/><net_sink comp="218" pin=1"/></net>

<net id="338"><net_src comp="125" pin="1"/><net_sink comp="335" pin=0"/></net>

<net id="339"><net_src comp="335" pin="1"/><net_sink comp="254" pin=1"/></net>

<net id="343"><net_src comp="158" pin="2"/><net_sink comp="340" pin=0"/></net>

<net id="347"><net_src comp="176" pin="2"/><net_sink comp="344" pin=0"/></net>

<net id="348"><net_src comp="344" pin="1"/><net_sink comp="262" pin=0"/></net>

<net id="352"><net_src comp="182" pin="3"/><net_sink comp="349" pin=0"/></net>

<net id="353"><net_src comp="349" pin="1"/><net_sink comp="240" pin=0"/></net>

<net id="357"><net_src comp="198" pin="1"/><net_sink comp="354" pin=0"/></net>

<net id="358"><net_src comp="354" pin="1"/><net_sink comp="233" pin=1"/></net>

<net id="362"><net_src comp="206" pin="2"/><net_sink comp="359" pin=0"/></net>

<net id="363"><net_src comp="359" pin="1"/><net_sink comp="295" pin=0"/></net>

<net id="367"><net_src comp="112" pin="3"/><net_sink comp="364" pin=0"/></net>

<net id="368"><net_src comp="364" pin="1"/><net_sink comp="119" pin=0"/></net>

<net id="372"><net_src comp="254" pin="2"/><net_sink comp="369" pin=0"/></net>

<net id="373"><net_src comp="369" pin="1"/><net_sink comp="104" pin=1"/></net>

<net id="377"><net_src comp="269" pin="3"/><net_sink comp="374" pin=0"/></net>

<net id="378"><net_src comp="374" pin="1"/><net_sink comp="104" pin=2"/></net>

</net_list>

</model> 
---------------- Datapath Model END ------------------

* FSMD analyzer results:
  - Output states:
	Port: gmem1 | {5 }
 - Input state : 
	Port: sink_from_aie_Pipeline_VITIS_LOOP_117_6_VITIS_LOOP_118_7 : sext_ln117 | {1 }
	Port: sink_from_aie_Pipeline_VITIS_LOOP_117_6_VITIS_LOOP_118_7 : joint | {3 4 }
  - Chain level:
	State 1
		store_ln0 : 1
		store_ln0 : 1
		store_ln0 : 1
		store_ln0 : 1
	State 2
		add_ln117 : 1
		icmp_ln117 : 1
		br_ln117 : 2
		add_ln117_1 : 1
		icmp_ln118 : 1
		select_ln117 : 2
		select_ln117_2 : 2
		trunc_ln119 : 3
		empty_27 : 3
		icmp_ln119 : 4
		br_ln119 : 5
		add_ln118 : 3
		store_ln118 : 2
		store_ln118 : 3
		store_ln118 : 4
	State 3
		add_ln119 : 1
		zext_ln119_1 : 2
		joint_addr : 3
		joint_load : 4
	State 4
		select_ln117_1 : 1
		or_ln2 : 2
		tmp_7 : 2
		tmp_8 : 3
		select_ln119 : 4
		store_ln118 : 5
	State 5


============================================================
+ Verbose Summary: Datapath Resource usage 
============================================================

* Functional unit list:
|----------|----------------------------|---------|---------|
| Operation|       Functional Unit      |    FF   |   LUT   |
|----------|----------------------------|---------|---------|
|          |     select_ln117_fu_182    |    0    |    8    |
|  select  |    select_ln117_2_fu_190   |    0    |    8    |
|          |    select_ln117_1_fu_262   |    0    |   245   |
|          |     select_ln119_fu_295    |    0    |   245   |
|----------|----------------------------|---------|---------|
|          |      add_ln117_fu_152      |    0    |    17   |
|    add   |     add_ln117_1_fu_170     |    0    |    9    |
|          |      add_ln118_fu_212      |    0    |    9    |
|          |      add_ln119_fu_243      |    0    |    16   |
|----------|----------------------------|---------|---------|
|          |      icmp_ln117_fu_158     |    0    |    8    |
|   icmp   |      icmp_ln118_fu_176     |    0    |    5    |
|          |      icmp_ln119_fu_206     |    0    |    2    |
|----------|----------------------------|---------|---------|
|   read   | sext_ln117_read_read_fu_98 |    0    |    0    |
|----------|----------------------------|---------|---------|
|   write  |  write_ln119_write_fu_104  |    0    |    0    |
|----------|----------------------------|---------|---------|
|   sext   |   sext_ln117_cast_fu_125   |    0    |    0    |
|----------|----------------------------|---------|---------|
|   trunc  |     trunc_ln119_fu_198     |    0    |    0    |
|          |       empty_27_fu_202      |    0    |    0    |
|----------|----------------------------|---------|---------|
|          |        tmp_6_fu_233        |    0    |    0    |
|bitconcatenate|        or_ln2_fu_269       |    0    |    0    |
|          |        tmp_8_fu_287        |    0    |    0    |
|----------|----------------------------|---------|---------|
|   zext   |      zext_ln119_fu_240     |    0    |    0    |
|          |     zext_ln119_1_fu_249    |    0    |    0    |
|----------|----------------------------|---------|---------|
|partselect|        tmp_7_fu_277        |    0    |    0    |
|----------|----------------------------|---------|---------|
|   Total  |                            |    0    |   572   |
|----------|----------------------------|---------|---------|

Memories:
N/A

* Register list:
+-----------------------+--------+
|                       |   FF   |
+-----------------------+--------+
|   gmem1_addr_reg_369  |   512  |
|       i_reg_321       |    9   |
|   icmp_ln117_reg_340  |    1   |
|   icmp_ln118_reg_344  |    1   |
|   icmp_ln119_reg_359  |    1   |
| indvar_flatten_reg_328|   17   |
|       j_reg_314       |    9   |
|   joint_addr_reg_364  |   16   |
|     or_ln2_reg_374    |   512  |
|   phi_ln119_reg_307   |   480  |
|  select_ln117_reg_349 |    9   |
|sext_ln117_cast_reg_335|   64   |
|  trunc_ln119_reg_354  |    8   |
+-----------------------+--------+
|         Total         |  1639  |
+-----------------------+--------+

* Multiplexer (MUX) list: 
|-------------------|------|------|------|--------||---------||---------|
|        Comp       |  Pin | Size |  BW  | S x BW ||  Delay  ||   LUT   |
|-------------------|------|------|------|--------||---------||---------|
| grp_access_fu_119 |  p0  |   2  |  16  |   32   ||    15   |
|-------------------|------|------|------|--------||---------||---------|
|       Total       |      |      |      |   32   ||  0.394  ||    15   |
|-------------------|------|------|------|--------||---------||---------|



* Summary:
+-----------+--------+--------+--------+
|           |  Delay |   FF   |   LUT  |
+-----------+--------+--------+--------+
|  Function |    -   |    0   |   572  |
|   Memory  |    -   |    -   |    -   |
|Multiplexer|    0   |    -   |   15   |
|  Register |    -   |  1639  |    -   |
+-----------+--------+--------+--------+
|   Total   |    0   |  1639  |   587  |
+-----------+--------+--------+--------+
