Copyright 1986-2023 Xilinx, Inc. All Rights Reserved.
-----------------------------------------------------------------------------------------------------------------------------------------------------------------------------------------------------------------------------------------------------------------------------------------
| Tool Version : Vivado v.2022.2.2 (lin64) Build 3788238 Tue Feb 21 19:59:23 MST 2023
| Date         : Sun Jun 30 19:38:34 2024
| Host         : nags27 running 64-bit Ubuntu 20.04.6 LTS
| Command      : report_accelerator_utilization -kernels { setup_aie:top_i/ulp/setup_aie_0/inst:setup_aie_0 setup_aie:top_i/ulp/setup_aie_1/inst:setup_aie_1 sink_from_aie:top_i/ulp/sink_from_aie_0/inst:sink_from_aie_0} -file kernel_util_synthed.rpt -name kernel_util_synthed -json
| Design       : top_wrapper
| Device       : xcvc1902
| Design State : Synthesized
-----------------------------------------------------------------------------------------------------------------------------------------------------------------------------------------------------------------------------------------------------------------------------------------

Accelerator Utilization Design Information

Table of Contents
-----------------
1. System Utilization

1. System Utilization
---------------------

+---------------------+-------------------+------------------+------------------+---------------+---------------+
| Name                | REG               | LUT              | LUTAsMem         | BRAM          | URAM          |
+---------------------+-------------------+------------------+------------------+---------------+---------------+
| Platform            |   39411 [  2.19%] |  25313 [  2.81%] |   3634 [  0.81%] |  32 [  3.31%] |   0 [  0.00%] |
| User Budget         | 1760269 [100.00%] | 874527 [100.00%] | 446286 [100.00%] | 935 [100.00%] | 463 [100.00%] |
|    Used Resources   |    7768 [  0.44%] |   5448 [  0.62%] |   1175 [  0.26%] |  13 [  1.39%] |   8 [  1.73%] |
|    Unused Resources | 1752501 [ 99.56%] | 869079 [ 99.38%] | 445111 [ 99.74%] | 922 [ 98.61%] | 455 [ 98.27%] |
| setup_aie           |    3280 [  0.19%] |   2354 [  0.27%] |    350 [  0.08%] |   4 [  0.43%] |   0 [  0.00%] |
|    setup_aie_0      |    1640 [  0.09%] |   1177 [  0.13%] |    175 [  0.04%] |   2 [  0.21%] |   0 [  0.00%] |
|    setup_aie_1      |    1640 [  0.09%] |   1177 [  0.13%] |    175 [  0.04%] |   2 [  0.21%] |   0 [  0.00%] |
| sink_from_aie       |    4488 [  0.25%] |   3094 [  0.35%] |    825 [  0.18%] |   9 [  0.96%] |   8 [  1.73%] |
|    sink_from_aie_0  |    4488 [  0.25%] |   3094 [  0.35%] |    825 [  0.18%] |   9 [  0.96%] |   8 [  1.73%] |
+---------------------+-------------------+------------------+------------------+---------------+---------------+


