Copyright 1986-2023 Xilinx, Inc. All Rights Reserved.
---------------------------------------------------------------------------------------------------------------------------------------------------------------------------------------------------------------------------------------------------------------------------------------
| Tool Version : Vivado v.2022.2.2 (lin64) Build 3788238 Tue Feb 21 19:59:23 MST 2023
| Date         : Sun Jun 30 20:38:39 2024
| Host         : nags27 running 64-bit Ubuntu 20.04.6 LTS
| Command      : report_accelerator_utilization -kernels { setup_aie:top_i/ulp/setup_aie_0/inst:setup_aie_0 setup_aie:top_i/ulp/setup_aie_1/inst:setup_aie_1 sink_from_aie:top_i/ulp/sink_from_aie_0/inst:sink_from_aie_0} -file kernel_util_placed.rpt -name kernel_util_placed -json
| Design       : top_wrapper
| Device       : xcvc1902
| Design State : Fully Placed
---------------------------------------------------------------------------------------------------------------------------------------------------------------------------------------------------------------------------------------------------------------------------------------

Accelerator Utilization Design Information

Table of Contents
-----------------
1. System Utilization

1. System Utilization
---------------------

+---------------------+-------------------+------------------+------------------+---------------+---------------+
| Name                | REG               | LUT              | LUTAsMem         | BRAM          | URAM          |
+---------------------+-------------------+------------------+------------------+---------------+---------------+
| Platform            |   31660 [  1.76%] |  20722 [  2.30%] |   2503 [  0.56%] |  32 [  3.31%] |   0 [  0.00%] |
| User Budget         | 1768020 [100.00%] | 879118 [100.00%] | 447417 [100.00%] | 935 [100.00%] | 463 [100.00%] |
|    Used Resources   |    7754 [  0.44%] |   5052 [  0.57%] |    857 [  0.19%] |  13 [  1.39%] |   8 [  1.73%] |
|    Unused Resources | 1760266 [ 99.56%] | 874066 [ 99.43%] | 446560 [ 99.81%] | 922 [ 98.61%] | 455 [ 98.27%] |
| setup_aie           |    3268 [  0.18%] |   2327 [  0.26%] |    350 [  0.08%] |   4 [  0.43%] |   0 [  0.00%] |
|    setup_aie_0      |    1634 [  0.09%] |   1164 [  0.13%] |    175 [  0.04%] |   2 [  0.21%] |   0 [  0.00%] |
|    setup_aie_1      |    1634 [  0.09%] |   1163 [  0.13%] |    175 [  0.04%] |   2 [  0.21%] |   0 [  0.00%] |
| sink_from_aie       |    4486 [  0.25%] |   2725 [  0.31%] |    507 [  0.11%] |   9 [  0.96%] |   8 [  1.73%] |
|    sink_from_aie_0  |    4486 [  0.25%] |   2725 [  0.31%] |    507 [  0.11%] |   9 [  0.96%] |   8 [  1.73%] |
+---------------------+-------------------+------------------+------------------+---------------+---------------+


