

================================================================
== Synthesis Summary Report of 'setup_aie'
================================================================
+ General Information: 
    * Date:           Sun Jun 30 17:16:09 2024
    * Version:        2022.2.2 (Build 3779808 on Feb 17 2023)
    * Project:        setup_aie
    * Solution:       solution (Vitis Kernel Flow Target)
    * Product family: versal
    * Target device:  xcvc1902-vsvd1760-2MP-e-S
    

+ Performance & Resource Estimates: 
    
    PS: '+' for module; 'o' for loop; '*' for dataflow
    +---------------------------------------+--------+-------+---------+---------+----------+---------+------+----------+------+----+------------+------------+-----+
    |                Modules                |  Issue |       | Latency | Latency | Iteration|         | Trip |          |      |    |            |            |     |
    |                & Loops                |  Type  | Slack | (cycles)|   (ns)  |  Latency | Interval| Count| Pipelined| BRAM | DSP|     FF     |     LUT    | URAM|
    +---------------------------------------+--------+-------+---------+---------+----------+---------+------+----------+------+----+------------+------------+-----+
    |+ setup_aie                            |  Timing|  -0.00|       99|  329.967|         -|      100|     -|        no|     -|   -|  9167 (~0%)|  16086 (1%)|    -|
    | + setup_aie_Pipeline_VITIS_LOOP_48_1  |       -|   1.38|       24|   79.992|         -|       24|     -|        no|     -|   -|     8 (~0%)|    35 (~0%)|    -|
    |  o VITIS_LOOP_48_1                    |       -|   2.43|       22|   73.326|         2|        1|    22|       yes|     -|   -|           -|           -|    -|
    +---------------------------------------+--------+-------+---------+---------+----------+---------+------+----------+------+----+------------+------------+-----+


================================================================
== HW Interfaces
================================================================
* M_AXI
+-------------+--------------+---------------+---------+--------+----------+-----------+--------------+--------------+-------------+-------------+
| Interface   | Data Width   | Address Width | Latency | Offset | Register | Max Widen | Max Read     | Max Write    | Num Read    | Num Write   |
|             | (SW->HW)     |               |         |        |          | Bitwidth  | Burst Length | Burst Length | Outstanding | Outstanding |
+-------------+--------------+---------------+---------+--------+----------+-----------+--------------+--------------+-------------+-------------+
| m_axi_gmem0 | 1024 -> 1024 | 64            | 64      | slave  | 0        | 512       | 16           | 16           | 16          | 16          |
+-------------+--------------+---------------+---------+--------+----------+-----------+--------------+--------------+-------------+-------------+

* S_AXILITE Interfaces
+---------------+------------+---------------+--------+----------+
| Interface     | Data Width | Address Width | Offset | Register |
+---------------+------------+---------------+--------+----------+
| s_axi_control | 32         | 6             | 16     | 0        |
+---------------+------------+---------------+--------+----------+

* S_AXILITE Registers
+---------------+-----------+--------+-------+--------+----------------------------------+------------------------------------------------------------------------------------+
| Interface     | Register  | Offset | Width | Access | Description                      | Bit Fields                                                                         |
+---------------+-----------+--------+-------+--------+----------------------------------+------------------------------------------------------------------------------------+
| s_axi_control | CTRL      | 0x00   | 32    | RW     | Control signals                  | 0=AP_START 1=AP_DONE 2=AP_IDLE 3=AP_READY 4=AP_CONTINUE 7=AUTO_RESTART 9=INTERRUPT |
| s_axi_control | GIER      | 0x04   | 32    | RW     | Global Interrupt Enable Register | 0=Enable                                                                           |
| s_axi_control | IP_IER    | 0x08   | 32    | RW     | IP Interrupt Enable Register     | 0=CHAN0_INT_EN 1=CHAN1_INT_EN                                                      |
| s_axi_control | IP_ISR    | 0x0c   | 32    | RW     | IP Interrupt Status Register     | 0=CHAN0_INT_ST 1=CHAN1_INT_ST                                                      |
| s_axi_control | size      | 0x10   | 32    | W      | Data signal of size              |                                                                                    |
| s_axi_control | input_r_1 | 0x18   | 32    | W      | Data signal of input_r           |                                                                                    |
| s_axi_control | input_r_2 | 0x1c   | 32    | W      | Data signal of input_r           |                                                                                    |
+---------------+-----------+--------+-------+--------+----------------------------------+------------------------------------------------------------------------------------+

* AXIS
+-----------+---------------+-------+--------+--------+
| Interface | Register Mode | TDATA | TREADY | TVALID |
+-----------+---------------+-------+--------+--------+
| s         | both          | 128   | 1      | 1      |
+-----------+---------------+-------+--------+--------+

* Other Ports
+-------------+----------+
| Interface   | Bitwidth |
+-------------+----------+
| event_done  | 1        |
| event_start | 1        |
+-------------+----------+

* TOP LEVEL CONTROL
+-----------+---------------+-----------+
| Interface | Type          | Ports     |
+-----------+---------------+-----------+
| ap_clk    | clock         | ap_clk    |
| ap_rst_n  | reset         | ap_rst_n  |
| interrupt | interrupt     | interrupt |
| ap_ctrl   | ap_ctrl_chain |           |
+-----------+---------------+-----------+


================================================================
== SW I/O Information
================================================================
* Top Function Arguments
+----------+-----------+-------------------------+
| Argument | Direction | Datatype                |
+----------+-----------+-------------------------+
| size     | in        | int                     |
| input    | in        | ap_uint<1024>*          |
| s        | out       | stream<ap_int<128>, 0>& |
+----------+-----------+-------------------------+

* SW-to-HW Mapping
+----------+---------------+-----------+----------+--------------------------------+
| Argument | HW Interface  | HW Type   | HW Usage | HW Info                        |
+----------+---------------+-----------+----------+--------------------------------+
| size     | s_axi_control | register  |          | name=size offset=0x10 range=32 |
| input    | m_axi_gmem0   | interface |          |                                |
| input    | s_axi_control | interface | offset   |                                |
| s        | s             | interface |          |                                |
+----------+---------------+-----------+----------+--------------------------------+


================================================================
== Bind Op Report
================================================================
+---------------------------------------+-----+--------+----------+-----+--------+---------+
| Name                                  | DSP | Pragma | Variable | Op  | Impl   | Latency |
+---------------------------------------+-----+--------+----------+-----+--------+---------+
| + setup_aie                           | 0   |        |          |     |        |         |
|   add_ln48_fu_167_p2                  | -   |        | add_ln48 | add | fabric | 0       |
|  + setup_aie_Pipeline_VITIS_LOOP_48_1 | 0   |        |          |     |        |         |
|    j_1_fu_77_p2                       | -   |        | j_1      | add | fabric | 0       |
+---------------------------------------+-----+--------+----------+-----+--------+---------+


================================================================
== Bind Storage Report
================================================================
  No bind storage info in design

================================================================
== Pragma Report
================================================================
* Valid Pragma Syntax
+-----------+------------------------------------------------------+------------------------------------------------+
| Type      | Options                                              | Location                                       |
+-----------+------------------------------------------------------+------------------------------------------------+
| interface | m_axi port=input depth=100 offset=slave bundle=gmem0 | ../../../setup_aie.cpp:35 in setup_aie, input  |
| interface | axis port=s                                          | ../../../setup_aie.cpp:36 in setup_aie, s      |
| interface | s_axilite port=input bundle=control                  | ../../../setup_aie.cpp:37 in setup_aie, input  |
| interface | s_axilite port=size bundle=control                   | ../../../setup_aie.cpp:38 in setup_aie, size   |
| interface | s_axilite port=return bundle=control                 | ../../../setup_aie.cpp:39 in setup_aie, return |
+-----------+------------------------------------------------------+------------------------------------------------+


